<?xml version="1.0" encoding="UTF-8"?>
<coverage generated="1487097969432" clover="3.2.0">
  <project timestamp="1487097969432" name="All files">
    <metrics statements="281" coveredstatements="130" conditionals="91" coveredconditionals="32" methods="121" coveredmethods="20" elements="493" coveredelements="182" complexity="0" loc="281" ncloc="281" packages="4" files="17" classes="17">
      <package name="actions">
        <metrics statements="101" coveredstatements="5" conditionals="26" coveredconditionals="0" methods="66" coveredmethods="3"/>
        <file name="challenges.js" path="/Users/jzimmerman/github/bestrida-rn/src/actions/challenges.js">
          <metrics statements="76" coveredstatements="4" conditionals="26" coveredconditionals="0" methods="45" coveredmethods="3"/>
          <line num="4" count="5" type="stmt"/>
          <line num="7" count="0" type="stmt"/>
          <line num="11" count="0" type="stmt"/>
          <line num="12" count="0" type="stmt"/>
          <line num="13" count="0" type="stmt"/>
          <line num="14" count="0" type="stmt"/>
          <line num="17" count="0" type="stmt"/>
          <line num="19" count="0" type="stmt"/>
          <line num="20" count="0" type="stmt"/>
          <line num="22" count="0" type="stmt"/>
          <line num="24" count="0" type="stmt"/>
          <line num="26" count="0" type="stmt"/>
          <line num="27" count="0" type="stmt"/>
          <line num="29" count="0" type="stmt"/>
          <line num="33" count="0" type="stmt"/>
          <line num="34" count="0" type="stmt"/>
          <line num="36" count="0" type="stmt"/>
          <line num="40" count="0" type="stmt"/>
          <line num="42" count="0" type="stmt"/>
          <line num="43" count="0" type="stmt"/>
          <line num="44" count="0" type="stmt"/>
          <line num="45" count="0" type="stmt"/>
          <line num="46" count="0" type="stmt"/>
          <line num="48" count="0" type="stmt"/>
          <line num="51" count="0" type="stmt"/>
          <line num="53" count="0" type="stmt"/>
          <line num="54" count="0" type="stmt"/>
          <line num="56" count="0" type="stmt"/>
          <line num="60" count="1" type="stmt"/>
          <line num="61" count="0" type="stmt"/>
          <line num="65" count="0" type="stmt"/>
          <line num="70" count="0" type="stmt"/>
          <line num="71" count="0" type="stmt"/>
          <line num="73" count="0" type="stmt"/>
          <line num="82" count="0" type="stmt"/>
          <line num="94" count="1" type="stmt"/>
          <line num="95" count="0" type="stmt"/>
          <line num="99" count="0" type="stmt"/>
          <line num="104" count="0" type="stmt"/>
          <line num="105" count="0" type="stmt"/>
          <line num="107" count="0" type="stmt"/>
          <line num="116" count="0" type="stmt"/>
          <line num="128" count="1" type="stmt"/>
          <line num="129" count="0" type="stmt"/>
          <line num="133" count="0" type="stmt"/>
          <line num="138" count="0" type="stmt"/>
          <line num="139" count="0" type="stmt"/>
          <line num="140" count="0" type="stmt"/>
          <line num="142" count="0" type="stmt"/>
          <line num="151" count="0" type="stmt"/>
          <line num="163" count="0" type="stmt"/>
          <line num="164" count="0" type="stmt"/>
          <line num="174" count="0" type="stmt"/>
          <line num="176" count="0" type="stmt"/>
          <line num="186" count="0" type="stmt"/>
          <line num="197" count="0" type="stmt"/>
          <line num="198" count="0" type="stmt"/>
          <line num="208" count="0" type="stmt"/>
          <line num="210" count="0" type="stmt"/>
          <line num="219" count="0" type="stmt"/>
          <line num="230" count="0" type="stmt"/>
          <line num="231" count="0" type="stmt"/>
          <line num="242" count="0" type="stmt"/>
          <line num="244" count="0" type="stmt"/>
          <line num="245" count="0" type="stmt"/>
          <line num="246" count="0" type="stmt"/>
          <line num="248" count="0" type="stmt"/>
          <line num="255" count="0" type="stmt"/>
          <line num="265" count="0" type="stmt"/>
          <line num="276" count="0" type="stmt"/>
          <line num="277" count="0" type="stmt"/>
          <line num="282" count="0" type="stmt"/>
          <line num="283" count="0" type="stmt"/>
          <line num="301" count="0" type="stmt"/>
          <line num="303" count="0" type="stmt"/>
          <line num="311" count="0" type="stmt"/>
        </file>
        <file name="navigation.js" path="/Users/jzimmerman/github/bestrida-rn/src/actions/navigation.js">
          <metrics statements="2" coveredstatements="0" conditionals="0" coveredconditionals="0" methods="2" coveredmethods="0"/>
          <line num="4" count="0" type="stmt"/>
          <line num="5" count="0" type="stmt"/>
        </file>
        <file name="user.js" path="/Users/jzimmerman/github/bestrida-rn/src/actions/user.js">
          <metrics statements="23" coveredstatements="1" conditionals="0" coveredconditionals="0" methods="19" coveredmethods="0"/>
          <line num="3" count="1" type="stmt"/>
          <line num="6" count="0" type="stmt"/>
          <line num="7" count="0" type="stmt"/>
          <line num="19" count="0" type="stmt"/>
          <line num="20" count="0" type="stmt"/>
          <line num="32" count="0" type="stmt"/>
          <line num="33" count="0" type="stmt"/>
          <line num="37" count="0" type="stmt"/>
          <line num="42" count="0" type="stmt"/>
          <line num="44" count="0" type="stmt"/>
          <line num="50" count="0" type="stmt"/>
          <line num="59" count="0" type="stmt"/>
          <line num="60" count="0" type="stmt"/>
          <line num="64" count="0" type="stmt"/>
          <line num="69" count="0" type="stmt"/>
          <line num="71" count="0" type="stmt"/>
          <line num="77" count="0" type="stmt"/>
          <line num="86" count="0" type="stmt"/>
          <line num="87" count="0" type="stmt"/>
          <line num="91" count="0" type="stmt"/>
          <line num="96" count="0" type="stmt"/>
          <line num="98" count="0" type="stmt"/>
          <line num="104" count="0" type="stmt"/>
        </file>
      </package>
      <package name="components">
        <metrics statements="134" coveredstatements="83" conditionals="57" coveredconditionals="28" methods="55" coveredmethods="17"/>
        <file name="ActiveChallengeDetail.js" path="/Users/jzimmerman/github/bestrida-rn/src/components/ActiveChallengeDetail.js">
          <metrics statements="12" coveredstatements="7" conditionals="4" coveredconditionals="3" methods="5" coveredmethods="2"/>
          <line num="14" count="1" type="stmt"/>
          <line num="15" count="1" type="stmt"/>
          <line num="19" count="0" type="stmt"/>
          <line num="20" count="0" type="stmt"/>
          <line num="21" count="0" type="stmt"/>
          <line num="22" count="0" type="stmt"/>
          <line num="26" count="1" type="stmt"/>
          <line num="27" count="1" type="stmt"/>
          <line num="86" count="0" type="stmt"/>
          <line num="96" count="2" type="stmt"/>
          <line num="98" count="2" type="stmt"/>
          <line num="105" count="2" type="stmt"/>
        </file>
        <file name="ActiveChallenges.js" path="/Users/jzimmerman/github/bestrida-rn/src/components/ActiveChallenges.js">
          <metrics statements="22" coveredstatements="14" conditionals="4" coveredconditionals="1" methods="11" coveredmethods="3"/>
          <line num="16" count="1" type="stmt"/>
          <line num="17" count="1" type="stmt"/>
          <line num="21" count="1" type="stmt"/>
          <line num="23" count="1" type="stmt"/>
          <line num="27" count="1" type="stmt"/>
          <line num="28" count="1" type="stmt"/>
          <line num="29" count="1" type="stmt"/>
          <line num="33" count="1" type="stmt"/>
          <line num="34" count="1" type="stmt"/>
          <line num="40" count="0" type="stmt"/>
          <line num="46" count="0" type="stmt"/>
          <line num="53" count="0" type="stmt"/>
          <line num="54" count="0" type="stmt"/>
          <line num="55" count="0" type="stmt"/>
          <line num="62" count="0" type="stmt"/>
          <line num="67" count="1" type="stmt"/>
          <line num="68" count="0" type="stmt"/>
          <line num="85" count="1" type="stmt"/>
          <line num="100" count="0" type="stmt"/>
          <line num="127" count="1" type="stmt"/>
          <line num="129" count="1" type="stmt"/>
          <line num="141" count="1" type="stmt"/>
        </file>
        <file name="ChallengeFeed.js" path="/Users/jzimmerman/github/bestrida-rn/src/components/ChallengeFeed.js">
          <metrics statements="30" coveredstatements="15" conditionals="4" coveredconditionals="0" methods="15" coveredmethods="3"/>
          <line num="18" count="1" type="stmt"/>
          <line num="20" count="1" type="stmt"/>
          <line num="24" count="1" type="stmt"/>
          <line num="26" count="1" type="stmt"/>
          <line num="30" count="1" type="stmt"/>
          <line num="31" count="1" type="stmt"/>
          <line num="32" count="1" type="stmt"/>
          <line num="33" count="1" type="stmt"/>
          <line num="34" count="1" type="stmt"/>
          <line num="38" count="1" type="stmt"/>
          <line num="39" count="1" type="stmt"/>
          <line num="45" count="0" type="stmt"/>
          <line num="51" count="0" type="stmt"/>
          <line num="58" count="0" type="stmt"/>
          <line num="62" count="0" type="stmt"/>
          <line num="63" count="0" type="stmt"/>
          <line num="64" count="0" type="stmt"/>
          <line num="71" count="0" type="stmt"/>
          <line num="72" count="0" type="stmt"/>
          <line num="73" count="0" type="stmt"/>
          <line num="80" count="0" type="stmt"/>
          <line num="81" count="0" type="stmt"/>
          <line num="82" count="0" type="stmt"/>
          <line num="89" count="1" type="stmt"/>
          <line num="111" count="0" type="stmt"/>
          <line num="132" count="0" type="stmt"/>
          <line num="137" count="0" type="stmt"/>
          <line num="153" count="1" type="stmt"/>
          <line num="155" count="1" type="stmt"/>
          <line num="166" count="1" type="stmt"/>
        </file>
        <file name="CompletedChallengeDetail.js" path="/Users/jzimmerman/github/bestrida-rn/src/components/CompletedChallengeDetail.js">
          <metrics statements="21" coveredstatements="19" conditionals="33" coveredconditionals="17" methods="2" coveredmethods="2"/>
          <line num="12" count="2" type="stmt"/>
          <line num="13" count="2" type="stmt"/>
          <line num="15" count="2" type="stmt"/>
          <line num="16" count="2" type="stmt"/>
          <line num="18" count="2" type="stmt"/>
          <line num="19" count="2" type="stmt"/>
          <line num="21" count="2" type="stmt"/>
          <line num="22" count="2" type="stmt"/>
          <line num="23" count="2" type="stmt"/>
          <line num="27" count="2" type="stmt"/>
          <line num="28" count="2" type="stmt"/>
          <line num="30" count="0" type="stmt"/>
          <line num="32" count="2" type="stmt"/>
          <line num="35" count="2" type="stmt"/>
          <line num="36" count="1" type="stmt"/>
          <line num="39" count="1" type="stmt"/>
          <line num="41" count="0" type="stmt"/>
          <line num="51" count="1" type="stmt"/>
          <line num="130" count="1" type="stmt"/>
          <line num="134" count="2" type="stmt"/>
          <line num="136" count="2" type="stmt"/>
        </file>
        <file name="CompletedChallenges.js" path="/Users/jzimmerman/github/bestrida-rn/src/components/CompletedChallenges.js">
          <metrics statements="20" coveredstatements="12" conditionals="2" coveredconditionals="0" methods="10" coveredmethods="3"/>
          <line num="16" count="1" type="stmt"/>
          <line num="17" count="1" type="stmt"/>
          <line num="21" count="1" type="stmt"/>
          <line num="23" count="1" type="stmt"/>
          <line num="27" count="1" type="stmt"/>
          <line num="28" count="1" type="stmt"/>
          <line num="32" count="1" type="stmt"/>
          <line num="33" count="1" type="stmt"/>
          <line num="39" count="0" type="stmt"/>
          <line num="45" count="0" type="stmt"/>
          <line num="46" count="0" type="stmt"/>
          <line num="53" count="0" type="stmt"/>
          <line num="54" count="0" type="stmt"/>
          <line num="55" count="0" type="stmt"/>
          <line num="56" count="0" type="stmt"/>
          <line num="63" count="1" type="stmt"/>
          <line num="77" count="0" type="stmt"/>
          <line num="106" count="1" type="stmt"/>
          <line num="108" count="1" type="stmt"/>
          <line num="119" count="1" type="stmt"/>
        </file>
        <file name="PendingChallengeDetail.js" path="/Users/jzimmerman/github/bestrida-rn/src/components/PendingChallengeDetail.js">
          <metrics statements="19" coveredstatements="8" conditionals="8" coveredconditionals="6" methods="8" coveredmethods="2"/>
          <line num="15" count="1" type="stmt"/>
          <line num="16" count="1" type="stmt"/>
          <line num="17" count="1" type="stmt"/>
          <line num="21" count="0" type="stmt"/>
          <line num="22" count="0" type="stmt"/>
          <line num="23" count="0" type="stmt"/>
          <line num="24" count="0" type="stmt"/>
          <line num="28" count="0" type="stmt"/>
          <line num="29" count="0" type="stmt"/>
          <line num="30" count="0" type="stmt"/>
          <line num="31" count="0" type="stmt"/>
          <line num="35" count="1" type="stmt"/>
          <line num="36" count="1" type="stmt"/>
          <line num="95" count="0" type="stmt"/>
          <line num="100" count="0" type="stmt"/>
          <line num="106" count="0" type="stmt"/>
          <line num="116" count="2" type="stmt"/>
          <line num="118" count="2" type="stmt"/>
          <line num="125" count="2" type="stmt"/>
        </file>
        <file name="Settings.js" path="/Users/jzimmerman/github/bestrida-rn/src/components/Settings.js">
          <metrics statements="10" coveredstatements="8" conditionals="2" coveredconditionals="1" methods="4" coveredmethods="2"/>
          <line num="15" count="1" type="stmt"/>
          <line num="16" count="1" type="stmt"/>
          <line num="35" count="1" type="stmt"/>
          <line num="36" count="1" type="stmt"/>
          <line num="40" count="0" type="stmt"/>
          <line num="41" count="0" type="stmt"/>
          <line num="45" count="1" type="stmt"/>
          <line num="56" count="1" type="stmt"/>
          <line num="58" count="1" type="stmt"/>
          <line num="63" count="1" type="stmt"/>
        </file>
      </package>
      <package name="constants">
        <metrics statements="29" coveredstatements="29" conditionals="0" coveredconditionals="0" methods="0" coveredmethods="0"/>
        <file name="challenges.js" path="/Users/jzimmerman/github/bestrida-rn/src/constants/challenges.js">
          <metrics statements="18" coveredstatements="18" conditionals="0" coveredconditionals="0" methods="0" coveredmethods="0"/>
          <line num="1" count="5" type="stmt"/>
          <line num="2" count="5" type="stmt"/>
          <line num="3" count="5" type="stmt"/>
          <line num="4" count="5" type="stmt"/>
          <line num="5" count="5" type="stmt"/>
          <line num="6" count="5" type="stmt"/>
          <line num="7" count="5" type="stmt"/>
          <line num="8" count="5" type="stmt"/>
          <line num="9" count="5" type="stmt"/>
          <line num="10" count="5" type="stmt"/>
          <line num="11" count="5" type="stmt"/>
          <line num="12" count="5" type="stmt"/>
          <line num="13" count="5" type="stmt"/>
          <line num="14" count="5" type="stmt"/>
          <line num="15" count="5" type="stmt"/>
          <line num="16" count="5" type="stmt"/>
          <line num="17" count="5" type="stmt"/>
          <line num="18" count="5" type="stmt"/>
        </file>
        <file name="navigation.js" path="/Users/jzimmerman/github/bestrida-rn/src/constants/navigation.js">
          <metrics statements="1" coveredstatements="1" conditionals="0" coveredconditionals="0" methods="0" coveredmethods="0"/>
          <line num="1" count="6" type="stmt"/>
        </file>
        <file name="user.js" path="/Users/jzimmerman/github/bestrida-rn/src/constants/user.js">
          <metrics statements="10" coveredstatements="10" conditionals="0" coveredconditionals="0" methods="0" coveredmethods="0"/>
          <line num="1" count="1" type="stmt"/>
          <line num="2" count="1" type="stmt"/>
          <line num="3" count="1" type="stmt"/>
          <line num="4" count="1" type="stmt"/>
          <line num="5" count="1" type="stmt"/>
          <line num="6" count="1" type="stmt"/>
          <line num="7" count="1" type="stmt"/>
          <line num="8" count="1" type="stmt"/>
          <line num="9" count="1" type="stmt"/>
          <line num="10" count="1" type="stmt"/>
        </file>
      </package>
      <package name="styles">
        <metrics statements="17" coveredstatements="13" conditionals="8" coveredconditionals="4" methods="0" coveredmethods="0"/>
        <file name="completedStyles.js" path="/Users/jzimmerman/github/bestrida-rn/src/styles/completedStyles.js">
          <metrics statements="4" coveredstatements="3" conditionals="2" coveredconditionals="1" methods="0" coveredmethods="0"/>
          <line num="4" count="2" type="stmt"/>
          <line num="5" count="2" type="stmt"/>
          <line num="47" count="0" type="stmt"/>
          <line num="90" count="2" type="stmt"/>
        </file>
        <file name="feedStyles.js" path="/Users/jzimmerman/github/bestrida-rn/src/styles/feedStyles.js">
          <metrics statements="4" coveredstatements="3" conditionals="2" coveredconditionals="1" methods="0" coveredmethods="0"/>
          <line num="4" count="1" type="stmt"/>
          <line num="5" count="1" type="stmt"/>
          <line num="70" count="0" type="stmt"/>
          <line num="136" count="1" type="stmt"/>
        </file>
        <file name="pendingStyles.js" path="/Users/jzimmerman/github/bestrida-rn/src/styles/pendingStyles.js">
          <metrics statements="4" coveredstatements="3" conditionals="2" coveredconditionals="1" methods="0" coveredmethods="0"/>
          <line num="4" count="2" type="stmt"/>
          <line num="5" count="2" type="stmt"/>
          <line num="45" count="0" type="stmt"/>
          <line num="88" count="2" type="stmt"/>
        </file>
        <file name="styles.js" path="/Users/jzimmerman/github/bestrida-rn/src/styles/styles.js">
          <metrics statements="5" coveredstatements="4" conditionals="2" coveredconditionals="1" methods="0" coveredmethods="0"/>
          <line num="3" count="7" type="stmt"/>
          <line num="5" count="7" type="stmt"/>
          <line num="6" count="7" type="stmt"/>
          <line num="157" count="0" type="stmt"/>
          <line num="309" count="7" type="stmt"/>
        </file>
      </package>
    </metrics>
  </project>
</coverage>
