{"/Users/justin/github/bestrida-rn/src/actions/challenges.js": {"path":"/Users/justin/github/bestrida-rn/src/actions/challenges.js","statementMap":{"0":{"start":{"line":6,"column":38},"end":{"line":40,"column":4}},"1":{"start":{"line":10,"column":4},"end":{"line":14,"column":5}},"2":{"start":{"line":11,"column":6},"end":{"line":11,"column":47}},"3":{"start":{"line":12,"column":11},"end":{"line":14,"column":5}},"4":{"start":{"line":13,"column":6},"end":{"line":13,"column":47}},"5":{"start":{"line":16,"column":4},"end":{"line":36,"column":5}},"6":{"start":{"line":18,"column":6},"end":{"line":25,"column":7}},"7":{"start":{"line":22,"column":8},"end":{"line":22,"column":43}},"8":{"start":{"line":24,"column":8},"end":{"line":24,"column":60}},"9":{"start":{"line":26,"column":11},"end":{"line":36,"column":5}},"10":{"start":{"line":28,"column":6},"end":{"line":35,"column":7}},"11":{"start":{"line":32,"column":8},"end":{"line":32,"column":43}},"12":{"start":{"line":34,"column":8},"end":{"line":34,"column":60}},"13":{"start":{"line":38,"column":30},"end":{"line":38,"column":75}},"14":{"start":{"line":39,"column":4},"end":{"line":39,"column":29}},"15":{"start":{"line":41,"column":2},"end":{"line":41,"column":37}},"16":{"start":{"line":45,"column":36},"end":{"line":60,"column":4}},"17":{"start":{"line":47,"column":4},"end":{"line":57,"column":5}},"18":{"start":{"line":48,"column":6},"end":{"line":54,"column":7}},"19":{"start":{"line":49,"column":8},"end":{"line":49,"column":52}},"20":{"start":{"line":50,"column":13},"end":{"line":54,"column":7}},"21":{"start":{"line":51,"column":8},"end":{"line":51,"column":53}},"22":{"start":{"line":53,"column":8},"end":{"line":53,"column":65}},"23":{"start":{"line":56,"column":6},"end":{"line":56,"column":48}},"24":{"start":{"line":58,"column":28},"end":{"line":58,"column":61}},"25":{"start":{"line":59,"column":4},"end":{"line":59,"column":27}},"26":{"start":{"line":61,"column":2},"end":{"line":61,"column":35}},"27":{"start":{"line":65,"column":2},"end":{"line":95,"column":4}},"28":{"start":{"line":66,"column":4},"end":{"line":69,"column":7}},"29":{"start":{"line":70,"column":4},"end":{"line":94,"column":9}},"30":{"start":{"line":75,"column":24},"end":{"line":75,"column":39}},"31":{"start":{"line":76,"column":26},"end":{"line":76,"column":63}},"32":{"start":{"line":78,"column":8},"end":{"line":84,"column":11}},"33":{"start":{"line":87,"column":8},"end":{"line":93,"column":11}},"34":{"start":{"line":99,"column":2},"end":{"line":129,"column":4}},"35":{"start":{"line":100,"column":4},"end":{"line":103,"column":7}},"36":{"start":{"line":104,"column":4},"end":{"line":128,"column":9}},"37":{"start":{"line":109,"column":24},"end":{"line":109,"column":39}},"38":{"start":{"line":110,"column":26},"end":{"line":110,"column":63}},"39":{"start":{"line":112,"column":8},"end":{"line":118,"column":11}},"40":{"start":{"line":121,"column":8},"end":{"line":127,"column":11}},"41":{"start":{"line":133,"column":2},"end":{"line":164,"column":4}},"42":{"start":{"line":134,"column":4},"end":{"line":137,"column":7}},"43":{"start":{"line":138,"column":4},"end":{"line":163,"column":9}},"44":{"start":{"line":143,"column":24},"end":{"line":143,"column":39}},"45":{"start":{"line":144,"column":26},"end":{"line":144,"column":63}},"46":{"start":{"line":145,"column":34},"end":{"line":145,"column":78}},"47":{"start":{"line":147,"column":8},"end":{"line":153,"column":11}},"48":{"start":{"line":156,"column":8},"end":{"line":162,"column":11}},"49":{"start":{"line":168,"column":2},"end":{"line":200,"column":4}},"50":{"start":{"line":169,"column":4},"end":{"line":199,"column":9}},"51":{"start":{"line":179,"column":24},"end":{"line":179,"column":39}},"52":{"start":{"line":181,"column":8},"end":{"line":186,"column":11}},"53":{"start":{"line":187,"column":8},"end":{"line":187,"column":80}},"54":{"start":{"line":188,"column":8},"end":{"line":188,"column":43}},"55":{"start":{"line":192,"column":8},"end":{"line":197,"column":11}},"56":{"start":{"line":198,"column":8},"end":{"line":198,"column":80}},"57":{"start":{"line":204,"column":2},"end":{"line":241,"column":4}},"58":{"start":{"line":205,"column":4},"end":{"line":240,"column":9}},"59":{"start":{"line":215,"column":24},"end":{"line":215,"column":39}},"60":{"start":{"line":217,"column":8},"end":{"line":222,"column":11}},"61":{"start":{"line":223,"column":8},"end":{"line":226,"column":11}},"62":{"start":{"line":227,"column":8},"end":{"line":227,"column":44}},"63":{"start":{"line":230,"column":8},"end":{"line":235,"column":11}},"64":{"start":{"line":236,"column":8},"end":{"line":239,"column":11}},"65":{"start":{"line":245,"column":2},"end":{"line":299,"column":4}},"66":{"start":{"line":246,"column":4},"end":{"line":298,"column":9}},"67":{"start":{"line":257,"column":24},"end":{"line":257,"column":39}},"68":{"start":{"line":259,"column":8},"end":{"line":284,"column":9}},"69":{"start":{"line":260,"column":10},"end":{"line":262,"column":11}},"70":{"start":{"line":261,"column":12},"end":{"line":261,"column":48}},"71":{"start":{"line":263,"column":10},"end":{"line":268,"column":13}},"72":{"start":{"line":269,"column":10},"end":{"line":272,"column":13}},"73":{"start":{"line":274,"column":10},"end":{"line":279,"column":13}},"74":{"start":{"line":280,"column":10},"end":{"line":283,"column":13}},"75":{"start":{"line":285,"column":8},"end":{"line":285,"column":46}},"76":{"start":{"line":288,"column":8},"end":{"line":293,"column":11}},"77":{"start":{"line":294,"column":8},"end":{"line":297,"column":11}},"78":{"start":{"line":303,"column":2},"end":{"line":305,"column":4}},"79":{"start":{"line":304,"column":4},"end":{"line":304,"column":55}},"80":{"start":{"line":309,"column":2},"end":{"line":371,"column":4}},"81":{"start":{"line":310,"column":4},"end":{"line":370,"column":9}},"82":{"start":{"line":323,"column":24},"end":{"line":323,"column":39}},"83":{"start":{"line":325,"column":8},"end":{"line":354,"column":9}},"84":{"start":{"line":326,"column":10},"end":{"line":328,"column":11}},"85":{"start":{"line":327,"column":12},"end":{"line":327,"column":48}},"86":{"start":{"line":329,"column":10},"end":{"line":334,"column":13}},"87":{"start":{"line":335,"column":10},"end":{"line":340,"column":13}},"88":{"start":{"line":342,"column":10},"end":{"line":347,"column":13}},"89":{"start":{"line":348,"column":10},"end":{"line":353,"column":13}},"90":{"start":{"line":355,"column":8},"end":{"line":355,"column":45}},"91":{"start":{"line":358,"column":8},"end":{"line":363,"column":11}},"92":{"start":{"line":364,"column":8},"end":{"line":369,"column":11}}},"fnMap":{"0":{"name":"determineOpponent","decl":{"start":{"line":5,"column":9},"end":{"line":5,"column":26}},"loc":{"start":{"line":5,"column":47},"end":{"line":42,"column":1}},"line":5},"1":{"name":"(anonymous_1)","decl":{"start":{"line":6,"column":53},"end":{"line":6,"column":54}},"loc":{"start":{"line":6,"column":66},"end":{"line":40,"column":3}},"line":6},"2":{"name":"completionStatus","decl":{"start":{"line":44,"column":9},"end":{"line":44,"column":25}},"loc":{"start":{"line":44,"column":46},"end":{"line":62,"column":1}},"line":44},"3":{"name":"(anonymous_3)","decl":{"start":{"line":45,"column":51},"end":{"line":45,"column":52}},"loc":{"start":{"line":45,"column":64},"end":{"line":60,"column":3}},"line":45},"4":{"name":"pendingChallenges","decl":{"start":{"line":64,"column":16},"end":{"line":64,"column":33}},"loc":{"start":{"line":64,"column":42},"end":{"line":96,"column":1}},"line":64},"5":{"name":"(anonymous_5)","decl":{"start":{"line":65,"column":9},"end":{"line":65,"column":10}},"loc":{"start":{"line":65,"column":21},"end":{"line":95,"column":3}},"line":65},"6":{"name":"(anonymous_6)","decl":{"start":{"line":75,"column":12},"end":{"line":75,"column":13}},"loc":{"start":{"line":75,"column":24},"end":{"line":75,"column":39}},"line":75},"7":{"name":"(anonymous_7)","decl":{"start":{"line":76,"column":12},"end":{"line":76,"column":13}},"loc":{"start":{"line":76,"column":26},"end":{"line":76,"column":63}},"line":76},"8":{"name":"(anonymous_8)","decl":{"start":{"line":77,"column":12},"end":{"line":77,"column":13}},"loc":{"start":{"line":77,"column":34},"end":{"line":85,"column":7}},"line":77},"9":{"name":"(anonymous_9)","decl":{"start":{"line":86,"column":13},"end":{"line":86,"column":14}},"loc":{"start":{"line":86,"column":22},"end":{"line":94,"column":7}},"line":86},"10":{"name":"activeChallenges","decl":{"start":{"line":98,"column":16},"end":{"line":98,"column":32}},"loc":{"start":{"line":98,"column":41},"end":{"line":130,"column":1}},"line":98},"11":{"name":"(anonymous_11)","decl":{"start":{"line":99,"column":9},"end":{"line":99,"column":10}},"loc":{"start":{"line":99,"column":21},"end":{"line":129,"column":3}},"line":99},"12":{"name":"(anonymous_12)","decl":{"start":{"line":109,"column":12},"end":{"line":109,"column":13}},"loc":{"start":{"line":109,"column":24},"end":{"line":109,"column":39}},"line":109},"13":{"name":"(anonymous_13)","decl":{"start":{"line":110,"column":12},"end":{"line":110,"column":13}},"loc":{"start":{"line":110,"column":26},"end":{"line":110,"column":63}},"line":110},"14":{"name":"(anonymous_14)","decl":{"start":{"line":111,"column":12},"end":{"line":111,"column":13}},"loc":{"start":{"line":111,"column":34},"end":{"line":119,"column":7}},"line":111},"15":{"name":"(anonymous_15)","decl":{"start":{"line":120,"column":13},"end":{"line":120,"column":14}},"loc":{"start":{"line":120,"column":22},"end":{"line":128,"column":7}},"line":120},"16":{"name":"completedChallenges","decl":{"start":{"line":132,"column":16},"end":{"line":132,"column":35}},"loc":{"start":{"line":132,"column":44},"end":{"line":165,"column":1}},"line":132},"17":{"name":"(anonymous_17)","decl":{"start":{"line":133,"column":9},"end":{"line":133,"column":10}},"loc":{"start":{"line":133,"column":21},"end":{"line":164,"column":3}},"line":133},"18":{"name":"(anonymous_18)","decl":{"start":{"line":143,"column":12},"end":{"line":143,"column":13}},"loc":{"start":{"line":143,"column":24},"end":{"line":143,"column":39}},"line":143},"19":{"name":"(anonymous_19)","decl":{"start":{"line":144,"column":12},"end":{"line":144,"column":13}},"loc":{"start":{"line":144,"column":26},"end":{"line":144,"column":63}},"line":144},"20":{"name":"(anonymous_20)","decl":{"start":{"line":145,"column":12},"end":{"line":145,"column":13}},"loc":{"start":{"line":145,"column":34},"end":{"line":145,"column":78}},"line":145},"21":{"name":"(anonymous_21)","decl":{"start":{"line":146,"column":12},"end":{"line":146,"column":13}},"loc":{"start":{"line":146,"column":41},"end":{"line":154,"column":7}},"line":146},"22":{"name":"(anonymous_22)","decl":{"start":{"line":155,"column":13},"end":{"line":155,"column":14}},"loc":{"start":{"line":155,"column":22},"end":{"line":163,"column":7}},"line":155},"23":{"name":"acceptChallenge","decl":{"start":{"line":167,"column":16},"end":{"line":167,"column":31}},"loc":{"start":{"line":167,"column":53},"end":{"line":201,"column":1}},"line":167},"24":{"name":"(anonymous_24)","decl":{"start":{"line":168,"column":9},"end":{"line":168,"column":10}},"loc":{"start":{"line":168,"column":21},"end":{"line":200,"column":3}},"line":168},"25":{"name":"(anonymous_25)","decl":{"start":{"line":179,"column":12},"end":{"line":179,"column":13}},"loc":{"start":{"line":179,"column":24},"end":{"line":179,"column":39}},"line":179},"26":{"name":"(anonymous_26)","decl":{"start":{"line":180,"column":12},"end":{"line":180,"column":13}},"loc":{"start":{"line":180,"column":28},"end":{"line":189,"column":7}},"line":180},"27":{"name":"(anonymous_27)","decl":{"start":{"line":191,"column":13},"end":{"line":191,"column":14}},"loc":{"start":{"line":191,"column":22},"end":{"line":199,"column":7}},"line":191},"28":{"name":"declineChallenge","decl":{"start":{"line":203,"column":16},"end":{"line":203,"column":32}},"loc":{"start":{"line":203,"column":54},"end":{"line":242,"column":1}},"line":203},"29":{"name":"(anonymous_29)","decl":{"start":{"line":204,"column":9},"end":{"line":204,"column":10}},"loc":{"start":{"line":204,"column":21},"end":{"line":241,"column":3}},"line":204},"30":{"name":"(anonymous_30)","decl":{"start":{"line":215,"column":12},"end":{"line":215,"column":13}},"loc":{"start":{"line":215,"column":24},"end":{"line":215,"column":39}},"line":215},"31":{"name":"(anonymous_31)","decl":{"start":{"line":216,"column":12},"end":{"line":216,"column":13}},"loc":{"start":{"line":216,"column":28},"end":{"line":228,"column":7}},"line":216},"32":{"name":"(anonymous_32)","decl":{"start":{"line":229,"column":13},"end":{"line":229,"column":14}},"loc":{"start":{"line":229,"column":22},"end":{"line":240,"column":7}},"line":229},"33":{"name":"completeChallenge","decl":{"start":{"line":244,"column":16},"end":{"line":244,"column":33}},"loc":{"start":{"line":244,"column":55},"end":{"line":300,"column":1}},"line":244},"34":{"name":"(anonymous_34)","decl":{"start":{"line":245,"column":9},"end":{"line":245,"column":10}},"loc":{"start":{"line":245,"column":21},"end":{"line":299,"column":3}},"line":245},"35":{"name":"(anonymous_35)","decl":{"start":{"line":257,"column":12},"end":{"line":257,"column":13}},"loc":{"start":{"line":257,"column":24},"end":{"line":257,"column":39}},"line":257},"36":{"name":"(anonymous_36)","decl":{"start":{"line":258,"column":12},"end":{"line":258,"column":13}},"loc":{"start":{"line":258,"column":28},"end":{"line":286,"column":7}},"line":258},"37":{"name":"(anonymous_37)","decl":{"start":{"line":287,"column":13},"end":{"line":287,"column":14}},"loc":{"start":{"line":287,"column":22},"end":{"line":298,"column":7}},"line":287},"38":{"name":"clearCompleteError","decl":{"start":{"line":302,"column":16},"end":{"line":302,"column":34}},"loc":{"start":{"line":302,"column":37},"end":{"line":306,"column":1}},"line":302},"39":{"name":"(anonymous_39)","decl":{"start":{"line":303,"column":9},"end":{"line":303,"column":10}},"loc":{"start":{"line":303,"column":21},"end":{"line":305,"column":3}},"line":303},"40":{"name":"createChallenge","decl":{"start":{"line":308,"column":16},"end":{"line":308,"column":31}},"loc":{"start":{"line":308,"column":75},"end":{"line":372,"column":1}},"line":308},"41":{"name":"(anonymous_41)","decl":{"start":{"line":309,"column":9},"end":{"line":309,"column":10}},"loc":{"start":{"line":309,"column":21},"end":{"line":371,"column":3}},"line":309},"42":{"name":"(anonymous_42)","decl":{"start":{"line":323,"column":12},"end":{"line":323,"column":13}},"loc":{"start":{"line":323,"column":24},"end":{"line":323,"column":39}},"line":323},"43":{"name":"(anonymous_43)","decl":{"start":{"line":324,"column":12},"end":{"line":324,"column":13}},"loc":{"start":{"line":324,"column":28},"end":{"line":356,"column":7}},"line":324},"44":{"name":"(anonymous_44)","decl":{"start":{"line":357,"column":13},"end":{"line":357,"column":14}},"loc":{"start":{"line":357,"column":22},"end":{"line":370,"column":7}},"line":357}},"branchMap":{"0":{"loc":{"start":{"line":10,"column":4},"end":{"line":14,"column":5}},"type":"if","locations":[{"start":{"line":10,"column":4},"end":{"line":14,"column":5}},{"start":{"line":10,"column":4},"end":{"line":14,"column":5}}],"line":10},"1":{"loc":{"start":{"line":12,"column":11},"end":{"line":14,"column":5}},"type":"if","locations":[{"start":{"line":12,"column":11},"end":{"line":14,"column":5}},{"start":{"line":12,"column":11},"end":{"line":14,"column":5}}],"line":12},"2":{"loc":{"start":{"line":16,"column":4},"end":{"line":36,"column":5}},"type":"if","locations":[{"start":{"line":16,"column":4},"end":{"line":36,"column":5}},{"start":{"line":16,"column":4},"end":{"line":36,"column":5}}],"line":16},"3":{"loc":{"start":{"line":18,"column":6},"end":{"line":25,"column":7}},"type":"if","locations":[{"start":{"line":18,"column":6},"end":{"line":25,"column":7}},{"start":{"line":18,"column":6},"end":{"line":25,"column":7}}],"line":18},"4":{"loc":{"start":{"line":19,"column":8},"end":{"line":20,"column":65}},"type":"binary-expr","locations":[{"start":{"line":19,"column":8},"end":{"line":19,"column":35}},{"start":{"line":20,"column":8},"end":{"line":20,"column":65}}],"line":19},"5":{"loc":{"start":{"line":26,"column":11},"end":{"line":36,"column":5}},"type":"if","locations":[{"start":{"line":26,"column":11},"end":{"line":36,"column":5}},{"start":{"line":26,"column":11},"end":{"line":36,"column":5}}],"line":26},"6":{"loc":{"start":{"line":28,"column":6},"end":{"line":35,"column":7}},"type":"if","locations":[{"start":{"line":28,"column":6},"end":{"line":35,"column":7}},{"start":{"line":28,"column":6},"end":{"line":35,"column":7}}],"line":28},"7":{"loc":{"start":{"line":29,"column":8},"end":{"line":30,"column":65}},"type":"binary-expr","locations":[{"start":{"line":29,"column":8},"end":{"line":29,"column":35}},{"start":{"line":30,"column":8},"end":{"line":30,"column":65}}],"line":29},"8":{"loc":{"start":{"line":47,"column":4},"end":{"line":57,"column":5}},"type":"if","locations":[{"start":{"line":47,"column":4},"end":{"line":57,"column":5}},{"start":{"line":47,"column":4},"end":{"line":57,"column":5}}],"line":47},"9":{"loc":{"start":{"line":48,"column":6},"end":{"line":54,"column":7}},"type":"if","locations":[{"start":{"line":48,"column":6},"end":{"line":54,"column":7}},{"start":{"line":48,"column":6},"end":{"line":54,"column":7}}],"line":48},"10":{"loc":{"start":{"line":50,"column":13},"end":{"line":54,"column":7}},"type":"if","locations":[{"start":{"line":50,"column":13},"end":{"line":54,"column":7}},{"start":{"line":50,"column":13},"end":{"line":54,"column":7}}],"line":50},"11":{"loc":{"start":{"line":260,"column":10},"end":{"line":262,"column":11}},"type":"if","locations":[{"start":{"line":260,"column":10},"end":{"line":262,"column":11}},{"start":{"line":260,"column":10},"end":{"line":262,"column":11}}],"line":260},"12":{"loc":{"start":{"line":326,"column":10},"end":{"line":328,"column":11}},"type":"if","locations":[{"start":{"line":326,"column":10},"end":{"line":328,"column":11}},{"start":{"line":326,"column":10},"end":{"line":328,"column":11}}],"line":326}},"s":{"0":0,"1":0,"2":0,"3":0,"4":0,"5":0,"6":0,"7":0,"8":0,"9":0,"10":0,"11":0,"12":0,"13":0,"14":0,"15":0,"16":0,"17":0,"18":0,"19":0,"20":0,"21":0,"22":0,"23":0,"24":0,"25":0,"26":0,"27":1,"28":0,"29":0,"30":0,"31":0,"32":0,"33":0,"34":1,"35":0,"36":0,"37":0,"38":0,"39":0,"40":0,"41":1,"42":0,"43":0,"44":0,"45":0,"46":0,"47":0,"48":0,"49":0,"50":0,"51":0,"52":0,"53":0,"54":0,"55":0,"56":0,"57":0,"58":0,"59":0,"60":0,"61":0,"62":0,"63":0,"64":0,"65":0,"66":0,"67":0,"68":0,"69":0,"70":0,"71":0,"72":0,"73":0,"74":0,"75":0,"76":0,"77":0,"78":0,"79":0,"80":0,"81":0,"82":0,"83":0,"84":0,"85":0,"86":0,"87":0,"88":0,"89":0,"90":0,"91":0,"92":0},"f":{"0":0,"1":0,"2":0,"3":0,"4":1,"5":0,"6":0,"7":0,"8":0,"9":0,"10":1,"11":0,"12":0,"13":0,"14":0,"15":0,"16":1,"17":0,"18":0,"19":0,"20":0,"21":0,"22":0,"23":0,"24":0,"25":0,"26":0,"27":0,"28":0,"29":0,"30":0,"31":0,"32":0,"33":0,"34":0,"35":0,"36":0,"37":0,"38":0,"39":0,"40":0,"41":0,"42":0,"43":0,"44":0},"b":{"0":[0,0],"1":[0,0],"2":[0,0],"3":[0,0],"4":[0,0],"5":[0,0],"6":[0,0],"7":[0,0],"8":[0,0],"9":[0,0],"10":[0,0],"11":[0,0],"12":[0,0]},"_coverageSchema":"332fd63041d2c1bcb487cc26dd0d5f7d97098a6c","hash":"5a56174e7213c35086d9d8829b5a0068c04411b2"}
,"/Users/justin/github/bestrida-rn/src/actions/segments.js": {"path":"/Users/justin/github/bestrida-rn/src/actions/segments.js","statementMap":{"0":{"start":{"line":5,"column":2},"end":{"line":27,"column":4}},"1":{"start":{"line":6,"column":4},"end":{"line":8,"column":7}},"2":{"start":{"line":9,"column":4},"end":{"line":26,"column":9}},"3":{"start":{"line":14,"column":24},"end":{"line":14,"column":39}},"4":{"start":{"line":16,"column":8},"end":{"line":19,"column":11}},"5":{"start":{"line":22,"column":8},"end":{"line":25,"column":11}},"6":{"start":{"line":31,"column":2},"end":{"line":35,"column":4}},"7":{"start":{"line":32,"column":4},"end":{"line":34,"column":7}}},"fnMap":{"0":{"name":"getSegment","decl":{"start":{"line":4,"column":16},"end":{"line":4,"column":26}},"loc":{"start":{"line":4,"column":38},"end":{"line":28,"column":1}},"line":4},"1":{"name":"(anonymous_1)","decl":{"start":{"line":5,"column":9},"end":{"line":5,"column":10}},"loc":{"start":{"line":5,"column":21},"end":{"line":27,"column":3}},"line":5},"2":{"name":"(anonymous_2)","decl":{"start":{"line":14,"column":12},"end":{"line":14,"column":13}},"loc":{"start":{"line":14,"column":24},"end":{"line":14,"column":39}},"line":14},"3":{"name":"(anonymous_3)","decl":{"start":{"line":15,"column":12},"end":{"line":15,"column":13}},"loc":{"start":{"line":15,"column":20},"end":{"line":20,"column":7}},"line":15},"4":{"name":"(anonymous_4)","decl":{"start":{"line":21,"column":13},"end":{"line":21,"column":14}},"loc":{"start":{"line":21,"column":22},"end":{"line":26,"column":7}},"line":21},"5":{"name":"clearSegment","decl":{"start":{"line":30,"column":16},"end":{"line":30,"column":28}},"loc":{"start":{"line":30,"column":31},"end":{"line":36,"column":1}},"line":30},"6":{"name":"(anonymous_6)","decl":{"start":{"line":31,"column":9},"end":{"line":31,"column":10}},"loc":{"start":{"line":31,"column":21},"end":{"line":35,"column":3}},"line":31}},"branchMap":{},"s":{"0":3,"1":0,"2":0,"3":0,"4":0,"5":0,"6":0,"7":0},"f":{"0":3,"1":0,"2":0,"3":0,"4":0,"5":0,"6":0},"b":{},"_coverageSchema":"332fd63041d2c1bcb487cc26dd0d5f7d97098a6c","hash":"4f411561d0b67cb3f38ee588a3a034161824ba82"}
,"/Users/justin/github/bestrida-rn/src/actions/user.js": {"path":"/Users/justin/github/bestrida-rn/src/actions/user.js","statementMap":{"0":{"start":{"line":6,"column":2},"end":{"line":15,"column":4}},"1":{"start":{"line":7,"column":4},"end":{"line":14,"column":7}},"2":{"start":{"line":19,"column":2},"end":{"line":28,"column":4}},"3":{"start":{"line":20,"column":4},"end":{"line":27,"column":7}},"4":{"start":{"line":32,"column":2},"end":{"line":36,"column":4}},"5":{"start":{"line":33,"column":4},"end":{"line":35,"column":7}},"6":{"start":{"line":40,"column":2},"end":{"line":69,"column":4}},"7":{"start":{"line":41,"column":4},"end":{"line":44,"column":7}},"8":{"start":{"line":45,"column":4},"end":{"line":68,"column":9}},"9":{"start":{"line":50,"column":24},"end":{"line":50,"column":39}},"10":{"start":{"line":52,"column":8},"end":{"line":55,"column":11}},"11":{"start":{"line":56,"column":8},"end":{"line":57,"column":57}},"12":{"start":{"line":57,"column":10},"end":{"line":57,"column":57}},"13":{"start":{"line":58,"column":8},"end":{"line":58,"column":77}},"14":{"start":{"line":58,"column":32},"end":{"line":58,"column":77}},"15":{"start":{"line":59,"column":8},"end":{"line":60,"column":66}},"16":{"start":{"line":60,"column":10},"end":{"line":60,"column":66}},"17":{"start":{"line":61,"column":8},"end":{"line":61,"column":48}},"18":{"start":{"line":64,"column":8},"end":{"line":67,"column":11}},"19":{"start":{"line":73,"column":2},"end":{"line":102,"column":4}},"20":{"start":{"line":74,"column":4},"end":{"line":77,"column":7}},"21":{"start":{"line":78,"column":4},"end":{"line":101,"column":9}},"22":{"start":{"line":83,"column":24},"end":{"line":83,"column":39}},"23":{"start":{"line":85,"column":8},"end":{"line":88,"column":11}},"24":{"start":{"line":89,"column":8},"end":{"line":90,"column":57}},"25":{"start":{"line":90,"column":10},"end":{"line":90,"column":57}},"26":{"start":{"line":91,"column":8},"end":{"line":91,"column":77}},"27":{"start":{"line":91,"column":32},"end":{"line":91,"column":77}},"28":{"start":{"line":92,"column":8},"end":{"line":93,"column":66}},"29":{"start":{"line":93,"column":10},"end":{"line":93,"column":66}},"30":{"start":{"line":94,"column":8},"end":{"line":94,"column":45}},"31":{"start":{"line":97,"column":8},"end":{"line":100,"column":11}},"32":{"start":{"line":106,"column":2},"end":{"line":131,"column":4}},"33":{"start":{"line":107,"column":4},"end":{"line":110,"column":7}},"34":{"start":{"line":111,"column":4},"end":{"line":130,"column":9}},"35":{"start":{"line":116,"column":24},"end":{"line":116,"column":39}},"36":{"start":{"line":118,"column":8},"end":{"line":121,"column":11}},"37":{"start":{"line":122,"column":8},"end":{"line":122,"column":24}},"38":{"start":{"line":125,"column":8},"end":{"line":128,"column":11}},"39":{"start":{"line":129,"column":8},"end":{"line":129,"column":24}},"40":{"start":{"line":135,"column":2},"end":{"line":160,"column":4}},"41":{"start":{"line":136,"column":4},"end":{"line":139,"column":7}},"42":{"start":{"line":140,"column":4},"end":{"line":159,"column":9}},"43":{"start":{"line":145,"column":24},"end":{"line":145,"column":39}},"44":{"start":{"line":147,"column":8},"end":{"line":150,"column":11}},"45":{"start":{"line":151,"column":8},"end":{"line":151,"column":24}},"46":{"start":{"line":154,"column":8},"end":{"line":157,"column":11}},"47":{"start":{"line":158,"column":8},"end":{"line":158,"column":24}}},"fnMap":{"0":{"name":"userLogin","decl":{"start":{"line":5,"column":16},"end":{"line":5,"column":25}},"loc":{"start":{"line":5,"column":41},"end":{"line":16,"column":1}},"line":5},"1":{"name":"(anonymous_1)","decl":{"start":{"line":6,"column":9},"end":{"line":6,"column":10}},"loc":{"start":{"line":6,"column":21},"end":{"line":15,"column":3}},"line":6},"2":{"name":"userLogout","decl":{"start":{"line":18,"column":16},"end":{"line":18,"column":26}},"loc":{"start":{"line":18,"column":29},"end":{"line":29,"column":1}},"line":18},"3":{"name":"(anonymous_3)","decl":{"start":{"line":19,"column":9},"end":{"line":19,"column":10}},"loc":{"start":{"line":19,"column":21},"end":{"line":28,"column":3}},"line":19},"4":{"name":"userDismiss","decl":{"start":{"line":31,"column":16},"end":{"line":31,"column":27}},"loc":{"start":{"line":31,"column":30},"end":{"line":37,"column":1}},"line":31},"5":{"name":"(anonymous_5)","decl":{"start":{"line":32,"column":9},"end":{"line":32,"column":10}},"loc":{"start":{"line":32,"column":21},"end":{"line":36,"column":3}},"line":32},"6":{"name":"reloadUser","decl":{"start":{"line":39,"column":16},"end":{"line":39,"column":26}},"loc":{"start":{"line":39,"column":35},"end":{"line":70,"column":1}},"line":39},"7":{"name":"(anonymous_7)","decl":{"start":{"line":40,"column":9},"end":{"line":40,"column":10}},"loc":{"start":{"line":40,"column":21},"end":{"line":69,"column":3}},"line":40},"8":{"name":"(anonymous_8)","decl":{"start":{"line":50,"column":12},"end":{"line":50,"column":13}},"loc":{"start":{"line":50,"column":24},"end":{"line":50,"column":39}},"line":50},"9":{"name":"(anonymous_9)","decl":{"start":{"line":51,"column":12},"end":{"line":51,"column":13}},"loc":{"start":{"line":51,"column":28},"end":{"line":62,"column":7}},"line":51},"10":{"name":"(anonymous_10)","decl":{"start":{"line":63,"column":13},"end":{"line":63,"column":14}},"loc":{"start":{"line":63,"column":22},"end":{"line":68,"column":7}},"line":63},"11":{"name":"getUser","decl":{"start":{"line":72,"column":16},"end":{"line":72,"column":23}},"loc":{"start":{"line":72,"column":32},"end":{"line":103,"column":1}},"line":72},"12":{"name":"(anonymous_12)","decl":{"start":{"line":73,"column":9},"end":{"line":73,"column":10}},"loc":{"start":{"line":73,"column":21},"end":{"line":102,"column":3}},"line":73},"13":{"name":"(anonymous_13)","decl":{"start":{"line":83,"column":12},"end":{"line":83,"column":13}},"loc":{"start":{"line":83,"column":24},"end":{"line":83,"column":39}},"line":83},"14":{"name":"(anonymous_14)","decl":{"start":{"line":84,"column":12},"end":{"line":84,"column":13}},"loc":{"start":{"line":84,"column":28},"end":{"line":95,"column":7}},"line":84},"15":{"name":"(anonymous_15)","decl":{"start":{"line":96,"column":13},"end":{"line":96,"column":14}},"loc":{"start":{"line":96,"column":22},"end":{"line":101,"column":7}},"line":96},"16":{"name":"getUserSegmentsFromStrava","decl":{"start":{"line":105,"column":16},"end":{"line":105,"column":41}},"loc":{"start":{"line":105,"column":50},"end":{"line":132,"column":1}},"line":105},"17":{"name":"(anonymous_17)","decl":{"start":{"line":106,"column":9},"end":{"line":106,"column":10}},"loc":{"start":{"line":106,"column":21},"end":{"line":131,"column":3}},"line":106},"18":{"name":"(anonymous_18)","decl":{"start":{"line":116,"column":12},"end":{"line":116,"column":13}},"loc":{"start":{"line":116,"column":24},"end":{"line":116,"column":39}},"line":116},"19":{"name":"(anonymous_19)","decl":{"start":{"line":117,"column":12},"end":{"line":117,"column":13}},"loc":{"start":{"line":117,"column":28},"end":{"line":123,"column":7}},"line":117},"20":{"name":"(anonymous_20)","decl":{"start":{"line":124,"column":13},"end":{"line":124,"column":14}},"loc":{"start":{"line":124,"column":22},"end":{"line":130,"column":7}},"line":124},"21":{"name":"getUserFriendsFromStrava","decl":{"start":{"line":134,"column":16},"end":{"line":134,"column":40}},"loc":{"start":{"line":134,"column":49},"end":{"line":161,"column":1}},"line":134},"22":{"name":"(anonymous_22)","decl":{"start":{"line":135,"column":9},"end":{"line":135,"column":10}},"loc":{"start":{"line":135,"column":21},"end":{"line":160,"column":3}},"line":135},"23":{"name":"(anonymous_23)","decl":{"start":{"line":145,"column":12},"end":{"line":145,"column":13}},"loc":{"start":{"line":145,"column":24},"end":{"line":145,"column":39}},"line":145},"24":{"name":"(anonymous_24)","decl":{"start":{"line":146,"column":12},"end":{"line":146,"column":13}},"loc":{"start":{"line":146,"column":28},"end":{"line":152,"column":7}},"line":146},"25":{"name":"(anonymous_25)","decl":{"start":{"line":153,"column":13},"end":{"line":153,"column":14}},"loc":{"start":{"line":153,"column":22},"end":{"line":159,"column":7}},"line":153}},"branchMap":{"0":{"loc":{"start":{"line":56,"column":8},"end":{"line":57,"column":57}},"type":"if","locations":[{"start":{"line":56,"column":8},"end":{"line":57,"column":57}},{"start":{"line":56,"column":8},"end":{"line":57,"column":57}}],"line":56},"1":{"loc":{"start":{"line":58,"column":8},"end":{"line":58,"column":77}},"type":"if","locations":[{"start":{"line":58,"column":8},"end":{"line":58,"column":77}},{"start":{"line":58,"column":8},"end":{"line":58,"column":77}}],"line":58},"2":{"loc":{"start":{"line":59,"column":8},"end":{"line":60,"column":66}},"type":"if","locations":[{"start":{"line":59,"column":8},"end":{"line":60,"column":66}},{"start":{"line":59,"column":8},"end":{"line":60,"column":66}}],"line":59},"3":{"loc":{"start":{"line":89,"column":8},"end":{"line":90,"column":57}},"type":"if","locations":[{"start":{"line":89,"column":8},"end":{"line":90,"column":57}},{"start":{"line":89,"column":8},"end":{"line":90,"column":57}}],"line":89},"4":{"loc":{"start":{"line":91,"column":8},"end":{"line":91,"column":77}},"type":"if","locations":[{"start":{"line":91,"column":8},"end":{"line":91,"column":77}},{"start":{"line":91,"column":8},"end":{"line":91,"column":77}}],"line":91},"5":{"loc":{"start":{"line":92,"column":8},"end":{"line":93,"column":66}},"type":"if","locations":[{"start":{"line":92,"column":8},"end":{"line":93,"column":66}},{"start":{"line":92,"column":8},"end":{"line":93,"column":66}}],"line":92}},"s":{"0":0,"1":0,"2":0,"3":0,"4":0,"5":0,"6":0,"7":0,"8":0,"9":0,"10":0,"11":0,"12":0,"13":0,"14":0,"15":0,"16":0,"17":0,"18":0,"19":0,"20":0,"21":0,"22":0,"23":0,"24":0,"25":0,"26":0,"27":0,"28":0,"29":0,"30":0,"31":0,"32":0,"33":0,"34":0,"35":0,"36":0,"37":0,"38":0,"39":0,"40":0,"41":0,"42":0,"43":0,"44":0,"45":0,"46":0,"47":0},"f":{"0":0,"1":0,"2":0,"3":0,"4":0,"5":0,"6":0,"7":0,"8":0,"9":0,"10":0,"11":0,"12":0,"13":0,"14":0,"15":0,"16":0,"17":0,"18":0,"19":0,"20":0,"21":0,"22":0,"23":0,"24":0,"25":0},"b":{"0":[0,0],"1":[0,0],"2":[0,0],"3":[0,0],"4":[0,0],"5":[0,0]},"_coverageSchema":"332fd63041d2c1bcb487cc26dd0d5f7d97098a6c","hash":"56198d380f36e7b7db61b54277bcec4491cf3f2d"}
,"/Users/justin/github/bestrida-rn/src/components/ActiveChallengeDetail.js": {"path":"/Users/justin/github/bestrida-rn/src/components/ActiveChallengeDetail.js","statementMap":{"0":{"start":{"line":18,"column":4},"end":{"line":18,"column":17}},"1":{"start":{"line":19,"column":4},"end":{"line":19,"column":57}},"2":{"start":{"line":23,"column":25},"end":{"line":23,"column":35}},"3":{"start":{"line":24,"column":26},"end":{"line":24,"column":60}},"4":{"start":{"line":25,"column":4},"end":{"line":25,"column":62}},"5":{"start":{"line":29,"column":4},"end":{"line":29,"column":55}},"6":{"start":{"line":33,"column":45},"end":{"line":33,"column":55}},"7":{"start":{"line":34,"column":4},"end":{"line":34,"column":70}},"8":{"start":{"line":35,"column":4},"end":{"line":35,"column":56}},"9":{"start":{"line":36,"column":4},"end":{"line":36,"column":24}},"10":{"start":{"line":40,"column":25},"end":{"line":40,"column":35}},"11":{"start":{"line":41,"column":26},"end":{"line":41,"column":60}},"12":{"start":{"line":42,"column":30},"end":{"line":42,"column":54}},"13":{"start":{"line":44,"column":4},"end":{"line":54,"column":5}},"14":{"start":{"line":45,"column":6},"end":{"line":53,"column":8}},"15":{"start":{"line":55,"column":4},"end":{"line":125,"column":6}},"16":{"start":{"line":118,"column":27},"end":{"line":118,"column":60}},"17":{"start":{"line":129,"column":32},"end":{"line":129,"column":41}},"18":{"start":{"line":131,"column":0},"end":{"line":137,"column":2}},"19":{"start":{"line":139,"column":24},"end":{"line":142,"column":2}},"20":{"start":{"line":139,"column":34},"end":{"line":142,"column":1}}},"fnMap":{"0":{"name":"(anonymous_0)","decl":{"start":{"line":17,"column":2},"end":{"line":17,"column":3}},"loc":{"start":{"line":17,"column":21},"end":{"line":20,"column":3}},"line":17},"1":{"name":"(anonymous_1)","decl":{"start":{"line":22,"column":2},"end":{"line":22,"column":3}},"loc":{"start":{"line":22,"column":22},"end":{"line":26,"column":3}},"line":22},"2":{"name":"(anonymous_2)","decl":{"start":{"line":28,"column":2},"end":{"line":28,"column":3}},"loc":{"start":{"line":28,"column":25},"end":{"line":30,"column":3}},"line":28},"3":{"name":"(anonymous_3)","decl":{"start":{"line":32,"column":2},"end":{"line":32,"column":3}},"loc":{"start":{"line":32,"column":30},"end":{"line":37,"column":3}},"line":32},"4":{"name":"(anonymous_4)","decl":{"start":{"line":39,"column":2},"end":{"line":39,"column":3}},"loc":{"start":{"line":39,"column":11},"end":{"line":126,"column":3}},"line":39},"5":{"name":"(anonymous_5)","decl":{"start":{"line":118,"column":21},"end":{"line":118,"column":22}},"loc":{"start":{"line":118,"column":27},"end":{"line":118,"column":60}},"line":118},"6":{"name":"(anonymous_6)","decl":{"start":{"line":139,"column":24},"end":{"line":139,"column":25}},"loc":{"start":{"line":139,"column":34},"end":{"line":142,"column":1}},"line":139}},"branchMap":{"0":{"loc":{"start":{"line":44,"column":4},"end":{"line":54,"column":5}},"type":"if","locations":[{"start":{"line":44,"column":4},"end":{"line":54,"column":5}},{"start":{"line":44,"column":4},"end":{"line":54,"column":5}}],"line":44},"1":{"loc":{"start":{"line":44,"column":8},"end":{"line":44,"column":60}},"type":"binary-expr","locations":[{"start":{"line":44,"column":8},"end":{"line":44,"column":16}},{"start":{"line":44,"column":20},"end":{"line":44,"column":36}},{"start":{"line":44,"column":40},"end":{"line":44,"column":60}}],"line":44},"2":{"loc":{"start":{"line":85,"column":18},"end":{"line":87,"column":20}},"type":"cond-expr","locations":[{"start":{"line":86,"column":18},"end":{"line":86,"column":46}},{"start":{"line":87,"column":18},"end":{"line":87,"column":20}}],"line":85},"3":{"loc":{"start":{"line":105,"column":15},"end":{"line":105,"column":65}},"type":"binary-expr","locations":[{"start":{"line":105,"column":15},"end":{"line":105,"column":46}},{"start":{"line":105,"column":50},"end":{"line":105,"column":65}}],"line":105}},"s":{"0":1,"1":1,"2":1,"3":1,"4":1,"5":0,"6":0,"7":0,"8":0,"9":0,"10":1,"11":1,"12":1,"13":1,"14":0,"15":1,"16":0,"17":1,"18":1,"19":1,"20":0},"f":{"0":1,"1":1,"2":0,"3":0,"4":1,"5":0,"6":0},"b":{"0":[0,1],"1":[1,0,0],"2":[0,1],"3":[1,1]},"_coverageSchema":"332fd63041d2c1bcb487cc26dd0d5f7d97098a6c","hash":"726325ef5005b452103b4d6230811e392531df8f"}
,"/Users/justin/github/bestrida-rn/src/components/ActiveChallenges.js": {"path":"/Users/justin/github/bestrida-rn/src/components/ActiveChallenges.js","statementMap":{"0":{"start":{"line":16,"column":25},"end":{"line":16,"column":68}},"1":{"start":{"line":20,"column":4},"end":{"line":20,"column":17}},"2":{"start":{"line":22,"column":4},"end":{"line":24,"column":6}},"3":{"start":{"line":25,"column":4},"end":{"line":25,"column":51}},"4":{"start":{"line":26,"column":4},"end":{"line":26,"column":55}},"5":{"start":{"line":27,"column":4},"end":{"line":27,"column":55}},"6":{"start":{"line":31,"column":33},"end":{"line":31,"column":43}},"7":{"start":{"line":32,"column":4},"end":{"line":32,"column":56}},"8":{"start":{"line":36,"column":4},"end":{"line":39,"column":7}},"9":{"start":{"line":43,"column":4},"end":{"line":43,"column":40}},"10":{"start":{"line":44,"column":4},"end":{"line":44,"column":78}},"11":{"start":{"line":45,"column":4},"end":{"line":47,"column":7}},"12":{"start":{"line":51,"column":4},"end":{"line":51,"column":63}},"13":{"start":{"line":56,"column":4},"end":{"line":69,"column":5}},"14":{"start":{"line":57,"column":6},"end":{"line":68,"column":8}},"15":{"start":{"line":71,"column":4},"end":{"line":128,"column":6}},"16":{"start":{"line":84,"column":32},"end":{"line":84,"column":39}},"17":{"start":{"line":86,"column":12},"end":{"line":124,"column":31}},"18":{"start":{"line":88,"column":29},"end":{"line":88,"column":51}},"19":{"start":{"line":132,"column":53},"end":{"line":132,"column":62}},"20":{"start":{"line":134,"column":0},"end":{"line":144,"column":2}},"21":{"start":{"line":146,"column":24},"end":{"line":150,"column":2}},"22":{"start":{"line":146,"column":34},"end":{"line":150,"column":1}}},"fnMap":{"0":{"name":"(anonymous_0)","decl":{"start":{"line":19,"column":2},"end":{"line":19,"column":3}},"loc":{"start":{"line":19,"column":21},"end":{"line":28,"column":3}},"line":19},"1":{"name":"(anonymous_1)","decl":{"start":{"line":30,"column":2},"end":{"line":30,"column":3}},"loc":{"start":{"line":30,"column":22},"end":{"line":33,"column":3}},"line":30},"2":{"name":"(anonymous_2)","decl":{"start":{"line":35,"column":2},"end":{"line":35,"column":3}},"loc":{"start":{"line":35,"column":25},"end":{"line":40,"column":3}},"line":35},"3":{"name":"(anonymous_3)","decl":{"start":{"line":42,"column":2},"end":{"line":42,"column":3}},"loc":{"start":{"line":42,"column":18},"end":{"line":48,"column":3}},"line":42},"4":{"name":"(anonymous_4)","decl":{"start":{"line":50,"column":2},"end":{"line":50,"column":3}},"loc":{"start":{"line":50,"column":18},"end":{"line":52,"column":3}},"line":50},"5":{"name":"(anonymous_5)","decl":{"start":{"line":54,"column":2},"end":{"line":54,"column":3}},"loc":{"start":{"line":54,"column":11},"end":{"line":129,"column":3}},"line":54},"6":{"name":"(anonymous_6)","decl":{"start":{"line":84,"column":24},"end":{"line":84,"column":25}},"loc":{"start":{"line":84,"column":32},"end":{"line":84,"column":39}},"line":84},"7":{"name":"(anonymous_7)","decl":{"start":{"line":85,"column":22},"end":{"line":85,"column":23}},"loc":{"start":{"line":86,"column":12},"end":{"line":124,"column":31}},"line":86},"8":{"name":"(anonymous_8)","decl":{"start":{"line":88,"column":23},"end":{"line":88,"column":24}},"loc":{"start":{"line":88,"column":29},"end":{"line":88,"column":51}},"line":88},"9":{"name":"(anonymous_9)","decl":{"start":{"line":146,"column":24},"end":{"line":146,"column":25}},"loc":{"start":{"line":146,"column":34},"end":{"line":150,"column":1}},"line":146}},"branchMap":{"0":{"loc":{"start":{"line":56,"column":4},"end":{"line":69,"column":5}},"type":"if","locations":[{"start":{"line":56,"column":4},"end":{"line":69,"column":5}},{"start":{"line":56,"column":4},"end":{"line":69,"column":5}}],"line":56},"1":{"loc":{"start":{"line":95,"column":20},"end":{"line":97,"column":42}},"type":"cond-expr","locations":[{"start":{"line":96,"column":24},"end":{"line":96,"column":40}},{"start":{"line":97,"column":24},"end":{"line":97,"column":42}}],"line":95}},"s":{"0":1,"1":1,"2":1,"3":1,"4":1,"5":1,"6":1,"7":1,"8":0,"9":0,"10":0,"11":0,"12":0,"13":1,"14":0,"15":1,"16":0,"17":0,"18":0,"19":1,"20":1,"21":1,"22":0},"f":{"0":1,"1":1,"2":0,"3":0,"4":0,"5":1,"6":0,"7":0,"8":0,"9":0},"b":{"0":[0,1],"1":[0,0]},"_coverageSchema":"332fd63041d2c1bcb487cc26dd0d5f7d97098a6c","hash":"286e00ed69a2b1030c12d24f23bbe343b29fcf09"}
,"/Users/justin/github/bestrida-rn/src/components/ChallengeFeed.js": {"path":"/Users/justin/github/bestrida-rn/src/components/ChallengeFeed.js","statementMap":{"0":{"start":{"line":17,"column":25},"end":{"line":17,"column":68}},"1":{"start":{"line":21,"column":4},"end":{"line":21,"column":17}},"2":{"start":{"line":23,"column":4},"end":{"line":25,"column":6}},"3":{"start":{"line":26,"column":4},"end":{"line":26,"column":53}},"4":{"start":{"line":27,"column":4},"end":{"line":27,"column":51}},"5":{"start":{"line":28,"column":4},"end":{"line":28,"column":55}},"6":{"start":{"line":29,"column":4},"end":{"line":29,"column":53}},"7":{"start":{"line":30,"column":4},"end":{"line":30,"column":55}},"8":{"start":{"line":34,"column":4},"end":{"line":34,"column":79}},"9":{"start":{"line":38,"column":4},"end":{"line":41,"column":7}},"10":{"start":{"line":45,"column":4},"end":{"line":45,"column":54}},"11":{"start":{"line":49,"column":4},"end":{"line":49,"column":79}},"12":{"start":{"line":50,"column":4},"end":{"line":50,"column":55}},"13":{"start":{"line":51,"column":4},"end":{"line":51,"column":79}},"14":{"start":{"line":52,"column":4},"end":{"line":54,"column":7}},"15":{"start":{"line":58,"column":4},"end":{"line":58,"column":80}},"16":{"start":{"line":59,"column":4},"end":{"line":59,"column":79}},"17":{"start":{"line":60,"column":4},"end":{"line":62,"column":7}},"18":{"start":{"line":66,"column":4},"end":{"line":66,"column":40}},"19":{"start":{"line":67,"column":4},"end":{"line":67,"column":79}},"20":{"start":{"line":68,"column":4},"end":{"line":70,"column":7}},"21":{"start":{"line":74,"column":4},"end":{"line":162,"column":6}},"22":{"start":{"line":88,"column":34},"end":{"line":88,"column":41}},"23":{"start":{"line":97,"column":14},"end":{"line":157,"column":33}},"24":{"start":{"line":99,"column":31},"end":{"line":99,"column":53}},"25":{"start":{"line":138,"column":26},"end":{"line":138,"column":72}},"26":{"start":{"line":147,"column":26},"end":{"line":147,"column":71}},"27":{"start":{"line":166,"column":53},"end":{"line":166,"column":62}},"28":{"start":{"line":168,"column":0},"end":{"line":177,"column":2}},"29":{"start":{"line":179,"column":24},"end":{"line":182,"column":2}},"30":{"start":{"line":179,"column":34},"end":{"line":182,"column":1}}},"fnMap":{"0":{"name":"(anonymous_0)","decl":{"start":{"line":20,"column":2},"end":{"line":20,"column":3}},"loc":{"start":{"line":20,"column":21},"end":{"line":31,"column":3}},"line":20},"1":{"name":"(anonymous_1)","decl":{"start":{"line":33,"column":2},"end":{"line":33,"column":3}},"loc":{"start":{"line":33,"column":22},"end":{"line":35,"column":3}},"line":33},"2":{"name":"(anonymous_2)","decl":{"start":{"line":37,"column":2},"end":{"line":37,"column":3}},"loc":{"start":{"line":37,"column":25},"end":{"line":42,"column":3}},"line":37},"3":{"name":"(anonymous_3)","decl":{"start":{"line":44,"column":2},"end":{"line":44,"column":3}},"loc":{"start":{"line":44,"column":17},"end":{"line":46,"column":3}},"line":44},"4":{"name":"(anonymous_4)","decl":{"start":{"line":48,"column":2},"end":{"line":48,"column":3}},"loc":{"start":{"line":48,"column":36},"end":{"line":55,"column":3}},"line":48},"5":{"name":"(anonymous_5)","decl":{"start":{"line":57,"column":2},"end":{"line":57,"column":3}},"loc":{"start":{"line":57,"column":37},"end":{"line":63,"column":3}},"line":57},"6":{"name":"(anonymous_6)","decl":{"start":{"line":65,"column":2},"end":{"line":65,"column":3}},"loc":{"start":{"line":65,"column":18},"end":{"line":71,"column":3}},"line":65},"7":{"name":"(anonymous_7)","decl":{"start":{"line":73,"column":2},"end":{"line":73,"column":3}},"loc":{"start":{"line":73,"column":11},"end":{"line":163,"column":3}},"line":73},"8":{"name":"(anonymous_8)","decl":{"start":{"line":88,"column":26},"end":{"line":88,"column":27}},"loc":{"start":{"line":88,"column":34},"end":{"line":88,"column":41}},"line":88},"9":{"name":"(anonymous_9)","decl":{"start":{"line":96,"column":24},"end":{"line":96,"column":25}},"loc":{"start":{"line":97,"column":14},"end":{"line":157,"column":33}},"line":97},"10":{"name":"(anonymous_10)","decl":{"start":{"line":99,"column":25},"end":{"line":99,"column":26}},"loc":{"start":{"line":99,"column":31},"end":{"line":99,"column":53}},"line":99},"11":{"name":"(anonymous_11)","decl":{"start":{"line":137,"column":33},"end":{"line":137,"column":34}},"loc":{"start":{"line":138,"column":26},"end":{"line":138,"column":72}},"line":138},"12":{"name":"(anonymous_12)","decl":{"start":{"line":146,"column":33},"end":{"line":146,"column":34}},"loc":{"start":{"line":147,"column":26},"end":{"line":147,"column":71}},"line":147},"13":{"name":"(anonymous_13)","decl":{"start":{"line":179,"column":24},"end":{"line":179,"column":25}},"loc":{"start":{"line":179,"column":34},"end":{"line":182,"column":1}},"line":179}},"branchMap":{"0":{"loc":{"start":{"line":106,"column":22},"end":{"line":108,"column":44}},"type":"cond-expr","locations":[{"start":{"line":107,"column":26},"end":{"line":107,"column":42}},{"start":{"line":108,"column":26},"end":{"line":108,"column":44}}],"line":106},"1":{"loc":{"start":{"line":134,"column":19},"end":{"line":155,"column":26}},"type":"cond-expr","locations":[{"start":{"line":135,"column":20},"end":{"line":154,"column":27}},{"start":{"line":155,"column":22},"end":{"line":155,"column":26}}],"line":134}},"s":{"0":1,"1":1,"2":1,"3":1,"4":1,"5":1,"6":1,"7":1,"8":1,"9":0,"10":0,"11":0,"12":0,"13":0,"14":0,"15":0,"16":0,"17":0,"18":0,"19":0,"20":0,"21":1,"22":0,"23":0,"24":0,"25":0,"26":0,"27":1,"28":1,"29":1,"30":0},"f":{"0":1,"1":1,"2":0,"3":0,"4":0,"5":0,"6":0,"7":1,"8":0,"9":0,"10":0,"11":0,"12":0,"13":0},"b":{"0":[0,0],"1":[0,0]},"_coverageSchema":"332fd63041d2c1bcb487cc26dd0d5f7d97098a6c","hash":"64faa32a1154ab2c723e78ef02a7084e728c7a8c"}
,"/Users/justin/github/bestrida-rn/src/components/CompletedChallengeDetail.js": {"path":"/Users/justin/github/bestrida-rn/src/components/CompletedChallengeDetail.js","statementMap":{"0":{"start":{"line":12,"column":20},"end":{"line":12,"column":36}},"1":{"start":{"line":13,"column":16},"end":{"line":13,"column":49}},"2":{"start":{"line":15,"column":28},"end":{"line":15,"column":49}},"3":{"start":{"line":16,"column":18},"end":{"line":16,"column":52}},"4":{"start":{"line":18,"column":28},"end":{"line":18,"column":50}},"5":{"start":{"line":19,"column":18},"end":{"line":19,"column":46}},"6":{"start":{"line":21,"column":21},"end":{"line":21,"column":58}},"7":{"start":{"line":22,"column":23},"end":{"line":22,"column":66}},"8":{"start":{"line":23,"column":23},"end":{"line":23,"column":66}},"9":{"start":{"line":27,"column":2},"end":{"line":31,"column":3}},"10":{"start":{"line":28,"column":4},"end":{"line":28,"column":20}},"11":{"start":{"line":30,"column":4},"end":{"line":30,"column":65}},"12":{"start":{"line":32,"column":2},"end":{"line":32,"column":20}},"13":{"start":{"line":37,"column":25},"end":{"line":37,"column":35}},"14":{"start":{"line":38,"column":26},"end":{"line":38,"column":60}},"15":{"start":{"line":39,"column":4},"end":{"line":39,"column":62}},"16":{"start":{"line":43,"column":4},"end":{"line":43,"column":55}},"17":{"start":{"line":47,"column":25},"end":{"line":47,"column":35}},"18":{"start":{"line":48,"column":34},"end":{"line":48,"column":68}},"19":{"start":{"line":49,"column":30},"end":{"line":49,"column":54}},"20":{"start":{"line":51,"column":4},"end":{"line":61,"column":5}},"21":{"start":{"line":52,"column":6},"end":{"line":60,"column":8}},"22":{"start":{"line":64,"column":4},"end":{"line":180,"column":5}},"23":{"start":{"line":68,"column":6},"end":{"line":78,"column":8}},"24":{"start":{"line":80,"column":6},"end":{"line":179,"column":8}},"25":{"start":{"line":181,"column":4},"end":{"line":181,"column":27}},"26":{"start":{"line":185,"column":32},"end":{"line":185,"column":41}},"27":{"start":{"line":187,"column":0},"end":{"line":193,"column":2}},"28":{"start":{"line":195,"column":24},"end":{"line":198,"column":2}},"29":{"start":{"line":195,"column":34},"end":{"line":198,"column":1}}},"fnMap":{"0":{"name":"secondsToTime","decl":{"start":{"line":11,"column":9},"end":{"line":11,"column":22}},"loc":{"start":{"line":11,"column":29},"end":{"line":33,"column":1}},"line":11},"1":{"name":"(anonymous_1)","decl":{"start":{"line":36,"column":2},"end":{"line":36,"column":3}},"loc":{"start":{"line":36,"column":22},"end":{"line":40,"column":3}},"line":36},"2":{"name":"(anonymous_2)","decl":{"start":{"line":42,"column":2},"end":{"line":42,"column":3}},"loc":{"start":{"line":42,"column":25},"end":{"line":44,"column":3}},"line":42},"3":{"name":"(anonymous_3)","decl":{"start":{"line":46,"column":2},"end":{"line":46,"column":3}},"loc":{"start":{"line":46,"column":11},"end":{"line":182,"column":3}},"line":46},"4":{"name":"(anonymous_4)","decl":{"start":{"line":195,"column":24},"end":{"line":195,"column":25}},"loc":{"start":{"line":195,"column":34},"end":{"line":198,"column":1}},"line":195}},"branchMap":{"0":{"loc":{"start":{"line":21,"column":21},"end":{"line":21,"column":58}},"type":"cond-expr","locations":[{"start":{"line":21,"column":34},"end":{"line":21,"column":45}},{"start":{"line":21,"column":48},"end":{"line":21,"column":58}}],"line":21},"1":{"loc":{"start":{"line":22,"column":23},"end":{"line":22,"column":66}},"type":"cond-expr","locations":[{"start":{"line":22,"column":38},"end":{"line":22,"column":51}},{"start":{"line":22,"column":54},"end":{"line":22,"column":66}}],"line":22},"2":{"loc":{"start":{"line":23,"column":23},"end":{"line":23,"column":66}},"type":"cond-expr","locations":[{"start":{"line":23,"column":38},"end":{"line":23,"column":51}},{"start":{"line":23,"column":54},"end":{"line":23,"column":66}}],"line":23},"3":{"loc":{"start":{"line":27,"column":2},"end":{"line":31,"column":3}},"type":"if","locations":[{"start":{"line":27,"column":2},"end":{"line":31,"column":3}},{"start":{"line":27,"column":2},"end":{"line":31,"column":3}}],"line":27},"4":{"loc":{"start":{"line":27,"column":6},"end":{"line":27,"column":54}},"type":"binary-expr","locations":[{"start":{"line":27,"column":6},"end":{"line":27,"column":18}},{"start":{"line":27,"column":22},"end":{"line":27,"column":36}},{"start":{"line":27,"column":40},"end":{"line":27,"column":54}}],"line":27},"5":{"loc":{"start":{"line":51,"column":4},"end":{"line":61,"column":5}},"type":"if","locations":[{"start":{"line":51,"column":4},"end":{"line":61,"column":5}},{"start":{"line":51,"column":4},"end":{"line":61,"column":5}}],"line":51},"6":{"loc":{"start":{"line":51,"column":8},"end":{"line":51,"column":60}},"type":"binary-expr","locations":[{"start":{"line":51,"column":8},"end":{"line":51,"column":16}},{"start":{"line":51,"column":20},"end":{"line":51,"column":36}},{"start":{"line":51,"column":40},"end":{"line":51,"column":60}}],"line":51},"7":{"loc":{"start":{"line":64,"column":4},"end":{"line":180,"column":5}},"type":"if","locations":[{"start":{"line":64,"column":4},"end":{"line":180,"column":5}},{"start":{"line":64,"column":4},"end":{"line":180,"column":5}}],"line":64},"8":{"loc":{"start":{"line":65,"column":6},"end":{"line":66,"column":59}},"type":"binary-expr","locations":[{"start":{"line":65,"column":6},"end":{"line":65,"column":69}},{"start":{"line":66,"column":6},"end":{"line":66,"column":59}}],"line":65},"9":{"loc":{"start":{"line":85,"column":15},"end":{"line":85,"column":79}},"type":"cond-expr","locations":[{"start":{"line":85,"column":55},"end":{"line":85,"column":65}},{"start":{"line":85,"column":68},"end":{"line":85,"column":79}}],"line":85},"10":{"loc":{"start":{"line":114,"column":17},"end":{"line":116,"column":57}},"type":"cond-expr","locations":[{"start":{"line":115,"column":20},"end":{"line":115,"column":24}},{"start":{"line":116,"column":20},"end":{"line":116,"column":57}}],"line":114},"11":{"loc":{"start":{"line":122,"column":17},"end":{"line":124,"column":57}},"type":"cond-expr","locations":[{"start":{"line":123,"column":20},"end":{"line":123,"column":24}},{"start":{"line":124,"column":20},"end":{"line":124,"column":57}}],"line":122},"12":{"loc":{"start":{"line":129,"column":17},"end":{"line":131,"column":53}},"type":"cond-expr","locations":[{"start":{"line":130,"column":20},"end":{"line":130,"column":24}},{"start":{"line":131,"column":20},"end":{"line":131,"column":53}}],"line":129},"13":{"loc":{"start":{"line":137,"column":17},"end":{"line":139,"column":53}},"type":"cond-expr","locations":[{"start":{"line":138,"column":20},"end":{"line":138,"column":24}},{"start":{"line":139,"column":20},"end":{"line":139,"column":53}}],"line":137},"14":{"loc":{"start":{"line":144,"column":17},"end":{"line":146,"column":55}},"type":"cond-expr","locations":[{"start":{"line":145,"column":20},"end":{"line":145,"column":24}},{"start":{"line":146,"column":20},"end":{"line":146,"column":55}}],"line":144},"15":{"loc":{"start":{"line":150,"column":17},"end":{"line":152,"column":55}},"type":"cond-expr","locations":[{"start":{"line":151,"column":20},"end":{"line":151,"column":24}},{"start":{"line":152,"column":20},"end":{"line":152,"column":55}}],"line":150},"16":{"loc":{"start":{"line":157,"column":17},"end":{"line":159,"column":53}},"type":"cond-expr","locations":[{"start":{"line":158,"column":20},"end":{"line":158,"column":24}},{"start":{"line":159,"column":20},"end":{"line":159,"column":53}}],"line":157},"17":{"loc":{"start":{"line":163,"column":17},"end":{"line":165,"column":53}},"type":"cond-expr","locations":[{"start":{"line":164,"column":20},"end":{"line":164,"column":24}},{"start":{"line":165,"column":20},"end":{"line":165,"column":53}}],"line":163}},"s":{"0":2,"1":2,"2":2,"3":2,"4":2,"5":2,"6":2,"7":2,"8":2,"9":2,"10":0,"11":2,"12":2,"13":1,"14":1,"15":1,"16":0,"17":1,"18":1,"19":1,"20":1,"21":0,"22":1,"23":0,"24":1,"25":1,"26":1,"27":1,"28":1,"29":0},"f":{"0":2,"1":1,"2":0,"3":1,"4":0},"b":{"0":[2,0],"1":[2,0],"2":[0,2],"3":[0,2],"4":[2,2,2],"5":[0,1],"6":[1,0,0],"7":[0,1],"8":[1,1],"9":[0,1],"10":[0,1],"11":[0,1],"12":[0,1],"13":[0,1],"14":[0,1],"15":[0,1],"16":[0,1],"17":[0,1]},"_coverageSchema":"332fd63041d2c1bcb487cc26dd0d5f7d97098a6c","hash":"871bc9eb756ea5b3b97bce518d1eba9e3c66bfb8"}
,"/Users/justin/github/bestrida-rn/src/components/CompletedChallenges.js": {"path":"/Users/justin/github/bestrida-rn/src/components/CompletedChallenges.js","statementMap":{"0":{"start":{"line":16,"column":25},"end":{"line":16,"column":68}},"1":{"start":{"line":20,"column":4},"end":{"line":20,"column":17}},"2":{"start":{"line":22,"column":4},"end":{"line":24,"column":6}},"3":{"start":{"line":25,"column":4},"end":{"line":25,"column":51}},"4":{"start":{"line":26,"column":4},"end":{"line":26,"column":55}},"5":{"start":{"line":30,"column":4},"end":{"line":32,"column":6}},"6":{"start":{"line":36,"column":35},"end":{"line":36,"column":45}},"7":{"start":{"line":37,"column":4},"end":{"line":40,"column":7}},"8":{"start":{"line":44,"column":33},"end":{"line":44,"column":43}},"9":{"start":{"line":45,"column":4},"end":{"line":45,"column":40}},"10":{"start":{"line":46,"column":4},"end":{"line":46,"column":59}},"11":{"start":{"line":47,"column":4},"end":{"line":49,"column":7}},"12":{"start":{"line":53,"column":4},"end":{"line":109,"column":6}},"13":{"start":{"line":58,"column":32},"end":{"line":58,"column":39}},"14":{"start":{"line":67,"column":12},"end":{"line":105,"column":31}},"15":{"start":{"line":69,"column":29},"end":{"line":69,"column":51}},"16":{"start":{"line":113,"column":53},"end":{"line":113,"column":62}},"17":{"start":{"line":115,"column":0},"end":{"line":124,"column":2}},"18":{"start":{"line":126,"column":24},"end":{"line":129,"column":2}},"19":{"start":{"line":126,"column":34},"end":{"line":129,"column":1}}},"fnMap":{"0":{"name":"(anonymous_0)","decl":{"start":{"line":19,"column":2},"end":{"line":19,"column":3}},"loc":{"start":{"line":19,"column":21},"end":{"line":27,"column":3}},"line":19},"1":{"name":"(anonymous_1)","decl":{"start":{"line":29,"column":2},"end":{"line":29,"column":3}},"loc":{"start":{"line":29,"column":22},"end":{"line":33,"column":3}},"line":29},"2":{"name":"(anonymous_2)","decl":{"start":{"line":35,"column":2},"end":{"line":35,"column":3}},"loc":{"start":{"line":35,"column":25},"end":{"line":41,"column":3}},"line":35},"3":{"name":"(anonymous_3)","decl":{"start":{"line":43,"column":2},"end":{"line":43,"column":3}},"loc":{"start":{"line":43,"column":18},"end":{"line":50,"column":3}},"line":43},"4":{"name":"(anonymous_4)","decl":{"start":{"line":52,"column":2},"end":{"line":52,"column":3}},"loc":{"start":{"line":52,"column":11},"end":{"line":110,"column":3}},"line":52},"5":{"name":"(anonymous_5)","decl":{"start":{"line":58,"column":24},"end":{"line":58,"column":25}},"loc":{"start":{"line":58,"column":32},"end":{"line":58,"column":39}},"line":58},"6":{"name":"(anonymous_6)","decl":{"start":{"line":66,"column":22},"end":{"line":66,"column":23}},"loc":{"start":{"line":67,"column":12},"end":{"line":105,"column":31}},"line":67},"7":{"name":"(anonymous_7)","decl":{"start":{"line":69,"column":23},"end":{"line":69,"column":24}},"loc":{"start":{"line":69,"column":29},"end":{"line":69,"column":51}},"line":69},"8":{"name":"(anonymous_8)","decl":{"start":{"line":126,"column":24},"end":{"line":126,"column":25}},"loc":{"start":{"line":126,"column":34},"end":{"line":129,"column":1}},"line":126}},"branchMap":{"0":{"loc":{"start":{"line":76,"column":20},"end":{"line":78,"column":42}},"type":"cond-expr","locations":[{"start":{"line":77,"column":24},"end":{"line":77,"column":40}},{"start":{"line":78,"column":24},"end":{"line":78,"column":42}}],"line":76}},"s":{"0":1,"1":1,"2":1,"3":1,"4":1,"5":1,"6":0,"7":0,"8":0,"9":0,"10":0,"11":0,"12":1,"13":0,"14":0,"15":0,"16":1,"17":1,"18":1,"19":0},"f":{"0":1,"1":1,"2":0,"3":0,"4":1,"5":0,"6":0,"7":0,"8":0},"b":{"0":[0,0]},"_coverageSchema":"332fd63041d2c1bcb487cc26dd0d5f7d97098a6c","hash":"c802818931869b28e43952ea9ce79a4ec2de0e68"}
,"/Users/justin/github/bestrida-rn/src/components/PendingChallengeDetail.js": {"path":"/Users/justin/github/bestrida-rn/src/components/PendingChallengeDetail.js","statementMap":{"0":{"start":{"line":19,"column":4},"end":{"line":19,"column":17}},"1":{"start":{"line":20,"column":4},"end":{"line":20,"column":53}},"2":{"start":{"line":21,"column":4},"end":{"line":21,"column":55}},"3":{"start":{"line":25,"column":25},"end":{"line":25,"column":35}},"4":{"start":{"line":26,"column":26},"end":{"line":26,"column":60}},"5":{"start":{"line":27,"column":4},"end":{"line":27,"column":62}},"6":{"start":{"line":31,"column":4},"end":{"line":31,"column":55}},"7":{"start":{"line":35,"column":37},"end":{"line":35,"column":47}},"8":{"start":{"line":36,"column":4},"end":{"line":36,"column":68}},"9":{"start":{"line":37,"column":4},"end":{"line":37,"column":57}},"10":{"start":{"line":38,"column":4},"end":{"line":38,"column":24}},"11":{"start":{"line":42,"column":37},"end":{"line":42,"column":47}},"12":{"start":{"line":43,"column":4},"end":{"line":43,"column":69}},"13":{"start":{"line":44,"column":4},"end":{"line":44,"column":57}},"14":{"start":{"line":45,"column":4},"end":{"line":45,"column":24}},"15":{"start":{"line":49,"column":25},"end":{"line":49,"column":35}},"16":{"start":{"line":50,"column":34},"end":{"line":50,"column":68}},"17":{"start":{"line":51,"column":30},"end":{"line":51,"column":54}},"18":{"start":{"line":53,"column":4},"end":{"line":63,"column":5}},"19":{"start":{"line":54,"column":6},"end":{"line":62,"column":8}},"20":{"start":{"line":66,"column":4},"end":{"line":94,"column":5}},"21":{"start":{"line":67,"column":6},"end":{"line":84,"column":8}},"22":{"start":{"line":70,"column":27},"end":{"line":70,"column":67}},"23":{"start":{"line":78,"column":27},"end":{"line":78,"column":66}},"24":{"start":{"line":85,"column":11},"end":{"line":94,"column":5}},"25":{"start":{"line":86,"column":6},"end":{"line":93,"column":8}},"26":{"start":{"line":88,"column":25},"end":{"line":88,"column":65}},"27":{"start":{"line":96,"column":4},"end":{"line":159,"column":6}},"28":{"start":{"line":163,"column":32},"end":{"line":163,"column":41}},"29":{"start":{"line":165,"column":0},"end":{"line":171,"column":2}},"30":{"start":{"line":173,"column":24},"end":{"line":176,"column":2}},"31":{"start":{"line":173,"column":34},"end":{"line":176,"column":1}}},"fnMap":{"0":{"name":"(anonymous_0)","decl":{"start":{"line":18,"column":2},"end":{"line":18,"column":3}},"loc":{"start":{"line":18,"column":21},"end":{"line":22,"column":3}},"line":18},"1":{"name":"(anonymous_1)","decl":{"start":{"line":24,"column":2},"end":{"line":24,"column":3}},"loc":{"start":{"line":24,"column":22},"end":{"line":28,"column":3}},"line":24},"2":{"name":"(anonymous_2)","decl":{"start":{"line":30,"column":2},"end":{"line":30,"column":3}},"loc":{"start":{"line":30,"column":25},"end":{"line":32,"column":3}},"line":30},"3":{"name":"(anonymous_3)","decl":{"start":{"line":34,"column":2},"end":{"line":34,"column":3}},"loc":{"start":{"line":34,"column":36},"end":{"line":39,"column":3}},"line":34},"4":{"name":"(anonymous_4)","decl":{"start":{"line":41,"column":2},"end":{"line":41,"column":3}},"loc":{"start":{"line":41,"column":37},"end":{"line":46,"column":3}},"line":41},"5":{"name":"(anonymous_5)","decl":{"start":{"line":48,"column":2},"end":{"line":48,"column":3}},"loc":{"start":{"line":48,"column":11},"end":{"line":160,"column":3}},"line":48},"6":{"name":"(anonymous_6)","decl":{"start":{"line":70,"column":21},"end":{"line":70,"column":22}},"loc":{"start":{"line":70,"column":27},"end":{"line":70,"column":67}},"line":70},"7":{"name":"(anonymous_7)","decl":{"start":{"line":78,"column":21},"end":{"line":78,"column":22}},"loc":{"start":{"line":78,"column":27},"end":{"line":78,"column":66}},"line":78},"8":{"name":"(anonymous_8)","decl":{"start":{"line":88,"column":19},"end":{"line":88,"column":20}},"loc":{"start":{"line":88,"column":25},"end":{"line":88,"column":65}},"line":88},"9":{"name":"(anonymous_9)","decl":{"start":{"line":173,"column":24},"end":{"line":173,"column":25}},"loc":{"start":{"line":173,"column":34},"end":{"line":176,"column":1}},"line":173}},"branchMap":{"0":{"loc":{"start":{"line":53,"column":4},"end":{"line":63,"column":5}},"type":"if","locations":[{"start":{"line":53,"column":4},"end":{"line":63,"column":5}},{"start":{"line":53,"column":4},"end":{"line":63,"column":5}}],"line":53},"1":{"loc":{"start":{"line":53,"column":8},"end":{"line":53,"column":60}},"type":"binary-expr","locations":[{"start":{"line":53,"column":8},"end":{"line":53,"column":16}},{"start":{"line":53,"column":20},"end":{"line":53,"column":36}},{"start":{"line":53,"column":40},"end":{"line":53,"column":60}}],"line":53},"2":{"loc":{"start":{"line":66,"column":4},"end":{"line":94,"column":5}},"type":"if","locations":[{"start":{"line":66,"column":4},"end":{"line":94,"column":5}},{"start":{"line":66,"column":4},"end":{"line":94,"column":5}}],"line":66},"3":{"loc":{"start":{"line":66,"column":8},"end":{"line":66,"column":52}},"type":"binary-expr","locations":[{"start":{"line":66,"column":8},"end":{"line":66,"column":14}},{"start":{"line":66,"column":18},"end":{"line":66,"column":52}}],"line":66},"4":{"loc":{"start":{"line":85,"column":11},"end":{"line":94,"column":5}},"type":"if","locations":[{"start":{"line":85,"column":11},"end":{"line":94,"column":5}},{"start":{"line":85,"column":11},"end":{"line":94,"column":5}}],"line":85},"5":{"loc":{"start":{"line":85,"column":15},"end":{"line":85,"column":59}},"type":"binary-expr","locations":[{"start":{"line":85,"column":15},"end":{"line":85,"column":21}},{"start":{"line":85,"column":25},"end":{"line":85,"column":59}}],"line":85},"6":{"loc":{"start":{"line":120,"column":15},"end":{"line":121,"column":19}},"type":"binary-expr","locations":[{"start":{"line":120,"column":15},"end":{"line":120,"column":75}},{"start":{"line":121,"column":16},"end":{"line":121,"column":19}}],"line":120},"7":{"loc":{"start":{"line":127,"column":18},"end":{"line":129,"column":20}},"type":"cond-expr","locations":[{"start":{"line":128,"column":18},"end":{"line":128,"column":46}},{"start":{"line":129,"column":18},"end":{"line":129,"column":20}}],"line":127},"8":{"loc":{"start":{"line":135,"column":15},"end":{"line":135,"column":64}},"type":"binary-expr","locations":[{"start":{"line":135,"column":15},"end":{"line":135,"column":45}},{"start":{"line":135,"column":49},"end":{"line":135,"column":64}}],"line":135},"9":{"loc":{"start":{"line":146,"column":15},"end":{"line":146,"column":65}},"type":"binary-expr","locations":[{"start":{"line":146,"column":15},"end":{"line":146,"column":46}},{"start":{"line":146,"column":50},"end":{"line":146,"column":65}}],"line":146}},"s":{"0":1,"1":1,"2":1,"3":1,"4":1,"5":1,"6":0,"7":0,"8":0,"9":0,"10":0,"11":0,"12":0,"13":0,"14":0,"15":1,"16":1,"17":1,"18":1,"19":0,"20":1,"21":0,"22":0,"23":0,"24":1,"25":0,"26":0,"27":1,"28":1,"29":1,"30":1,"31":0},"f":{"0":1,"1":1,"2":0,"3":0,"4":0,"5":1,"6":0,"7":0,"8":0,"9":0},"b":{"0":[0,1],"1":[1,0,0],"2":[0,1],"3":[1,0],"4":[0,1],"5":[1,0],"6":[1,0],"7":[0,1],"8":[1,1],"9":[1,1]},"_coverageSchema":"332fd63041d2c1bcb487cc26dd0d5f7d97098a6c","hash":"4da1ae1fc159ed944950972d7a4629bdcb4d27fd"}
,"/Users/justin/github/bestrida-rn/src/components/SegmentMap.js": {"path":"/Users/justin/github/bestrida-rn/src/components/SegmentMap.js","statementMap":{"0":{"start":{"line":9,"column":35},"end":{"line":9,"column":45}},"1":{"start":{"line":11,"column":19},"end":{"line":11,"column":23}},"2":{"start":{"line":12,"column":25},"end":{"line":12,"column":39}},"3":{"start":{"line":13,"column":25},"end":{"line":13,"column":31}},"4":{"start":{"line":14,"column":26},"end":{"line":14,"column":55}},"5":{"start":{"line":15,"column":17},"end":{"line":20,"column":5}},"6":{"start":{"line":22,"column":4},"end":{"line":49,"column":5}},"7":{"start":{"line":23,"column":22},"end":{"line":23,"column":42}},"8":{"start":{"line":24,"column":21},"end":{"line":27,"column":9}},"9":{"start":{"line":24,"column":43},"end":{"line":27,"column":7}},"10":{"start":{"line":28,"column":25},"end":{"line":28,"column":34}},"11":{"start":{"line":29,"column":23},"end":{"line":29,"column":48}},"12":{"start":{"line":30,"column":24},"end":{"line":30,"column":69}},"13":{"start":{"line":31,"column":25},"end":{"line":31,"column":72}},"14":{"start":{"line":32,"column":6},"end":{"line":34,"column":57}},"15":{"start":{"line":35,"column":6},"end":{"line":35,"column":63}},"16":{"start":{"line":36,"column":6},"end":{"line":41,"column":8}},"17":{"start":{"line":42,"column":6},"end":{"line":48,"column":8}},"18":{"start":{"line":51,"column":4},"end":{"line":62,"column":6}},"19":{"start":{"line":66,"column":26},"end":{"line":66,"column":35}},"20":{"start":{"line":68,"column":0},"end":{"line":72,"column":2}}},"fnMap":{"0":{"name":"(anonymous_0)","decl":{"start":{"line":8,"column":2},"end":{"line":8,"column":3}},"loc":{"start":{"line":8,"column":11},"end":{"line":63,"column":3}},"line":8},"1":{"name":"(anonymous_1)","decl":{"start":{"line":24,"column":33},"end":{"line":24,"column":34}},"loc":{"start":{"line":24,"column":43},"end":{"line":27,"column":7}},"line":24}},"branchMap":{"0":{"loc":{"start":{"line":22,"column":4},"end":{"line":49,"column":5}},"type":"if","locations":[{"start":{"line":22,"column":4},"end":{"line":49,"column":5}},{"start":{"line":22,"column":4},"end":{"line":49,"column":5}}],"line":22},"1":{"loc":{"start":{"line":22,"column":8},"end":{"line":22,"column":27}},"type":"binary-expr","locations":[{"start":{"line":22,"column":8},"end":{"line":22,"column":11}},{"start":{"line":22,"column":15},"end":{"line":22,"column":27}}],"line":22}},"s":{"0":0,"1":0,"2":0,"3":0,"4":0,"5":0,"6":0,"7":0,"8":0,"9":0,"10":0,"11":0,"12":0,"13":0,"14":0,"15":0,"16":0,"17":0,"18":0,"19":3,"20":3},"f":{"0":0,"1":0},"b":{"0":[0,0],"1":[0,0]},"_coverageSchema":"332fd63041d2c1bcb487cc26dd0d5f7d97098a6c","hash":"0771681e0133827e85c4d672bd910120d1568c0c"}
,"/Users/justin/github/bestrida-rn/src/components/Settings.js": {"path":"/Users/justin/github/bestrida-rn/src/components/Settings.js","statementMap":{"0":{"start":{"line":15,"column":21},"end":{"line":15,"column":51}},"1":{"start":{"line":16,"column":20},"end":{"line":16,"column":33}},"2":{"start":{"line":17,"column":21},"end":{"line":17,"column":30}},"3":{"start":{"line":18,"column":22},"end":{"line":33,"column":2}},"4":{"start":{"line":37,"column":4},"end":{"line":37,"column":17}},"5":{"start":{"line":38,"column":4},"end":{"line":38,"column":53}},"6":{"start":{"line":39,"column":4},"end":{"line":39,"column":61}},"7":{"start":{"line":40,"column":4},"end":{"line":40,"column":55}},"8":{"start":{"line":44,"column":37},"end":{"line":44,"column":47}},"9":{"start":{"line":45,"column":4},"end":{"line":45,"column":39}},"10":{"start":{"line":46,"column":4},"end":{"line":46,"column":41}},"11":{"start":{"line":50,"column":33},"end":{"line":50,"column":43}},"12":{"start":{"line":51,"column":4},"end":{"line":51,"column":45}},"13":{"start":{"line":55,"column":4},"end":{"line":55,"column":51}},"14":{"start":{"line":59,"column":40},"end":{"line":59,"column":50}},"15":{"start":{"line":61,"column":4},"end":{"line":89,"column":5}},"16":{"start":{"line":62,"column":6},"end":{"line":75,"column":8}},"17":{"start":{"line":76,"column":11},"end":{"line":89,"column":5}},"18":{"start":{"line":77,"column":6},"end":{"line":88,"column":8}},"19":{"start":{"line":91,"column":4},"end":{"line":108,"column":6}},"20":{"start":{"line":112,"column":39},"end":{"line":112,"column":48}},"21":{"start":{"line":114,"column":0},"end":{"line":121,"column":2}},"22":{"start":{"line":123,"column":24},"end":{"line":128,"column":2}},"23":{"start":{"line":123,"column":34},"end":{"line":128,"column":1}}},"fnMap":{"0":{"name":"(anonymous_0)","decl":{"start":{"line":36,"column":2},"end":{"line":36,"column":3}},"loc":{"start":{"line":36,"column":21},"end":{"line":41,"column":3}},"line":36},"1":{"name":"(anonymous_1)","decl":{"start":{"line":43,"column":2},"end":{"line":43,"column":3}},"loc":{"start":{"line":43,"column":17},"end":{"line":47,"column":3}},"line":43},"2":{"name":"(anonymous_2)","decl":{"start":{"line":49,"column":2},"end":{"line":49,"column":3}},"loc":{"start":{"line":49,"column":21},"end":{"line":52,"column":3}},"line":49},"3":{"name":"(anonymous_3)","decl":{"start":{"line":54,"column":2},"end":{"line":54,"column":3}},"loc":{"start":{"line":54,"column":18},"end":{"line":56,"column":3}},"line":54},"4":{"name":"(anonymous_4)","decl":{"start":{"line":58,"column":2},"end":{"line":58,"column":3}},"loc":{"start":{"line":58,"column":11},"end":{"line":109,"column":3}},"line":58},"5":{"name":"(anonymous_5)","decl":{"start":{"line":123,"column":24},"end":{"line":123,"column":25}},"loc":{"start":{"line":123,"column":34},"end":{"line":128,"column":1}},"line":123}},"branchMap":{"0":{"loc":{"start":{"line":15,"column":21},"end":{"line":15,"column":51}},"type":"cond-expr","locations":[{"start":{"line":15,"column":44},"end":{"line":15,"column":46}},{"start":{"line":15,"column":49},"end":{"line":15,"column":51}}],"line":15},"1":{"loc":{"start":{"line":61,"column":4},"end":{"line":89,"column":5}},"type":"if","locations":[{"start":{"line":61,"column":4},"end":{"line":89,"column":5}},{"start":{"line":61,"column":4},"end":{"line":89,"column":5}}],"line":61},"2":{"loc":{"start":{"line":76,"column":11},"end":{"line":89,"column":5}},"type":"if","locations":[{"start":{"line":76,"column":11},"end":{"line":89,"column":5}},{"start":{"line":76,"column":11},"end":{"line":89,"column":5}}],"line":76}},"s":{"0":1,"1":1,"2":1,"3":1,"4":1,"5":1,"6":1,"7":1,"8":0,"9":0,"10":0,"11":0,"12":0,"13":0,"14":1,"15":1,"16":0,"17":1,"18":0,"19":1,"20":1,"21":1,"22":1,"23":0},"f":{"0":1,"1":0,"2":0,"3":0,"4":1,"5":0},"b":{"0":[1,0],"1":[0,1],"2":[0,1]},"_coverageSchema":"332fd63041d2c1bcb487cc26dd0d5f7d97098a6c","hash":"fb92b76408bea98c301c58d3022ada50749a1940"}
,"/Users/justin/github/bestrida-rn/src/constants/app.js": {"path":"/Users/justin/github/bestrida-rn/src/constants/app.js","statementMap":{"0":{"start":{"line":1,"column":23},"end":{"line":1,"column":52}},"1":{"start":{"line":2,"column":25},"end":{"line":2,"column":29}}},"fnMap":{},"branchMap":{},"s":{"0":7,"1":7},"f":{},"b":{},"_coverageSchema":"332fd63041d2c1bcb487cc26dd0d5f7d97098a6c","hash":"02e72fc93db1c67b191e36bba74c91733f5c7a83"}
,"/Users/justin/github/bestrida-rn/src/constants/challenges.js": {"path":"/Users/justin/github/bestrida-rn/src/constants/challenges.js","statementMap":{"0":{"start":{"line":1,"column":42},"end":{"line":1,"column":70}},"1":{"start":{"line":2,"column":42},"end":{"line":2,"column":70}},"2":{"start":{"line":3,"column":42},"end":{"line":3,"column":70}},"3":{"start":{"line":4,"column":41},"end":{"line":4,"column":68}},"4":{"start":{"line":5,"column":41},"end":{"line":5,"column":68}},"5":{"start":{"line":6,"column":41},"end":{"line":6,"column":68}},"6":{"start":{"line":7,"column":44},"end":{"line":7,"column":74}},"7":{"start":{"line":8,"column":44},"end":{"line":8,"column":74}},"8":{"start":{"line":9,"column":44},"end":{"line":9,"column":74}},"9":{"start":{"line":10,"column":40},"end":{"line":10,"column":66}},"10":{"start":{"line":11,"column":40},"end":{"line":11,"column":66}},"11":{"start":{"line":12,"column":41},"end":{"line":12,"column":68}},"12":{"start":{"line":13,"column":41},"end":{"line":13,"column":68}},"13":{"start":{"line":14,"column":42},"end":{"line":14,"column":70}},"14":{"start":{"line":15,"column":42},"end":{"line":15,"column":70}},"15":{"start":{"line":16,"column":40},"end":{"line":16,"column":66}},"16":{"start":{"line":17,"column":40},"end":{"line":17,"column":66}},"17":{"start":{"line":18,"column":36},"end":{"line":18,"column":58}}},"fnMap":{},"branchMap":{},"s":{"0":5,"1":5,"2":5,"3":5,"4":5,"5":5,"6":5,"7":5,"8":5,"9":5,"10":5,"11":5,"12":5,"13":5,"14":5,"15":5,"16":5,"17":5},"f":{},"b":{},"_coverageSchema":"332fd63041d2c1bcb487cc26dd0d5f7d97098a6c","hash":"ce714cd129600ea99a21c7d08e0bb57b95e4a728"}
,"/Users/justin/github/bestrida-rn/src/constants/segments.js": {"path":"/Users/justin/github/bestrida-rn/src/constants/segments.js","statementMap":{"0":{"start":{"line":1,"column":27},"end":{"line":1,"column":40}},"1":{"start":{"line":2,"column":31},"end":{"line":2,"column":48}},"2":{"start":{"line":3,"column":29},"end":{"line":3,"column":44}},"3":{"start":{"line":4,"column":29},"end":{"line":4,"column":44}}},"fnMap":{},"branchMap":{},"s":{"0":3,"1":3,"2":3,"3":3},"f":{},"b":{},"_coverageSchema":"332fd63041d2c1bcb487cc26dd0d5f7d97098a6c","hash":"f67d28ccd3380756819f43eb5a2eb49e41605af3"}
,"/Users/justin/github/bestrida-rn/src/constants/user.js": {"path":"/Users/justin/github/bestrida-rn/src/constants/user.js","statementMap":{"0":{"start":{"line":1,"column":25},"end":{"line":1,"column":36}},"1":{"start":{"line":2,"column":35},"end":{"line":2,"column":56}},"2":{"start":{"line":3,"column":35},"end":{"line":3,"column":56}},"3":{"start":{"line":4,"column":35},"end":{"line":4,"column":56}},"4":{"start":{"line":5,"column":35},"end":{"line":5,"column":56}},"5":{"start":{"line":6,"column":32},"end":{"line":6,"column":50}},"6":{"start":{"line":7,"column":32},"end":{"line":7,"column":50}},"7":{"start":{"line":8,"column":32},"end":{"line":8,"column":50}},"8":{"start":{"line":9,"column":41},"end":{"line":9,"column":68}},"9":{"start":{"line":10,"column":41},"end":{"line":10,"column":68}},"10":{"start":{"line":11,"column":41},"end":{"line":11,"column":68}},"11":{"start":{"line":12,"column":40},"end":{"line":12,"column":66}},"12":{"start":{"line":13,"column":40},"end":{"line":13,"column":66}},"13":{"start":{"line":14,"column":40},"end":{"line":14,"column":66}}},"fnMap":{},"branchMap":{},"s":{"0":1,"1":1,"2":1,"3":1,"4":1,"5":1,"6":1,"7":1,"8":1,"9":1,"10":1,"11":1,"12":1,"13":1},"f":{},"b":{},"_coverageSchema":"332fd63041d2c1bcb487cc26dd0d5f7d97098a6c","hash":"978d93c37116b494a817fea6b1c268d6438e1598"}
,"/Users/justin/github/bestrida-rn/src/styles/completedStyles.js": {"path":"/Users/justin/github/bestrida-rn/src/styles/completedStyles.js","statementMap":{"0":{"start":{"line":4,"column":0},"end":{"line":88,"column":1}},"1":{"start":{"line":5,"column":2},"end":{"line":45,"column":5}},"2":{"start":{"line":47,"column":2},"end":{"line":87,"column":5}},"3":{"start":{"line":90,"column":24},"end":{"line":90,"column":30}}},"fnMap":{},"branchMap":{"0":{"loc":{"start":{"line":4,"column":0},"end":{"line":88,"column":1}},"type":"if","locations":[{"start":{"line":4,"column":0},"end":{"line":88,"column":1}},{"start":{"line":4,"column":0},"end":{"line":88,"column":1}}],"line":4}},"s":{"0":1,"1":1,"2":0,"3":1},"f":{},"b":{"0":[1,0]},"_coverageSchema":"332fd63041d2c1bcb487cc26dd0d5f7d97098a6c","hash":"6b192dce0fb555b00d861dcdfbfedddd5785548d"}
,"/Users/justin/github/bestrida-rn/src/styles/feedStyles.js": {"path":"/Users/justin/github/bestrida-rn/src/styles/feedStyles.js","statementMap":{"0":{"start":{"line":4,"column":0},"end":{"line":134,"column":1}},"1":{"start":{"line":5,"column":2},"end":{"line":68,"column":5}},"2":{"start":{"line":70,"column":2},"end":{"line":133,"column":5}},"3":{"start":{"line":136,"column":19},"end":{"line":136,"column":25}}},"fnMap":{},"branchMap":{"0":{"loc":{"start":{"line":4,"column":0},"end":{"line":134,"column":1}},"type":"if","locations":[{"start":{"line":4,"column":0},"end":{"line":134,"column":1}},{"start":{"line":4,"column":0},"end":{"line":134,"column":1}}],"line":4}},"s":{"0":1,"1":1,"2":0,"3":1},"f":{},"b":{"0":[1,0]},"_coverageSchema":"332fd63041d2c1bcb487cc26dd0d5f7d97098a6c","hash":"494ee331bec8cc110fdbf548406628b866e30442"}
,"/Users/justin/github/bestrida-rn/src/styles/pendingStyles.js": {"path":"/Users/justin/github/bestrida-rn/src/styles/pendingStyles.js","statementMap":{"0":{"start":{"line":4,"column":0},"end":{"line":86,"column":1}},"1":{"start":{"line":5,"column":2},"end":{"line":43,"column":5}},"2":{"start":{"line":45,"column":2},"end":{"line":85,"column":5}},"3":{"start":{"line":88,"column":22},"end":{"line":88,"column":28}}},"fnMap":{},"branchMap":{"0":{"loc":{"start":{"line":4,"column":0},"end":{"line":86,"column":1}},"type":"if","locations":[{"start":{"line":4,"column":0},"end":{"line":86,"column":1}},{"start":{"line":4,"column":0},"end":{"line":86,"column":1}}],"line":4}},"s":{"0":1,"1":1,"2":0,"3":1},"f":{},"b":{"0":[1,0]},"_coverageSchema":"332fd63041d2c1bcb487cc26dd0d5f7d97098a6c","hash":"ba93d180d10aeb7e78a41c5d752db883cb170262"}
,"/Users/justin/github/bestrida-rn/src/styles/styles.js": {"path":"/Users/justin/github/bestrida-rn/src/styles/styles.js","statementMap":{"0":{"start":{"line":3,"column":16},"end":{"line":3,"column":20}},"1":{"start":{"line":5,"column":0},"end":{"line":326,"column":1}},"2":{"start":{"line":6,"column":2},"end":{"line":165,"column":5}},"3":{"start":{"line":167,"column":2},"end":{"line":325,"column":5}},"4":{"start":{"line":328,"column":15},"end":{"line":328,"column":24}}},"fnMap":{},"branchMap":{"0":{"loc":{"start":{"line":5,"column":0},"end":{"line":326,"column":1}},"type":"if","locations":[{"start":{"line":5,"column":0},"end":{"line":326,"column":1}},{"start":{"line":5,"column":0},"end":{"line":326,"column":1}}],"line":5}},"s":{"0":7,"1":7,"2":7,"3":0,"4":7},"f":{},"b":{"0":[7,0]},"_coverageSchema":"332fd63041d2c1bcb487cc26dd0d5f7d97098a6c","hash":"255d1c145b32996132f0bf18517ba2f58d311f58"}
}
