{"/Users/jzimmerman/github/bestrida-rn/src/actions/challenges.js": {"path":"/Users/jzimmerman/github/bestrida-rn/src/actions/challenges.js","statementMap":{"0":{"start":{"line":4,"column":16},"end":{"line":4,"column":49}},"1":{"start":{"line":7,"column":38},"end":{"line":35,"column":4}},"2":{"start":{"line":11,"column":4},"end":{"line":15,"column":5}},"3":{"start":{"line":12,"column":6},"end":{"line":12,"column":46}},"4":{"start":{"line":13,"column":11},"end":{"line":15,"column":5}},"5":{"start":{"line":14,"column":6},"end":{"line":14,"column":46}},"6":{"start":{"line":17,"column":4},"end":{"line":31,"column":5}},"7":{"start":{"line":19,"column":6},"end":{"line":23,"column":7}},"8":{"start":{"line":20,"column":8},"end":{"line":20,"column":43}},"9":{"start":{"line":22,"column":8},"end":{"line":22,"column":59}},"10":{"start":{"line":24,"column":11},"end":{"line":31,"column":5}},"11":{"start":{"line":26,"column":6},"end":{"line":30,"column":7}},"12":{"start":{"line":27,"column":8},"end":{"line":27,"column":43}},"13":{"start":{"line":29,"column":8},"end":{"line":29,"column":59}},"14":{"start":{"line":33,"column":30},"end":{"line":33,"column":75}},"15":{"start":{"line":34,"column":4},"end":{"line":34,"column":29}},"16":{"start":{"line":36,"column":2},"end":{"line":36,"column":37}},"17":{"start":{"line":40,"column":36},"end":{"line":55,"column":4}},"18":{"start":{"line":42,"column":4},"end":{"line":52,"column":5}},"19":{"start":{"line":43,"column":6},"end":{"line":49,"column":7}},"20":{"start":{"line":44,"column":8},"end":{"line":44,"column":52}},"21":{"start":{"line":45,"column":13},"end":{"line":49,"column":7}},"22":{"start":{"line":46,"column":8},"end":{"line":46,"column":53}},"23":{"start":{"line":48,"column":8},"end":{"line":48,"column":60}},"24":{"start":{"line":51,"column":6},"end":{"line":51,"column":48}},"25":{"start":{"line":53,"column":28},"end":{"line":53,"column":61}},"26":{"start":{"line":54,"column":4},"end":{"line":54,"column":27}},"27":{"start":{"line":56,"column":2},"end":{"line":56,"column":35}},"28":{"start":{"line":60,"column":2},"end":{"line":90,"column":4}},"29":{"start":{"line":61,"column":4},"end":{"line":64,"column":7}},"30":{"start":{"line":65,"column":4},"end":{"line":89,"column":7}},"31":{"start":{"line":70,"column":22},"end":{"line":70,"column":37}},"32":{"start":{"line":71,"column":24},"end":{"line":71,"column":61}},"33":{"start":{"line":73,"column":6},"end":{"line":79,"column":9}},"34":{"start":{"line":82,"column":6},"end":{"line":88,"column":9}},"35":{"start":{"line":94,"column":2},"end":{"line":124,"column":4}},"36":{"start":{"line":95,"column":4},"end":{"line":98,"column":7}},"37":{"start":{"line":99,"column":4},"end":{"line":123,"column":7}},"38":{"start":{"line":104,"column":22},"end":{"line":104,"column":37}},"39":{"start":{"line":105,"column":24},"end":{"line":105,"column":61}},"40":{"start":{"line":107,"column":6},"end":{"line":113,"column":9}},"41":{"start":{"line":116,"column":6},"end":{"line":122,"column":9}},"42":{"start":{"line":128,"column":2},"end":{"line":159,"column":4}},"43":{"start":{"line":129,"column":4},"end":{"line":132,"column":7}},"44":{"start":{"line":133,"column":4},"end":{"line":158,"column":7}},"45":{"start":{"line":138,"column":22},"end":{"line":138,"column":37}},"46":{"start":{"line":139,"column":24},"end":{"line":139,"column":61}},"47":{"start":{"line":140,"column":32},"end":{"line":140,"column":76}},"48":{"start":{"line":142,"column":6},"end":{"line":148,"column":9}},"49":{"start":{"line":151,"column":6},"end":{"line":157,"column":9}},"50":{"start":{"line":163,"column":2},"end":{"line":193,"column":4}},"51":{"start":{"line":164,"column":4},"end":{"line":192,"column":7}},"52":{"start":{"line":174,"column":22},"end":{"line":174,"column":37}},"53":{"start":{"line":176,"column":6},"end":{"line":181,"column":9}},"54":{"start":{"line":186,"column":6},"end":{"line":191,"column":9}},"55":{"start":{"line":197,"column":2},"end":{"line":226,"column":4}},"56":{"start":{"line":198,"column":4},"end":{"line":225,"column":7}},"57":{"start":{"line":208,"column":22},"end":{"line":208,"column":37}},"58":{"start":{"line":210,"column":6},"end":{"line":215,"column":9}},"59":{"start":{"line":219,"column":6},"end":{"line":224,"column":9}},"60":{"start":{"line":230,"column":2},"end":{"line":272,"column":4}},"61":{"start":{"line":231,"column":4},"end":{"line":271,"column":7}},"62":{"start":{"line":242,"column":22},"end":{"line":242,"column":37}},"63":{"start":{"line":244,"column":6},"end":{"line":261,"column":7}},"64":{"start":{"line":245,"column":8},"end":{"line":247,"column":9}},"65":{"start":{"line":246,"column":10},"end":{"line":246,"column":46}},"66":{"start":{"line":248,"column":8},"end":{"line":253,"column":11}},"67":{"start":{"line":255,"column":8},"end":{"line":260,"column":11}},"68":{"start":{"line":265,"column":6},"end":{"line":270,"column":9}},"69":{"start":{"line":276,"column":2},"end":{"line":278,"column":4}},"70":{"start":{"line":277,"column":4},"end":{"line":277,"column":55}},"71":{"start":{"line":282,"column":2},"end":{"line":318,"column":4}},"72":{"start":{"line":283,"column":4},"end":{"line":317,"column":7}},"73":{"start":{"line":301,"column":22},"end":{"line":301,"column":37}},"74":{"start":{"line":303,"column":6},"end":{"line":308,"column":9}},"75":{"start":{"line":311,"column":6},"end":{"line":316,"column":9}}},"fnMap":{"0":{"name":"determineOpponent","decl":{"start":{"line":6,"column":9},"end":{"line":6,"column":26}},"loc":{"start":{"line":6,"column":47},"end":{"line":37,"column":1}}},"1":{"name":"(anonymous_1)","decl":{"start":{"line":7,"column":53},"end":{"line":7,"column":54}},"loc":{"start":{"line":7,"column":68},"end":{"line":35,"column":3}}},"2":{"name":"completionStatus","decl":{"start":{"line":39,"column":9},"end":{"line":39,"column":25}},"loc":{"start":{"line":39,"column":46},"end":{"line":57,"column":1}}},"3":{"name":"(anonymous_3)","decl":{"start":{"line":40,"column":51},"end":{"line":40,"column":52}},"loc":{"start":{"line":40,"column":66},"end":{"line":55,"column":3}}},"4":{"name":"pendingChallenges","decl":{"start":{"line":59,"column":16},"end":{"line":59,"column":33}},"loc":{"start":{"line":59,"column":42},"end":{"line":91,"column":1}}},"5":{"name":"(anonymous_5)","decl":{"start":{"line":60,"column":9},"end":{"line":60,"column":10}},"loc":{"start":{"line":60,"column":23},"end":{"line":90,"column":3}}},"6":{"name":"(anonymous_6)","decl":{"start":{"line":70,"column":10},"end":{"line":70,"column":11}},"loc":{"start":{"line":70,"column":22},"end":{"line":70,"column":37}}},"7":{"name":"(anonymous_7)","decl":{"start":{"line":71,"column":10},"end":{"line":71,"column":11}},"loc":{"start":{"line":71,"column":24},"end":{"line":71,"column":61}}},"8":{"name":"(anonymous_8)","decl":{"start":{"line":72,"column":10},"end":{"line":72,"column":11}},"loc":{"start":{"line":72,"column":32},"end":{"line":80,"column":5}}},"9":{"name":"(anonymous_9)","decl":{"start":{"line":81,"column":11},"end":{"line":81,"column":12}},"loc":{"start":{"line":81,"column":20},"end":{"line":89,"column":5}}},"10":{"name":"activeChallenges","decl":{"start":{"line":93,"column":16},"end":{"line":93,"column":32}},"loc":{"start":{"line":93,"column":41},"end":{"line":125,"column":1}}},"11":{"name":"(anonymous_11)","decl":{"start":{"line":94,"column":9},"end":{"line":94,"column":10}},"loc":{"start":{"line":94,"column":23},"end":{"line":124,"column":3}}},"12":{"name":"(anonymous_12)","decl":{"start":{"line":104,"column":10},"end":{"line":104,"column":11}},"loc":{"start":{"line":104,"column":22},"end":{"line":104,"column":37}}},"13":{"name":"(anonymous_13)","decl":{"start":{"line":105,"column":10},"end":{"line":105,"column":11}},"loc":{"start":{"line":105,"column":24},"end":{"line":105,"column":61}}},"14":{"name":"(anonymous_14)","decl":{"start":{"line":106,"column":10},"end":{"line":106,"column":11}},"loc":{"start":{"line":106,"column":32},"end":{"line":114,"column":5}}},"15":{"name":"(anonymous_15)","decl":{"start":{"line":115,"column":11},"end":{"line":115,"column":12}},"loc":{"start":{"line":115,"column":20},"end":{"line":123,"column":5}}},"16":{"name":"completedChallenges","decl":{"start":{"line":127,"column":16},"end":{"line":127,"column":35}},"loc":{"start":{"line":127,"column":44},"end":{"line":160,"column":1}}},"17":{"name":"(anonymous_17)","decl":{"start":{"line":128,"column":9},"end":{"line":128,"column":10}},"loc":{"start":{"line":128,"column":23},"end":{"line":159,"column":3}}},"18":{"name":"(anonymous_18)","decl":{"start":{"line":138,"column":10},"end":{"line":138,"column":11}},"loc":{"start":{"line":138,"column":22},"end":{"line":138,"column":37}}},"19":{"name":"(anonymous_19)","decl":{"start":{"line":139,"column":10},"end":{"line":139,"column":11}},"loc":{"start":{"line":139,"column":24},"end":{"line":139,"column":61}}},"20":{"name":"(anonymous_20)","decl":{"start":{"line":140,"column":10},"end":{"line":140,"column":11}},"loc":{"start":{"line":140,"column":32},"end":{"line":140,"column":76}}},"21":{"name":"(anonymous_21)","decl":{"start":{"line":141,"column":10},"end":{"line":141,"column":11}},"loc":{"start":{"line":141,"column":39},"end":{"line":149,"column":5}}},"22":{"name":"(anonymous_22)","decl":{"start":{"line":150,"column":11},"end":{"line":150,"column":12}},"loc":{"start":{"line":150,"column":20},"end":{"line":158,"column":5}}},"23":{"name":"acceptChallenge","decl":{"start":{"line":162,"column":16},"end":{"line":162,"column":31}},"loc":{"start":{"line":162,"column":53},"end":{"line":194,"column":1}}},"24":{"name":"(anonymous_24)","decl":{"start":{"line":163,"column":9},"end":{"line":163,"column":10}},"loc":{"start":{"line":163,"column":23},"end":{"line":193,"column":3}}},"25":{"name":"(anonymous_25)","decl":{"start":{"line":174,"column":10},"end":{"line":174,"column":11}},"loc":{"start":{"line":174,"column":22},"end":{"line":174,"column":37}}},"26":{"name":"(anonymous_26)","decl":{"start":{"line":175,"column":10},"end":{"line":175,"column":11}},"loc":{"start":{"line":175,"column":26},"end":{"line":182,"column":5}}},"27":{"name":"(anonymous_27)","decl":{"start":{"line":185,"column":11},"end":{"line":185,"column":12}},"loc":{"start":{"line":185,"column":20},"end":{"line":192,"column":5}}},"28":{"name":"declineChallenge","decl":{"start":{"line":196,"column":16},"end":{"line":196,"column":32}},"loc":{"start":{"line":196,"column":54},"end":{"line":227,"column":1}}},"29":{"name":"(anonymous_29)","decl":{"start":{"line":197,"column":9},"end":{"line":197,"column":10}},"loc":{"start":{"line":197,"column":23},"end":{"line":226,"column":3}}},"30":{"name":"(anonymous_30)","decl":{"start":{"line":208,"column":10},"end":{"line":208,"column":11}},"loc":{"start":{"line":208,"column":22},"end":{"line":208,"column":37}}},"31":{"name":"(anonymous_31)","decl":{"start":{"line":209,"column":10},"end":{"line":209,"column":11}},"loc":{"start":{"line":209,"column":26},"end":{"line":216,"column":5}}},"32":{"name":"(anonymous_32)","decl":{"start":{"line":218,"column":11},"end":{"line":218,"column":12}},"loc":{"start":{"line":218,"column":20},"end":{"line":225,"column":5}}},"33":{"name":"completeChallenge","decl":{"start":{"line":229,"column":16},"end":{"line":229,"column":33}},"loc":{"start":{"line":229,"column":55},"end":{"line":273,"column":1}}},"34":{"name":"(anonymous_34)","decl":{"start":{"line":230,"column":9},"end":{"line":230,"column":10}},"loc":{"start":{"line":230,"column":23},"end":{"line":272,"column":3}}},"35":{"name":"(anonymous_35)","decl":{"start":{"line":242,"column":10},"end":{"line":242,"column":11}},"loc":{"start":{"line":242,"column":22},"end":{"line":242,"column":37}}},"36":{"name":"(anonymous_36)","decl":{"start":{"line":243,"column":10},"end":{"line":243,"column":11}},"loc":{"start":{"line":243,"column":26},"end":{"line":262,"column":5}}},"37":{"name":"(anonymous_37)","decl":{"start":{"line":264,"column":11},"end":{"line":264,"column":12}},"loc":{"start":{"line":264,"column":20},"end":{"line":271,"column":5}}},"38":{"name":"clearCompleteError","decl":{"start":{"line":275,"column":16},"end":{"line":275,"column":34}},"loc":{"start":{"line":275,"column":37},"end":{"line":279,"column":1}}},"39":{"name":"(anonymous_39)","decl":{"start":{"line":276,"column":9},"end":{"line":276,"column":10}},"loc":{"start":{"line":276,"column":23},"end":{"line":278,"column":3}}},"40":{"name":"createChallenge","decl":{"start":{"line":281,"column":16},"end":{"line":281,"column":31}},"loc":{"start":{"line":281,"column":75},"end":{"line":319,"column":1}}},"41":{"name":"(anonymous_41)","decl":{"start":{"line":282,"column":9},"end":{"line":282,"column":10}},"loc":{"start":{"line":282,"column":23},"end":{"line":318,"column":3}}},"42":{"name":"(anonymous_42)","decl":{"start":{"line":301,"column":10},"end":{"line":301,"column":11}},"loc":{"start":{"line":301,"column":22},"end":{"line":301,"column":37}}},"43":{"name":"(anonymous_43)","decl":{"start":{"line":302,"column":10},"end":{"line":302,"column":11}},"loc":{"start":{"line":302,"column":26},"end":{"line":309,"column":5}}},"44":{"name":"(anonymous_44)","decl":{"start":{"line":310,"column":11},"end":{"line":310,"column":12}},"loc":{"start":{"line":310,"column":20},"end":{"line":317,"column":5}}}},"branchMap":{"0":{"loc":{"start":{"line":11,"column":4},"end":{"line":15,"column":5}},"type":"if","locations":[{"start":{"line":11,"column":4},"end":{"line":15,"column":5}},{"start":{"line":11,"column":4},"end":{"line":15,"column":5}}]},"1":{"loc":{"start":{"line":13,"column":11},"end":{"line":15,"column":5}},"type":"if","locations":[{"start":{"line":13,"column":11},"end":{"line":15,"column":5}},{"start":{"line":13,"column":11},"end":{"line":15,"column":5}}]},"2":{"loc":{"start":{"line":17,"column":4},"end":{"line":31,"column":5}},"type":"if","locations":[{"start":{"line":17,"column":4},"end":{"line":31,"column":5}},{"start":{"line":17,"column":4},"end":{"line":31,"column":5}}]},"3":{"loc":{"start":{"line":19,"column":6},"end":{"line":23,"column":7}},"type":"if","locations":[{"start":{"line":19,"column":6},"end":{"line":23,"column":7}},{"start":{"line":19,"column":6},"end":{"line":23,"column":7}}]},"4":{"loc":{"start":{"line":19,"column":10},"end":{"line":19,"column":96}},"type":"binary-expr","locations":[{"start":{"line":19,"column":10},"end":{"line":19,"column":36}},{"start":{"line":19,"column":40},"end":{"line":19,"column":96}}]},"5":{"loc":{"start":{"line":24,"column":11},"end":{"line":31,"column":5}},"type":"if","locations":[{"start":{"line":24,"column":11},"end":{"line":31,"column":5}},{"start":{"line":24,"column":11},"end":{"line":31,"column":5}}]},"6":{"loc":{"start":{"line":26,"column":6},"end":{"line":30,"column":7}},"type":"if","locations":[{"start":{"line":26,"column":6},"end":{"line":30,"column":7}},{"start":{"line":26,"column":6},"end":{"line":30,"column":7}}]},"7":{"loc":{"start":{"line":26,"column":10},"end":{"line":26,"column":96}},"type":"binary-expr","locations":[{"start":{"line":26,"column":10},"end":{"line":26,"column":36}},{"start":{"line":26,"column":40},"end":{"line":26,"column":96}}]},"8":{"loc":{"start":{"line":42,"column":4},"end":{"line":52,"column":5}},"type":"if","locations":[{"start":{"line":42,"column":4},"end":{"line":52,"column":5}},{"start":{"line":42,"column":4},"end":{"line":52,"column":5}}]},"9":{"loc":{"start":{"line":42,"column":8},"end":{"line":42,"column":70}},"type":"binary-expr","locations":[{"start":{"line":42,"column":8},"end":{"line":42,"column":37}},{"start":{"line":42,"column":41},"end":{"line":42,"column":70}}]},"10":{"loc":{"start":{"line":43,"column":6},"end":{"line":49,"column":7}},"type":"if","locations":[{"start":{"line":43,"column":6},"end":{"line":49,"column":7}},{"start":{"line":43,"column":6},"end":{"line":49,"column":7}}]},"11":{"loc":{"start":{"line":45,"column":13},"end":{"line":49,"column":7}},"type":"if","locations":[{"start":{"line":45,"column":13},"end":{"line":49,"column":7}},{"start":{"line":45,"column":13},"end":{"line":49,"column":7}}]},"12":{"loc":{"start":{"line":245,"column":8},"end":{"line":247,"column":9}},"type":"if","locations":[{"start":{"line":245,"column":8},"end":{"line":247,"column":9}},{"start":{"line":245,"column":8},"end":{"line":247,"column":9}}]}},"s":{"0":5,"1":0,"2":0,"3":0,"4":0,"5":0,"6":0,"7":0,"8":0,"9":0,"10":0,"11":0,"12":0,"13":0,"14":0,"15":0,"16":0,"17":0,"18":0,"19":0,"20":0,"21":0,"22":0,"23":0,"24":0,"25":0,"26":0,"27":0,"28":1,"29":0,"30":0,"31":0,"32":0,"33":0,"34":0,"35":1,"36":0,"37":0,"38":0,"39":0,"40":0,"41":0,"42":1,"43":0,"44":0,"45":0,"46":0,"47":0,"48":0,"49":0,"50":0,"51":0,"52":0,"53":0,"54":0,"55":0,"56":0,"57":0,"58":0,"59":0,"60":0,"61":0,"62":0,"63":0,"64":0,"65":0,"66":0,"67":0,"68":0,"69":0,"70":0,"71":0,"72":0,"73":0,"74":0,"75":0},"f":{"0":0,"1":0,"2":0,"3":0,"4":1,"5":0,"6":0,"7":0,"8":0,"9":0,"10":1,"11":0,"12":0,"13":0,"14":0,"15":0,"16":1,"17":0,"18":0,"19":0,"20":0,"21":0,"22":0,"23":0,"24":0,"25":0,"26":0,"27":0,"28":0,"29":0,"30":0,"31":0,"32":0,"33":0,"34":0,"35":0,"36":0,"37":0,"38":0,"39":0,"40":0,"41":0,"42":0,"43":0,"44":0},"b":{"0":[0,0],"1":[0,0],"2":[0,0],"3":[0,0],"4":[0,0],"5":[0,0],"6":[0,0],"7":[0,0],"8":[0,0],"9":[0,0],"10":[0,0],"11":[0,0],"12":[0,0]},"_coverageSchema":"332fd63041d2c1bcb487cc26dd0d5f7d97098a6c","hash":"d52900a0f110eee928644c6a269ebdb3d3edc0c9"}
,"/Users/jzimmerman/github/bestrida-rn/src/actions/navigation.js": {"path":"/Users/jzimmerman/github/bestrida-rn/src/actions/navigation.js","statementMap":{"0":{"start":{"line":4,"column":2},"end":{"line":9,"column":4}},"1":{"start":{"line":5,"column":4},"end":{"line":8,"column":7}}},"fnMap":{"0":{"name":"changeTab","decl":{"start":{"line":3,"column":16},"end":{"line":3,"column":25}},"loc":{"start":{"line":3,"column":31},"end":{"line":10,"column":1}}},"1":{"name":"(anonymous_1)","decl":{"start":{"line":4,"column":9},"end":{"line":4,"column":10}},"loc":{"start":{"line":4,"column":23},"end":{"line":9,"column":3}}}},"branchMap":{},"s":{"0":0,"1":0},"f":{"0":0,"1":0},"b":{},"_coverageSchema":"332fd63041d2c1bcb487cc26dd0d5f7d97098a6c","hash":"66f9d8dfea204ef11f62b026def295c762bc8f65"}
,"/Users/jzimmerman/github/bestrida-rn/src/actions/user.js": {"path":"/Users/jzimmerman/github/bestrida-rn/src/actions/user.js","statementMap":{"0":{"start":{"line":3,"column":16},"end":{"line":3,"column":49}},"1":{"start":{"line":6,"column":2},"end":{"line":15,"column":4}},"2":{"start":{"line":7,"column":4},"end":{"line":14,"column":7}},"3":{"start":{"line":19,"column":2},"end":{"line":28,"column":4}},"4":{"start":{"line":20,"column":4},"end":{"line":27,"column":7}},"5":{"start":{"line":32,"column":2},"end":{"line":55,"column":4}},"6":{"start":{"line":33,"column":4},"end":{"line":36,"column":7}},"7":{"start":{"line":37,"column":4},"end":{"line":54,"column":7}},"8":{"start":{"line":42,"column":22},"end":{"line":42,"column":37}},"9":{"start":{"line":44,"column":6},"end":{"line":47,"column":9}},"10":{"start":{"line":50,"column":6},"end":{"line":53,"column":9}},"11":{"start":{"line":59,"column":2},"end":{"line":82,"column":4}},"12":{"start":{"line":60,"column":4},"end":{"line":63,"column":7}},"13":{"start":{"line":64,"column":4},"end":{"line":81,"column":7}},"14":{"start":{"line":69,"column":22},"end":{"line":69,"column":37}},"15":{"start":{"line":71,"column":6},"end":{"line":74,"column":9}},"16":{"start":{"line":77,"column":6},"end":{"line":80,"column":9}},"17":{"start":{"line":86,"column":2},"end":{"line":109,"column":4}},"18":{"start":{"line":87,"column":4},"end":{"line":90,"column":7}},"19":{"start":{"line":91,"column":4},"end":{"line":108,"column":7}},"20":{"start":{"line":96,"column":22},"end":{"line":96,"column":37}},"21":{"start":{"line":98,"column":6},"end":{"line":101,"column":9}},"22":{"start":{"line":104,"column":6},"end":{"line":107,"column":9}}},"fnMap":{"0":{"name":"userLogin","decl":{"start":{"line":5,"column":16},"end":{"line":5,"column":25}},"loc":{"start":{"line":5,"column":41},"end":{"line":16,"column":1}}},"1":{"name":"(anonymous_1)","decl":{"start":{"line":6,"column":9},"end":{"line":6,"column":10}},"loc":{"start":{"line":6,"column":23},"end":{"line":15,"column":3}}},"2":{"name":"userLogout","decl":{"start":{"line":18,"column":16},"end":{"line":18,"column":26}},"loc":{"start":{"line":18,"column":29},"end":{"line":29,"column":1}}},"3":{"name":"(anonymous_3)","decl":{"start":{"line":19,"column":9},"end":{"line":19,"column":10}},"loc":{"start":{"line":19,"column":23},"end":{"line":28,"column":3}}},"4":{"name":"getUser","decl":{"start":{"line":31,"column":16},"end":{"line":31,"column":23}},"loc":{"start":{"line":31,"column":32},"end":{"line":56,"column":1}}},"5":{"name":"(anonymous_5)","decl":{"start":{"line":32,"column":9},"end":{"line":32,"column":10}},"loc":{"start":{"line":32,"column":23},"end":{"line":55,"column":3}}},"6":{"name":"(anonymous_6)","decl":{"start":{"line":42,"column":10},"end":{"line":42,"column":11}},"loc":{"start":{"line":42,"column":22},"end":{"line":42,"column":37}}},"7":{"name":"(anonymous_7)","decl":{"start":{"line":43,"column":10},"end":{"line":43,"column":11}},"loc":{"start":{"line":43,"column":26},"end":{"line":48,"column":5}}},"8":{"name":"(anonymous_8)","decl":{"start":{"line":49,"column":11},"end":{"line":49,"column":12}},"loc":{"start":{"line":49,"column":20},"end":{"line":54,"column":5}}},"9":{"name":"getUserSegments","decl":{"start":{"line":58,"column":16},"end":{"line":58,"column":31}},"loc":{"start":{"line":58,"column":40},"end":{"line":83,"column":1}}},"10":{"name":"(anonymous_10)","decl":{"start":{"line":59,"column":9},"end":{"line":59,"column":10}},"loc":{"start":{"line":59,"column":23},"end":{"line":82,"column":3}}},"11":{"name":"(anonymous_11)","decl":{"start":{"line":69,"column":10},"end":{"line":69,"column":11}},"loc":{"start":{"line":69,"column":22},"end":{"line":69,"column":37}}},"12":{"name":"(anonymous_12)","decl":{"start":{"line":70,"column":10},"end":{"line":70,"column":11}},"loc":{"start":{"line":70,"column":26},"end":{"line":75,"column":5}}},"13":{"name":"(anonymous_13)","decl":{"start":{"line":76,"column":11},"end":{"line":76,"column":12}},"loc":{"start":{"line":76,"column":20},"end":{"line":81,"column":5}}},"14":{"name":"getUserFriends","decl":{"start":{"line":85,"column":16},"end":{"line":85,"column":30}},"loc":{"start":{"line":85,"column":39},"end":{"line":110,"column":1}}},"15":{"name":"(anonymous_15)","decl":{"start":{"line":86,"column":9},"end":{"line":86,"column":10}},"loc":{"start":{"line":86,"column":23},"end":{"line":109,"column":3}}},"16":{"name":"(anonymous_16)","decl":{"start":{"line":96,"column":10},"end":{"line":96,"column":11}},"loc":{"start":{"line":96,"column":22},"end":{"line":96,"column":37}}},"17":{"name":"(anonymous_17)","decl":{"start":{"line":97,"column":10},"end":{"line":97,"column":11}},"loc":{"start":{"line":97,"column":26},"end":{"line":102,"column":5}}},"18":{"name":"(anonymous_18)","decl":{"start":{"line":103,"column":11},"end":{"line":103,"column":12}},"loc":{"start":{"line":103,"column":20},"end":{"line":108,"column":5}}}},"branchMap":{},"s":{"0":1,"1":0,"2":0,"3":0,"4":0,"5":0,"6":0,"7":0,"8":0,"9":0,"10":0,"11":0,"12":0,"13":0,"14":0,"15":0,"16":0,"17":0,"18":0,"19":0,"20":0,"21":0,"22":0},"f":{"0":0,"1":0,"2":0,"3":0,"4":0,"5":0,"6":0,"7":0,"8":0,"9":0,"10":0,"11":0,"12":0,"13":0,"14":0,"15":0,"16":0,"17":0,"18":0},"b":{},"_coverageSchema":"332fd63041d2c1bcb487cc26dd0d5f7d97098a6c","hash":"f898c3eca06b967b177cf1e207f5b94d585a460a"}
,"/Users/jzimmerman/github/bestrida-rn/src/components/ActiveChallengeDetail.js": {"path":"/Users/jzimmerman/github/bestrida-rn/src/components/ActiveChallengeDetail.js","statementMap":{"0":{"start":{"line":14,"column":4},"end":{"line":14,"column":17}},"1":{"start":{"line":15,"column":4},"end":{"line":15,"column":57}},"2":{"start":{"line":19,"column":36},"end":{"line":19,"column":46}},"3":{"start":{"line":20,"column":4},"end":{"line":20,"column":70}},"4":{"start":{"line":21,"column":4},"end":{"line":21,"column":56}},"5":{"start":{"line":22,"column":4},"end":{"line":22,"column":20}},"6":{"start":{"line":26,"column":34},"end":{"line":26,"column":44}},"7":{"start":{"line":27,"column":4},"end":{"line":92,"column":6}},"8":{"start":{"line":86,"column":29},"end":{"line":86,"column":71}},"9":{"start":{"line":96,"column":33},"end":{"line":96,"column":48}},"10":{"start":{"line":98,"column":0},"end":{"line":103,"column":2}},"11":{"start":{"line":105,"column":24},"end":{"line":107,"column":2}},"12":{"start":{"line":105,"column":36},"end":{"line":107,"column":1}}},"fnMap":{"0":{"name":"(anonymous_0)","decl":{"start":{"line":13,"column":2},"end":{"line":13,"column":3}},"loc":{"start":{"line":13,"column":21},"end":{"line":16,"column":3}}},"1":{"name":"(anonymous_1)","decl":{"start":{"line":18,"column":2},"end":{"line":18,"column":3}},"loc":{"start":{"line":18,"column":38},"end":{"line":23,"column":3}}},"2":{"name":"(anonymous_2)","decl":{"start":{"line":25,"column":2},"end":{"line":25,"column":3}},"loc":{"start":{"line":25,"column":11},"end":{"line":93,"column":3}}},"3":{"name":"(anonymous_3)","decl":{"start":{"line":86,"column":23},"end":{"line":86,"column":24}},"loc":{"start":{"line":86,"column":29},"end":{"line":86,"column":71}}},"4":{"name":"(anonymous_4)","decl":{"start":{"line":105,"column":24},"end":{"line":105,"column":25}},"loc":{"start":{"line":105,"column":36},"end":{"line":107,"column":1}}}},"branchMap":{"0":{"loc":{"start":{"line":55,"column":20},"end":{"line":56,"column":50}},"type":"cond-expr","locations":[{"start":{"line":56,"column":18},"end":{"line":56,"column":45}},{"start":{"line":56,"column":48},"end":{"line":56,"column":50}}]},"1":{"loc":{"start":{"line":72,"column":17},"end":{"line":72,"column":66}},"type":"binary-expr","locations":[{"start":{"line":72,"column":17},"end":{"line":72,"column":47}},{"start":{"line":72,"column":51},"end":{"line":72,"column":66}}]}},"s":{"0":1,"1":1,"2":0,"3":0,"4":0,"5":0,"6":1,"7":1,"8":0,"9":2,"10":2,"11":2,"12":0},"f":{"0":1,"1":0,"2":1,"3":0,"4":0},"b":{"0":[0,1],"1":[1,1]},"_coverageSchema":"332fd63041d2c1bcb487cc26dd0d5f7d97098a6c","hash":"80774c1e84a91545e0e08a0d5894dc29809915e6"}
,"/Users/jzimmerman/github/bestrida-rn/src/components/ActiveChallenges.js": {"path":"/Users/jzimmerman/github/bestrida-rn/src/components/ActiveChallenges.js","statementMap":{"0":{"start":{"line":16,"column":11},"end":{"line":16,"column":76}},"1":{"start":{"line":16,"column":64},"end":{"line":16,"column":73}},"2":{"start":{"line":17,"column":25},"end":{"line":17,"column":68}},"3":{"start":{"line":21,"column":4},"end":{"line":21,"column":17}},"4":{"start":{"line":23,"column":4},"end":{"line":26,"column":6}},"5":{"start":{"line":27,"column":4},"end":{"line":27,"column":51}},"6":{"start":{"line":28,"column":4},"end":{"line":28,"column":55}},"7":{"start":{"line":29,"column":4},"end":{"line":29,"column":55}},"8":{"start":{"line":33,"column":4},"end":{"line":33,"column":78}},"9":{"start":{"line":34,"column":4},"end":{"line":36,"column":7}},"10":{"start":{"line":40,"column":4},"end":{"line":42,"column":7}},"11":{"start":{"line":46,"column":4},"end":{"line":49,"column":7}},"12":{"start":{"line":53,"column":4},"end":{"line":53,"column":40}},"13":{"start":{"line":54,"column":4},"end":{"line":54,"column":78}},"14":{"start":{"line":55,"column":4},"end":{"line":58,"column":7}},"15":{"start":{"line":62,"column":4},"end":{"line":62,"column":63}},"16":{"start":{"line":67,"column":4},"end":{"line":83,"column":5}},"17":{"start":{"line":68,"column":6},"end":{"line":82,"column":8}},"18":{"start":{"line":85,"column":4},"end":{"line":123,"column":6}},"19":{"start":{"line":100,"column":12},"end":{"line":119,"column":31}},"20":{"start":{"line":100,"column":45},"end":{"line":100,"column":70}},"21":{"start":{"line":127,"column":53},"end":{"line":127,"column":68}},"22":{"start":{"line":129,"column":0},"end":{"line":139,"column":2}},"23":{"start":{"line":141,"column":24},"end":{"line":145,"column":2}},"24":{"start":{"line":141,"column":36},"end":{"line":145,"column":1}}},"fnMap":{"0":{"name":"(anonymous_0)","decl":{"start":{"line":16,"column":52},"end":{"line":16,"column":53}},"loc":{"start":{"line":16,"column":64},"end":{"line":16,"column":73}}},"1":{"name":"(anonymous_1)","decl":{"start":{"line":20,"column":2},"end":{"line":20,"column":3}},"loc":{"start":{"line":20,"column":21},"end":{"line":30,"column":3}}},"2":{"name":"(anonymous_2)","decl":{"start":{"line":32,"column":2},"end":{"line":32,"column":3}},"loc":{"start":{"line":32,"column":23},"end":{"line":37,"column":3}}},"3":{"name":"(anonymous_3)","decl":{"start":{"line":39,"column":2},"end":{"line":39,"column":3}},"loc":{"start":{"line":39,"column":39},"end":{"line":43,"column":3}}},"4":{"name":"(anonymous_4)","decl":{"start":{"line":45,"column":2},"end":{"line":45,"column":3}},"loc":{"start":{"line":45,"column":25},"end":{"line":50,"column":3}}},"5":{"name":"(anonymous_5)","decl":{"start":{"line":52,"column":2},"end":{"line":52,"column":3}},"loc":{"start":{"line":52,"column":18},"end":{"line":59,"column":3}}},"6":{"name":"(anonymous_6)","decl":{"start":{"line":61,"column":2},"end":{"line":61,"column":3}},"loc":{"start":{"line":61,"column":18},"end":{"line":63,"column":3}}},"7":{"name":"(anonymous_7)","decl":{"start":{"line":65,"column":2},"end":{"line":65,"column":3}},"loc":{"start":{"line":65,"column":11},"end":{"line":124,"column":3}}},"8":{"name":"(anonymous_8)","decl":{"start":{"line":99,"column":21},"end":{"line":99,"column":22}},"loc":{"start":{"line":100,"column":12},"end":{"line":119,"column":31}}},"9":{"name":"(anonymous_9)","decl":{"start":{"line":100,"column":39},"end":{"line":100,"column":40}},"loc":{"start":{"line":100,"column":45},"end":{"line":100,"column":70}}},"10":{"name":"(anonymous_10)","decl":{"start":{"line":141,"column":24},"end":{"line":141,"column":25}},"loc":{"start":{"line":141,"column":36},"end":{"line":145,"column":1}}}},"branchMap":{"0":{"loc":{"start":{"line":67,"column":4},"end":{"line":83,"column":5}},"type":"if","locations":[{"start":{"line":67,"column":4},"end":{"line":83,"column":5}},{"start":{"line":67,"column":4},"end":{"line":83,"column":5}}]},"1":{"loc":{"start":{"line":104,"column":26},"end":{"line":105,"column":58}},"type":"cond-expr","locations":[{"start":{"line":105,"column":18},"end":{"line":105,"column":34}},{"start":{"line":105,"column":37},"end":{"line":105,"column":58}}]}},"s":{"0":1,"1":0,"2":1,"3":1,"4":1,"5":1,"6":1,"7":1,"8":1,"9":1,"10":0,"11":0,"12":0,"13":0,"14":0,"15":0,"16":1,"17":0,"18":1,"19":0,"20":0,"21":1,"22":1,"23":1,"24":0},"f":{"0":0,"1":1,"2":1,"3":0,"4":0,"5":0,"6":0,"7":1,"8":0,"9":0,"10":0},"b":{"0":[0,1],"1":[0,0]},"_coverageSchema":"332fd63041d2c1bcb487cc26dd0d5f7d97098a6c","hash":"7d038b22fea936e1c05959389bc8a4369431f5bc"}
,"/Users/jzimmerman/github/bestrida-rn/src/components/ChallengeFeed.js": {"path":"/Users/jzimmerman/github/bestrida-rn/src/components/ChallengeFeed.js","statementMap":{"0":{"start":{"line":18,"column":25},"end":{"line":18,"column":68}},"1":{"start":{"line":20,"column":11},"end":{"line":20,"column":78}},"2":{"start":{"line":20,"column":65},"end":{"line":20,"column":74}},"3":{"start":{"line":24,"column":4},"end":{"line":24,"column":17}},"4":{"start":{"line":26,"column":4},"end":{"line":29,"column":6}},"5":{"start":{"line":30,"column":4},"end":{"line":30,"column":53}},"6":{"start":{"line":31,"column":4},"end":{"line":31,"column":51}},"7":{"start":{"line":32,"column":4},"end":{"line":32,"column":55}},"8":{"start":{"line":33,"column":4},"end":{"line":33,"column":53}},"9":{"start":{"line":34,"column":4},"end":{"line":34,"column":55}},"10":{"start":{"line":38,"column":4},"end":{"line":38,"column":79}},"11":{"start":{"line":39,"column":4},"end":{"line":41,"column":7}},"12":{"start":{"line":45,"column":4},"end":{"line":47,"column":7}},"13":{"start":{"line":51,"column":4},"end":{"line":54,"column":7}},"14":{"start":{"line":58,"column":4},"end":{"line":58,"column":72}},"15":{"start":{"line":62,"column":4},"end":{"line":62,"column":79}},"16":{"start":{"line":63,"column":4},"end":{"line":63,"column":73}},"17":{"start":{"line":64,"column":4},"end":{"line":67,"column":7}},"18":{"start":{"line":71,"column":4},"end":{"line":71,"column":80}},"19":{"start":{"line":72,"column":4},"end":{"line":72,"column":79}},"20":{"start":{"line":73,"column":4},"end":{"line":76,"column":7}},"21":{"start":{"line":80,"column":4},"end":{"line":80,"column":40}},"22":{"start":{"line":81,"column":4},"end":{"line":81,"column":79}},"23":{"start":{"line":82,"column":4},"end":{"line":85,"column":7}},"24":{"start":{"line":89,"column":4},"end":{"line":149,"column":6}},"25":{"start":{"line":111,"column":14},"end":{"line":144,"column":33}},"26":{"start":{"line":111,"column":47},"end":{"line":111,"column":72}},"27":{"start":{"line":132,"column":39},"end":{"line":132,"column":89}},"28":{"start":{"line":137,"column":39},"end":{"line":137,"column":88}},"29":{"start":{"line":153,"column":53},"end":{"line":153,"column":68}},"30":{"start":{"line":155,"column":0},"end":{"line":164,"column":2}},"31":{"start":{"line":166,"column":24},"end":{"line":169,"column":2}},"32":{"start":{"line":166,"column":36},"end":{"line":169,"column":1}}},"fnMap":{"0":{"name":"(anonymous_0)","decl":{"start":{"line":20,"column":52},"end":{"line":20,"column":53}},"loc":{"start":{"line":20,"column":65},"end":{"line":20,"column":74}}},"1":{"name":"(anonymous_1)","decl":{"start":{"line":23,"column":2},"end":{"line":23,"column":3}},"loc":{"start":{"line":23,"column":21},"end":{"line":35,"column":3}}},"2":{"name":"(anonymous_2)","decl":{"start":{"line":37,"column":2},"end":{"line":37,"column":3}},"loc":{"start":{"line":37,"column":23},"end":{"line":42,"column":3}}},"3":{"name":"(anonymous_3)","decl":{"start":{"line":44,"column":2},"end":{"line":44,"column":3}},"loc":{"start":{"line":44,"column":39},"end":{"line":48,"column":3}}},"4":{"name":"(anonymous_4)","decl":{"start":{"line":50,"column":2},"end":{"line":50,"column":3}},"loc":{"start":{"line":50,"column":25},"end":{"line":55,"column":3}}},"5":{"name":"(anonymous_5)","decl":{"start":{"line":57,"column":2},"end":{"line":57,"column":3}},"loc":{"start":{"line":57,"column":17},"end":{"line":59,"column":3}}},"6":{"name":"(anonymous_6)","decl":{"start":{"line":61,"column":2},"end":{"line":61,"column":3}},"loc":{"start":{"line":61,"column":36},"end":{"line":68,"column":3}}},"7":{"name":"(anonymous_7)","decl":{"start":{"line":70,"column":2},"end":{"line":70,"column":3}},"loc":{"start":{"line":70,"column":37},"end":{"line":77,"column":3}}},"8":{"name":"(anonymous_8)","decl":{"start":{"line":79,"column":2},"end":{"line":79,"column":3}},"loc":{"start":{"line":79,"column":18},"end":{"line":86,"column":3}}},"9":{"name":"(anonymous_9)","decl":{"start":{"line":88,"column":2},"end":{"line":88,"column":3}},"loc":{"start":{"line":88,"column":11},"end":{"line":150,"column":3}}},"10":{"name":"(anonymous_10)","decl":{"start":{"line":110,"column":23},"end":{"line":110,"column":24}},"loc":{"start":{"line":111,"column":14},"end":{"line":144,"column":33}}},"11":{"name":"(anonymous_11)","decl":{"start":{"line":111,"column":41},"end":{"line":111,"column":42}},"loc":{"start":{"line":111,"column":47},"end":{"line":111,"column":72}}},"12":{"name":"(anonymous_12)","decl":{"start":{"line":132,"column":33},"end":{"line":132,"column":34}},"loc":{"start":{"line":132,"column":39},"end":{"line":132,"column":89}}},"13":{"name":"(anonymous_13)","decl":{"start":{"line":137,"column":33},"end":{"line":137,"column":34}},"loc":{"start":{"line":137,"column":39},"end":{"line":137,"column":88}}},"14":{"name":"(anonymous_14)","decl":{"start":{"line":166,"column":24},"end":{"line":166,"column":25}},"loc":{"start":{"line":166,"column":36},"end":{"line":169,"column":1}}}},"branchMap":{"0":{"loc":{"start":{"line":115,"column":28},"end":{"line":116,"column":62}},"type":"cond-expr","locations":[{"start":{"line":116,"column":22},"end":{"line":116,"column":38}},{"start":{"line":116,"column":41},"end":{"line":116,"column":62}}]},"1":{"loc":{"start":{"line":129,"column":20},"end":{"line":142,"column":26}},"type":"cond-expr","locations":[{"start":{"line":130,"column":20},"end":{"line":141,"column":27}},{"start":{"line":142,"column":22},"end":{"line":142,"column":26}}]}},"s":{"0":1,"1":1,"2":0,"3":1,"4":1,"5":1,"6":1,"7":1,"8":1,"9":1,"10":1,"11":1,"12":0,"13":0,"14":0,"15":0,"16":0,"17":0,"18":0,"19":0,"20":0,"21":0,"22":0,"23":0,"24":1,"25":0,"26":0,"27":0,"28":0,"29":1,"30":1,"31":1,"32":0},"f":{"0":0,"1":1,"2":1,"3":0,"4":0,"5":0,"6":0,"7":0,"8":0,"9":1,"10":0,"11":0,"12":0,"13":0,"14":0},"b":{"0":[0,0],"1":[0,0]},"_coverageSchema":"332fd63041d2c1bcb487cc26dd0d5f7d97098a6c","hash":"de82d90144de4fbd90c9964635cb6106edc49d61"}
,"/Users/jzimmerman/github/bestrida-rn/src/components/CompletedChallengeDetail.js": {"path":"/Users/jzimmerman/github/bestrida-rn/src/components/CompletedChallengeDetail.js","statementMap":{"0":{"start":{"line":12,"column":20},"end":{"line":12,"column":36}},"1":{"start":{"line":13,"column":16},"end":{"line":13,"column":49}},"2":{"start":{"line":15,"column":28},"end":{"line":15,"column":49}},"3":{"start":{"line":16,"column":18},"end":{"line":16,"column":52}},"4":{"start":{"line":18,"column":28},"end":{"line":18,"column":50}},"5":{"start":{"line":19,"column":18},"end":{"line":19,"column":46}},"6":{"start":{"line":21,"column":21},"end":{"line":21,"column":58}},"7":{"start":{"line":22,"column":23},"end":{"line":22,"column":66}},"8":{"start":{"line":23,"column":23},"end":{"line":23,"column":66}},"9":{"start":{"line":27,"column":2},"end":{"line":31,"column":3}},"10":{"start":{"line":28,"column":4},"end":{"line":28,"column":20}},"11":{"start":{"line":30,"column":4},"end":{"line":30,"column":65}},"12":{"start":{"line":32,"column":2},"end":{"line":32,"column":20}},"13":{"start":{"line":35,"column":40},"end":{"line":131,"column":1}},"14":{"start":{"line":36,"column":32},"end":{"line":36,"column":37}},"15":{"start":{"line":39,"column":2},"end":{"line":129,"column":3}},"16":{"start":{"line":41,"column":4},"end":{"line":49,"column":6}},"17":{"start":{"line":51,"column":4},"end":{"line":128,"column":6}},"18":{"start":{"line":130,"column":2},"end":{"line":130,"column":25}},"19":{"start":{"line":134,"column":27},"end":{"line":134,"column":42}},"20":{"start":{"line":136,"column":0},"end":{"line":139,"column":2}}},"fnMap":{"0":{"name":"secondsToTime","decl":{"start":{"line":11,"column":9},"end":{"line":11,"column":22}},"loc":{"start":{"line":11,"column":29},"end":{"line":33,"column":1}}},"1":{"name":"(anonymous_1)","decl":{"start":{"line":35,"column":40},"end":{"line":35,"column":41}},"loc":{"start":{"line":35,"column":51},"end":{"line":131,"column":1}}}},"branchMap":{"0":{"loc":{"start":{"line":21,"column":21},"end":{"line":21,"column":58}},"type":"cond-expr","locations":[{"start":{"line":21,"column":34},"end":{"line":21,"column":45}},{"start":{"line":21,"column":48},"end":{"line":21,"column":58}}]},"1":{"loc":{"start":{"line":22,"column":23},"end":{"line":22,"column":66}},"type":"cond-expr","locations":[{"start":{"line":22,"column":38},"end":{"line":22,"column":51}},{"start":{"line":22,"column":54},"end":{"line":22,"column":66}}]},"2":{"loc":{"start":{"line":23,"column":23},"end":{"line":23,"column":66}},"type":"cond-expr","locations":[{"start":{"line":23,"column":38},"end":{"line":23,"column":51}},{"start":{"line":23,"column":54},"end":{"line":23,"column":66}}]},"3":{"loc":{"start":{"line":27,"column":2},"end":{"line":31,"column":3}},"type":"if","locations":[{"start":{"line":27,"column":2},"end":{"line":31,"column":3}},{"start":{"line":27,"column":2},"end":{"line":31,"column":3}}]},"4":{"loc":{"start":{"line":27,"column":6},"end":{"line":27,"column":54}},"type":"binary-expr","locations":[{"start":{"line":27,"column":6},"end":{"line":27,"column":18}},{"start":{"line":27,"column":22},"end":{"line":27,"column":36}},{"start":{"line":27,"column":40},"end":{"line":27,"column":54}}]},"5":{"loc":{"start":{"line":39,"column":2},"end":{"line":129,"column":3}},"type":"if","locations":[{"start":{"line":39,"column":2},"end":{"line":129,"column":3}},{"start":{"line":39,"column":2},"end":{"line":129,"column":3}}]},"6":{"loc":{"start":{"line":39,"column":6},"end":{"line":40,"column":57}},"type":"binary-expr","locations":[{"start":{"line":39,"column":6},"end":{"line":39,"column":69}},{"start":{"line":40,"column":4},"end":{"line":40,"column":57}}]},"7":{"loc":{"start":{"line":57,"column":14},"end":{"line":57,"column":78}},"type":"cond-expr","locations":[{"start":{"line":57,"column":54},"end":{"line":57,"column":64}},{"start":{"line":57,"column":67},"end":{"line":57,"column":78}}]},"8":{"loc":{"start":{"line":84,"column":15},"end":{"line":84,"column":95}},"type":"cond-expr","locations":[{"start":{"line":84,"column":56},"end":{"line":84,"column":60}},{"start":{"line":84,"column":63},"end":{"line":84,"column":95}}]},"9":{"loc":{"start":{"line":88,"column":15},"end":{"line":88,"column":95}},"type":"cond-expr","locations":[{"start":{"line":88,"column":56},"end":{"line":88,"column":60}},{"start":{"line":88,"column":63},"end":{"line":88,"column":95}}]},"10":{"loc":{"start":{"line":93,"column":15},"end":{"line":93,"column":95}},"type":"cond-expr","locations":[{"start":{"line":93,"column":56},"end":{"line":93,"column":60}},{"start":{"line":93,"column":63},"end":{"line":93,"column":95}}]},"11":{"loc":{"start":{"line":99,"column":15},"end":{"line":99,"column":95}},"type":"cond-expr","locations":[{"start":{"line":99,"column":56},"end":{"line":99,"column":60}},{"start":{"line":99,"column":63},"end":{"line":99,"column":95}}]},"12":{"loc":{"start":{"line":104,"column":15},"end":{"line":104,"column":91}},"type":"cond-expr","locations":[{"start":{"line":104,"column":54},"end":{"line":104,"column":58}},{"start":{"line":104,"column":61},"end":{"line":104,"column":91}}]},"13":{"loc":{"start":{"line":108,"column":15},"end":{"line":108,"column":91}},"type":"cond-expr","locations":[{"start":{"line":108,"column":54},"end":{"line":108,"column":58}},{"start":{"line":108,"column":61},"end":{"line":108,"column":91}}]},"14":{"loc":{"start":{"line":113,"column":15},"end":{"line":113,"column":87}},"type":"cond-expr","locations":[{"start":{"line":113,"column":52},"end":{"line":113,"column":56}},{"start":{"line":113,"column":59},"end":{"line":113,"column":87}}]},"15":{"loc":{"start":{"line":117,"column":15},"end":{"line":117,"column":87}},"type":"cond-expr","locations":[{"start":{"line":117,"column":52},"end":{"line":117,"column":56}},{"start":{"line":117,"column":59},"end":{"line":117,"column":87}}]}},"s":{"0":2,"1":2,"2":2,"3":2,"4":2,"5":2,"6":2,"7":2,"8":2,"9":2,"10":2,"11":0,"12":2,"13":2,"14":1,"15":1,"16":0,"17":1,"18":1,"19":2,"20":2},"f":{"0":2,"1":1},"b":{"0":[0,2],"1":[0,2],"2":[0,2],"3":[2,0],"4":[2,0,0],"5":[0,1],"6":[1,1],"7":[0,1],"8":[0,1],"9":[0,1],"10":[0,1],"11":[0,1],"12":[0,1],"13":[0,1],"14":[0,1],"15":[0,1]},"_coverageSchema":"332fd63041d2c1bcb487cc26dd0d5f7d97098a6c","hash":"9a66ca91093328a5d107fce0639a3690ce44cfe1"}
,"/Users/jzimmerman/github/bestrida-rn/src/components/CompletedChallenges.js": {"path":"/Users/jzimmerman/github/bestrida-rn/src/components/CompletedChallenges.js","statementMap":{"0":{"start":{"line":16,"column":11},"end":{"line":16,"column":78}},"1":{"start":{"line":16,"column":65},"end":{"line":16,"column":74}},"2":{"start":{"line":17,"column":25},"end":{"line":17,"column":68}},"3":{"start":{"line":21,"column":4},"end":{"line":21,"column":17}},"4":{"start":{"line":23,"column":4},"end":{"line":26,"column":6}},"5":{"start":{"line":27,"column":4},"end":{"line":27,"column":51}},"6":{"start":{"line":28,"column":4},"end":{"line":28,"column":55}},"7":{"start":{"line":32,"column":4},"end":{"line":32,"column":81}},"8":{"start":{"line":33,"column":4},"end":{"line":35,"column":7}},"9":{"start":{"line":39,"column":4},"end":{"line":41,"column":7}},"10":{"start":{"line":45,"column":34},"end":{"line":45,"column":44}},"11":{"start":{"line":46,"column":4},"end":{"line":49,"column":7}},"12":{"start":{"line":53,"column":44},"end":{"line":53,"column":54}},"13":{"start":{"line":54,"column":4},"end":{"line":54,"column":40}},"14":{"start":{"line":55,"column":4},"end":{"line":55,"column":59}},"15":{"start":{"line":56,"column":4},"end":{"line":59,"column":7}},"16":{"start":{"line":63,"column":4},"end":{"line":102,"column":6}},"17":{"start":{"line":77,"column":12},"end":{"line":98,"column":31}},"18":{"start":{"line":77,"column":45},"end":{"line":77,"column":70}},"19":{"start":{"line":106,"column":53},"end":{"line":106,"column":68}},"20":{"start":{"line":108,"column":0},"end":{"line":117,"column":2}},"21":{"start":{"line":119,"column":24},"end":{"line":122,"column":2}},"22":{"start":{"line":119,"column":36},"end":{"line":122,"column":1}}},"fnMap":{"0":{"name":"(anonymous_0)","decl":{"start":{"line":16,"column":52},"end":{"line":16,"column":53}},"loc":{"start":{"line":16,"column":65},"end":{"line":16,"column":74}}},"1":{"name":"(anonymous_1)","decl":{"start":{"line":20,"column":2},"end":{"line":20,"column":3}},"loc":{"start":{"line":20,"column":21},"end":{"line":29,"column":3}}},"2":{"name":"(anonymous_2)","decl":{"start":{"line":31,"column":2},"end":{"line":31,"column":3}},"loc":{"start":{"line":31,"column":23},"end":{"line":36,"column":3}}},"3":{"name":"(anonymous_3)","decl":{"start":{"line":38,"column":2},"end":{"line":38,"column":3}},"loc":{"start":{"line":38,"column":39},"end":{"line":42,"column":3}}},"4":{"name":"(anonymous_4)","decl":{"start":{"line":44,"column":2},"end":{"line":44,"column":3}},"loc":{"start":{"line":44,"column":25},"end":{"line":50,"column":3}}},"5":{"name":"(anonymous_5)","decl":{"start":{"line":52,"column":2},"end":{"line":52,"column":3}},"loc":{"start":{"line":52,"column":18},"end":{"line":60,"column":3}}},"6":{"name":"(anonymous_6)","decl":{"start":{"line":62,"column":2},"end":{"line":62,"column":3}},"loc":{"start":{"line":62,"column":11},"end":{"line":103,"column":3}}},"7":{"name":"(anonymous_7)","decl":{"start":{"line":76,"column":21},"end":{"line":76,"column":22}},"loc":{"start":{"line":77,"column":12},"end":{"line":98,"column":31}}},"8":{"name":"(anonymous_8)","decl":{"start":{"line":77,"column":39},"end":{"line":77,"column":40}},"loc":{"start":{"line":77,"column":45},"end":{"line":77,"column":70}}},"9":{"name":"(anonymous_9)","decl":{"start":{"line":119,"column":24},"end":{"line":119,"column":25}},"loc":{"start":{"line":119,"column":36},"end":{"line":122,"column":1}}}},"branchMap":{"0":{"loc":{"start":{"line":82,"column":20},"end":{"line":83,"column":60}},"type":"cond-expr","locations":[{"start":{"line":83,"column":20},"end":{"line":83,"column":36}},{"start":{"line":83,"column":39},"end":{"line":83,"column":60}}]}},"s":{"0":1,"1":0,"2":1,"3":1,"4":1,"5":1,"6":1,"7":1,"8":1,"9":0,"10":0,"11":0,"12":0,"13":0,"14":0,"15":0,"16":1,"17":0,"18":0,"19":1,"20":1,"21":1,"22":0},"f":{"0":0,"1":1,"2":1,"3":0,"4":0,"5":0,"6":1,"7":0,"8":0,"9":0},"b":{"0":[0,0]},"_coverageSchema":"332fd63041d2c1bcb487cc26dd0d5f7d97098a6c","hash":"cd62f853512672e361596ce326bc2a01fe9c018e"}
,"/Users/jzimmerman/github/bestrida-rn/src/components/PendingChallengeDetail.js": {"path":"/Users/jzimmerman/github/bestrida-rn/src/components/PendingChallengeDetail.js","statementMap":{"0":{"start":{"line":15,"column":4},"end":{"line":15,"column":17}},"1":{"start":{"line":16,"column":4},"end":{"line":16,"column":53}},"2":{"start":{"line":17,"column":4},"end":{"line":17,"column":55}},"3":{"start":{"line":21,"column":36},"end":{"line":21,"column":46}},"4":{"start":{"line":22,"column":4},"end":{"line":22,"column":68}},"5":{"start":{"line":23,"column":4},"end":{"line":23,"column":57}},"6":{"start":{"line":24,"column":4},"end":{"line":24,"column":20}},"7":{"start":{"line":28,"column":36},"end":{"line":28,"column":46}},"8":{"start":{"line":29,"column":4},"end":{"line":29,"column":69}},"9":{"start":{"line":30,"column":4},"end":{"line":30,"column":57}},"10":{"start":{"line":31,"column":4},"end":{"line":31,"column":20}},"11":{"start":{"line":35,"column":34},"end":{"line":35,"column":44}},"12":{"start":{"line":36,"column":4},"end":{"line":112,"column":6}},"13":{"start":{"line":95,"column":33},"end":{"line":95,"column":74}},"14":{"start":{"line":100,"column":33},"end":{"line":100,"column":73}},"15":{"start":{"line":106,"column":31},"end":{"line":106,"column":72}},"16":{"start":{"line":116,"column":33},"end":{"line":116,"column":48}},"17":{"start":{"line":118,"column":0},"end":{"line":123,"column":2}},"18":{"start":{"line":125,"column":24},"end":{"line":127,"column":2}},"19":{"start":{"line":125,"column":36},"end":{"line":127,"column":1}}},"fnMap":{"0":{"name":"(anonymous_0)","decl":{"start":{"line":14,"column":2},"end":{"line":14,"column":3}},"loc":{"start":{"line":14,"column":21},"end":{"line":18,"column":3}}},"1":{"name":"(anonymous_1)","decl":{"start":{"line":20,"column":2},"end":{"line":20,"column":3}},"loc":{"start":{"line":20,"column":36},"end":{"line":25,"column":3}}},"2":{"name":"(anonymous_2)","decl":{"start":{"line":27,"column":2},"end":{"line":27,"column":3}},"loc":{"start":{"line":27,"column":37},"end":{"line":32,"column":3}}},"3":{"name":"(anonymous_3)","decl":{"start":{"line":34,"column":2},"end":{"line":34,"column":3}},"loc":{"start":{"line":34,"column":11},"end":{"line":113,"column":3}}},"4":{"name":"(anonymous_4)","decl":{"start":{"line":95,"column":27},"end":{"line":95,"column":28}},"loc":{"start":{"line":95,"column":33},"end":{"line":95,"column":74}}},"5":{"name":"(anonymous_5)","decl":{"start":{"line":100,"column":27},"end":{"line":100,"column":28}},"loc":{"start":{"line":100,"column":33},"end":{"line":100,"column":73}}},"6":{"name":"(anonymous_6)","decl":{"start":{"line":106,"column":25},"end":{"line":106,"column":26}},"loc":{"start":{"line":106,"column":31},"end":{"line":106,"column":72}}},"7":{"name":"(anonymous_7)","decl":{"start":{"line":125,"column":24},"end":{"line":125,"column":25}},"loc":{"start":{"line":125,"column":36},"end":{"line":127,"column":1}}}},"branchMap":{"0":{"loc":{"start":{"line":64,"column":20},"end":{"line":65,"column":50}},"type":"cond-expr","locations":[{"start":{"line":65,"column":18},"end":{"line":65,"column":45}},{"start":{"line":65,"column":48},"end":{"line":65,"column":50}}]},"1":{"loc":{"start":{"line":71,"column":18},"end":{"line":71,"column":66}},"type":"binary-expr","locations":[{"start":{"line":71,"column":18},"end":{"line":71,"column":47}},{"start":{"line":71,"column":51},"end":{"line":71,"column":66}}]},"2":{"loc":{"start":{"line":81,"column":17},"end":{"line":81,"column":66}},"type":"binary-expr","locations":[{"start":{"line":81,"column":17},"end":{"line":81,"column":47}},{"start":{"line":81,"column":51},"end":{"line":81,"column":66}}]},"3":{"loc":{"start":{"line":92,"column":14},"end":{"line":109,"column":31}},"type":"cond-expr","locations":[{"start":{"line":93,"column":14},"end":{"line":104,"column":21}},{"start":{"line":105,"column":14},"end":{"line":109,"column":31}}]}},"s":{"0":1,"1":1,"2":1,"3":0,"4":0,"5":0,"6":0,"7":0,"8":0,"9":0,"10":0,"11":1,"12":1,"13":0,"14":0,"15":0,"16":2,"17":2,"18":2,"19":0},"f":{"0":1,"1":0,"2":0,"3":1,"4":0,"5":0,"6":0,"7":0},"b":{"0":[0,1],"1":[1,1],"2":[1,1],"3":[1,0]},"_coverageSchema":"332fd63041d2c1bcb487cc26dd0d5f7d97098a6c","hash":"0be74ea34d6546f09975908a18bc11f9a0a31f61"}
,"/Users/jzimmerman/github/bestrida-rn/src/components/Settings.js": {"path":"/Users/jzimmerman/github/bestrida-rn/src/components/Settings.js","statementMap":{"0":{"start":{"line":15,"column":21},"end":{"line":15,"column":51}},"1":{"start":{"line":16,"column":22},"end":{"line":31,"column":2}},"2":{"start":{"line":35,"column":4},"end":{"line":35,"column":17}},"3":{"start":{"line":36,"column":4},"end":{"line":36,"column":53}},"4":{"start":{"line":40,"column":4},"end":{"line":40,"column":50}},"5":{"start":{"line":41,"column":4},"end":{"line":41,"column":70}},"6":{"start":{"line":45,"column":4},"end":{"line":52,"column":6}},"7":{"start":{"line":56,"column":23},"end":{"line":56,"column":38}},"8":{"start":{"line":58,"column":0},"end":{"line":61,"column":2}},"9":{"start":{"line":63,"column":24},"end":{"line":65,"column":2}},"10":{"start":{"line":63,"column":36},"end":{"line":65,"column":1}}},"fnMap":{"0":{"name":"(anonymous_0)","decl":{"start":{"line":34,"column":2},"end":{"line":34,"column":3}},"loc":{"start":{"line":34,"column":21},"end":{"line":37,"column":3}}},"1":{"name":"(anonymous_1)","decl":{"start":{"line":39,"column":2},"end":{"line":39,"column":3}},"loc":{"start":{"line":39,"column":17},"end":{"line":42,"column":3}}},"2":{"name":"(anonymous_2)","decl":{"start":{"line":44,"column":2},"end":{"line":44,"column":3}},"loc":{"start":{"line":44,"column":11},"end":{"line":53,"column":3}}},"3":{"name":"(anonymous_3)","decl":{"start":{"line":63,"column":24},"end":{"line":63,"column":25}},"loc":{"start":{"line":63,"column":36},"end":{"line":65,"column":1}}}},"branchMap":{"0":{"loc":{"start":{"line":15,"column":21},"end":{"line":15,"column":51}},"type":"cond-expr","locations":[{"start":{"line":15,"column":44},"end":{"line":15,"column":46}},{"start":{"line":15,"column":49},"end":{"line":15,"column":51}}]}},"s":{"0":1,"1":1,"2":1,"3":1,"4":0,"5":0,"6":1,"7":1,"8":1,"9":1,"10":0},"f":{"0":1,"1":0,"2":1,"3":0},"b":{"0":[1,0]},"_coverageSchema":"332fd63041d2c1bcb487cc26dd0d5f7d97098a6c","hash":"0655c3aac49ed6ed3a6b643e21c18acbec8cf43d"}
,"/Users/jzimmerman/github/bestrida-rn/src/constants/challenges.js": {"path":"/Users/jzimmerman/github/bestrida-rn/src/constants/challenges.js","statementMap":{"0":{"start":{"line":1,"column":42},"end":{"line":1,"column":70}},"1":{"start":{"line":2,"column":42},"end":{"line":2,"column":70}},"2":{"start":{"line":3,"column":42},"end":{"line":3,"column":70}},"3":{"start":{"line":4,"column":41},"end":{"line":4,"column":68}},"4":{"start":{"line":5,"column":41},"end":{"line":5,"column":68}},"5":{"start":{"line":6,"column":41},"end":{"line":6,"column":68}},"6":{"start":{"line":7,"column":44},"end":{"line":7,"column":74}},"7":{"start":{"line":8,"column":44},"end":{"line":8,"column":74}},"8":{"start":{"line":9,"column":44},"end":{"line":9,"column":74}},"9":{"start":{"line":10,"column":40},"end":{"line":10,"column":66}},"10":{"start":{"line":11,"column":40},"end":{"line":11,"column":66}},"11":{"start":{"line":12,"column":41},"end":{"line":12,"column":68}},"12":{"start":{"line":13,"column":41},"end":{"line":13,"column":68}},"13":{"start":{"line":14,"column":42},"end":{"line":14,"column":70}},"14":{"start":{"line":15,"column":42},"end":{"line":15,"column":70}},"15":{"start":{"line":16,"column":40},"end":{"line":16,"column":66}},"16":{"start":{"line":17,"column":40},"end":{"line":17,"column":66}},"17":{"start":{"line":18,"column":36},"end":{"line":18,"column":58}}},"fnMap":{},"branchMap":{},"s":{"0":5,"1":5,"2":5,"3":5,"4":5,"5":5,"6":5,"7":5,"8":5,"9":5,"10":5,"11":5,"12":5,"13":5,"14":5,"15":5,"16":5,"17":5},"f":{},"b":{},"_coverageSchema":"332fd63041d2c1bcb487cc26dd0d5f7d97098a6c","hash":"9265e90f7b2f66d400d21a633afed725c42e14bd"}
,"/Users/jzimmerman/github/bestrida-rn/src/constants/navigation.js": {"path":"/Users/jzimmerman/github/bestrida-rn/src/constants/navigation.js","statementMap":{"0":{"start":{"line":1,"column":28},"end":{"line":1,"column":42}}},"fnMap":{},"branchMap":{},"s":{"0":6},"f":{},"b":{},"_coverageSchema":"332fd63041d2c1bcb487cc26dd0d5f7d97098a6c","hash":"17ccd75458532fcb41b37f62d9fbdb59b88b0c64"}
,"/Users/jzimmerman/github/bestrida-rn/src/constants/user.js": {"path":"/Users/jzimmerman/github/bestrida-rn/src/constants/user.js","statementMap":{"0":{"start":{"line":1,"column":25},"end":{"line":1,"column":36}},"1":{"start":{"line":2,"column":32},"end":{"line":2,"column":50}},"2":{"start":{"line":3,"column":32},"end":{"line":3,"column":50}},"3":{"start":{"line":4,"column":32},"end":{"line":4,"column":50}},"4":{"start":{"line":5,"column":41},"end":{"line":5,"column":68}},"5":{"start":{"line":6,"column":41},"end":{"line":6,"column":68}},"6":{"start":{"line":7,"column":41},"end":{"line":7,"column":68}},"7":{"start":{"line":8,"column":40},"end":{"line":8,"column":66}},"8":{"start":{"line":9,"column":40},"end":{"line":9,"column":66}},"9":{"start":{"line":10,"column":40},"end":{"line":10,"column":66}}},"fnMap":{},"branchMap":{},"s":{"0":1,"1":1,"2":1,"3":1,"4":1,"5":1,"6":1,"7":1,"8":1,"9":1},"f":{},"b":{},"_coverageSchema":"332fd63041d2c1bcb487cc26dd0d5f7d97098a6c","hash":"19748076b96b3298bbd4eba3c9f92a475cc7660b"}
,"/Users/jzimmerman/github/bestrida-rn/src/styles/completedStyles.js": {"path":"/Users/jzimmerman/github/bestrida-rn/src/styles/completedStyles.js","statementMap":{"0":{"start":{"line":4,"column":0},"end":{"line":88,"column":1}},"1":{"start":{"line":5,"column":2},"end":{"line":45,"column":5}},"2":{"start":{"line":47,"column":2},"end":{"line":87,"column":5}},"3":{"start":{"line":90,"column":24},"end":{"line":90,"column":30}}},"fnMap":{},"branchMap":{"0":{"loc":{"start":{"line":4,"column":0},"end":{"line":88,"column":1}},"type":"if","locations":[{"start":{"line":4,"column":0},"end":{"line":88,"column":1}},{"start":{"line":4,"column":0},"end":{"line":88,"column":1}}]}},"s":{"0":2,"1":2,"2":0,"3":2},"f":{},"b":{"0":[2,0]},"_coverageSchema":"332fd63041d2c1bcb487cc26dd0d5f7d97098a6c","hash":"cb366c38aae3477859001161a80e0bd1186f3964"}
,"/Users/jzimmerman/github/bestrida-rn/src/styles/feedStyles.js": {"path":"/Users/jzimmerman/github/bestrida-rn/src/styles/feedStyles.js","statementMap":{"0":{"start":{"line":4,"column":0},"end":{"line":134,"column":1}},"1":{"start":{"line":5,"column":2},"end":{"line":68,"column":5}},"2":{"start":{"line":70,"column":2},"end":{"line":133,"column":5}},"3":{"start":{"line":136,"column":19},"end":{"line":136,"column":25}}},"fnMap":{},"branchMap":{"0":{"loc":{"start":{"line":4,"column":0},"end":{"line":134,"column":1}},"type":"if","locations":[{"start":{"line":4,"column":0},"end":{"line":134,"column":1}},{"start":{"line":4,"column":0},"end":{"line":134,"column":1}}]}},"s":{"0":1,"1":1,"2":0,"3":1},"f":{},"b":{"0":[1,0]},"_coverageSchema":"332fd63041d2c1bcb487cc26dd0d5f7d97098a6c","hash":"dd1921ac0c8e38c99f1801a418551d96c5d01180"}
,"/Users/jzimmerman/github/bestrida-rn/src/styles/pendingStyles.js": {"path":"/Users/jzimmerman/github/bestrida-rn/src/styles/pendingStyles.js","statementMap":{"0":{"start":{"line":4,"column":0},"end":{"line":86,"column":1}},"1":{"start":{"line":5,"column":2},"end":{"line":43,"column":5}},"2":{"start":{"line":45,"column":2},"end":{"line":85,"column":5}},"3":{"start":{"line":88,"column":22},"end":{"line":88,"column":28}}},"fnMap":{},"branchMap":{"0":{"loc":{"start":{"line":4,"column":0},"end":{"line":86,"column":1}},"type":"if","locations":[{"start":{"line":4,"column":0},"end":{"line":86,"column":1}},{"start":{"line":4,"column":0},"end":{"line":86,"column":1}}]}},"s":{"0":2,"1":2,"2":0,"3":2},"f":{},"b":{"0":[2,0]},"_coverageSchema":"332fd63041d2c1bcb487cc26dd0d5f7d97098a6c","hash":"b720b40128ff362685f1a065d91e7e81f86cb8f2"}
,"/Users/jzimmerman/github/bestrida-rn/src/styles/styles.js": {"path":"/Users/jzimmerman/github/bestrida-rn/src/styles/styles.js","statementMap":{"0":{"start":{"line":3,"column":16},"end":{"line":3,"column":20}},"1":{"start":{"line":5,"column":0},"end":{"line":307,"column":1}},"2":{"start":{"line":6,"column":2},"end":{"line":155,"column":5}},"3":{"start":{"line":157,"column":2},"end":{"line":306,"column":5}},"4":{"start":{"line":309,"column":15},"end":{"line":309,"column":24}}},"fnMap":{},"branchMap":{"0":{"loc":{"start":{"line":5,"column":0},"end":{"line":307,"column":1}},"type":"if","locations":[{"start":{"line":5,"column":0},"end":{"line":307,"column":1}},{"start":{"line":5,"column":0},"end":{"line":307,"column":1}}]}},"s":{"0":7,"1":7,"2":7,"3":0,"4":7},"f":{},"b":{"0":[7,0]},"_coverageSchema":"332fd63041d2c1bcb487cc26dd0d5f7d97098a6c","hash":"6a2057ee9fb7672788dfc0a3cbb6f9f56e677429"}
}
