TN:
SF:/Users/justin/github/bestrida-rn/src/actions/challenges.js
FN:5,determineOpponent
FN:6,(anonymous_1)
FN:44,completionStatus
FN:45,(anonymous_3)
FN:64,pendingChallenges
FN:65,(anonymous_5)
FN:75,(anonymous_6)
FN:76,(anonymous_7)
FN:77,(anonymous_8)
FN:86,(anonymous_9)
FN:98,activeChallenges
FN:99,(anonymous_11)
FN:109,(anonymous_12)
FN:110,(anonymous_13)
FN:111,(anonymous_14)
FN:120,(anonymous_15)
FN:132,completedChallenges
FN:133,(anonymous_17)
FN:143,(anonymous_18)
FN:144,(anonymous_19)
FN:145,(anonymous_20)
FN:146,(anonymous_21)
FN:155,(anonymous_22)
FN:167,acceptChallenge
FN:168,(anonymous_24)
FN:179,(anonymous_25)
FN:180,(anonymous_26)
FN:191,(anonymous_27)
FN:203,declineChallenge
FN:204,(anonymous_29)
FN:215,(anonymous_30)
FN:216,(anonymous_31)
FN:229,(anonymous_32)
FN:244,completeChallenge
FN:245,(anonymous_34)
FN:257,(anonymous_35)
FN:258,(anonymous_36)
FN:287,(anonymous_37)
FN:302,clearCompleteError
FN:303,(anonymous_39)
FN:308,createChallenge
FN:309,(anonymous_41)
FN:323,(anonymous_42)
FN:324,(anonymous_43)
FN:357,(anonymous_44)
FNF:45
FNH:3
FNDA:0,determineOpponent
FNDA:0,(anonymous_1)
FNDA:0,completionStatus
FNDA:0,(anonymous_3)
FNDA:1,pendingChallenges
FNDA:0,(anonymous_5)
FNDA:0,(anonymous_6)
FNDA:0,(anonymous_7)
FNDA:0,(anonymous_8)
FNDA:0,(anonymous_9)
FNDA:1,activeChallenges
FNDA:0,(anonymous_11)
FNDA:0,(anonymous_12)
FNDA:0,(anonymous_13)
FNDA:0,(anonymous_14)
FNDA:0,(anonymous_15)
FNDA:1,completedChallenges
FNDA:0,(anonymous_17)
FNDA:0,(anonymous_18)
FNDA:0,(anonymous_19)
FNDA:0,(anonymous_20)
FNDA:0,(anonymous_21)
FNDA:0,(anonymous_22)
FNDA:0,acceptChallenge
FNDA:0,(anonymous_24)
FNDA:0,(anonymous_25)
FNDA:0,(anonymous_26)
FNDA:0,(anonymous_27)
FNDA:0,declineChallenge
FNDA:0,(anonymous_29)
FNDA:0,(anonymous_30)
FNDA:0,(anonymous_31)
FNDA:0,(anonymous_32)
FNDA:0,completeChallenge
FNDA:0,(anonymous_34)
FNDA:0,(anonymous_35)
FNDA:0,(anonymous_36)
FNDA:0,(anonymous_37)
FNDA:0,clearCompleteError
FNDA:0,(anonymous_39)
FNDA:0,createChallenge
FNDA:0,(anonymous_41)
FNDA:0,(anonymous_42)
FNDA:0,(anonymous_43)
FNDA:0,(anonymous_44)
DA:6,0
DA:10,0
DA:11,0
DA:12,0
DA:13,0
DA:16,0
DA:18,0
DA:22,0
DA:24,0
DA:26,0
DA:28,0
DA:32,0
DA:34,0
DA:38,0
DA:39,0
DA:41,0
DA:45,0
DA:47,0
DA:48,0
DA:49,0
DA:50,0
DA:51,0
DA:53,0
DA:56,0
DA:58,0
DA:59,0
DA:61,0
DA:65,1
DA:66,0
DA:70,0
DA:75,0
DA:76,0
DA:78,0
DA:87,0
DA:99,1
DA:100,0
DA:104,0
DA:109,0
DA:110,0
DA:112,0
DA:121,0
DA:133,1
DA:134,0
DA:138,0
DA:143,0
DA:144,0
DA:145,0
DA:147,0
DA:156,0
DA:168,0
DA:169,0
DA:179,0
DA:181,0
DA:187,0
DA:188,0
DA:192,0
DA:198,0
DA:204,0
DA:205,0
DA:215,0
DA:217,0
DA:223,0
DA:227,0
DA:230,0
DA:236,0
DA:245,0
DA:246,0
DA:257,0
DA:259,0
DA:260,0
DA:261,0
DA:263,0
DA:269,0
DA:274,0
DA:280,0
DA:285,0
DA:288,0
DA:294,0
DA:303,0
DA:304,0
DA:309,0
DA:310,0
DA:323,0
DA:325,0
DA:326,0
DA:327,0
DA:329,0
DA:335,0
DA:342,0
DA:348,0
DA:355,0
DA:358,0
DA:364,0
LF:93
LH:3
BRDA:10,0,0,0
BRDA:10,0,1,0
BRDA:12,1,0,0
BRDA:12,1,1,0
BRDA:16,2,0,0
BRDA:16,2,1,0
BRDA:18,3,0,0
BRDA:18,3,1,0
BRDA:19,4,0,0
BRDA:19,4,1,0
BRDA:26,5,0,0
BRDA:26,5,1,0
BRDA:28,6,0,0
BRDA:28,6,1,0
BRDA:29,7,0,0
BRDA:29,7,1,0
BRDA:47,8,0,0
BRDA:47,8,1,0
BRDA:48,9,0,0
BRDA:48,9,1,0
BRDA:50,10,0,0
BRDA:50,10,1,0
BRDA:260,11,0,0
BRDA:260,11,1,0
BRDA:326,12,0,0
BRDA:326,12,1,0
BRF:26
BRH:0
end_of_record
TN:
SF:/Users/justin/github/bestrida-rn/src/actions/segments.js
FN:4,getSegment
FN:5,(anonymous_1)
FN:14,(anonymous_2)
FN:15,(anonymous_3)
FN:21,(anonymous_4)
FN:30,clearSegment
FN:31,(anonymous_6)
FNF:7
FNH:1
FNDA:3,getSegment
FNDA:0,(anonymous_1)
FNDA:0,(anonymous_2)
FNDA:0,(anonymous_3)
FNDA:0,(anonymous_4)
FNDA:0,clearSegment
FNDA:0,(anonymous_6)
DA:5,3
DA:6,0
DA:9,0
DA:14,0
DA:16,0
DA:22,0
DA:31,0
DA:32,0
LF:8
LH:1
BRF:0
BRH:0
end_of_record
TN:
SF:/Users/justin/github/bestrida-rn/src/actions/user.js
FN:5,userLogin
FN:6,(anonymous_1)
FN:18,userLogout
FN:19,(anonymous_3)
FN:31,userDismiss
FN:32,(anonymous_5)
FN:39,reloadUser
FN:40,(anonymous_7)
FN:50,(anonymous_8)
FN:51,(anonymous_9)
FN:63,(anonymous_10)
FN:72,getUser
FN:73,(anonymous_12)
FN:83,(anonymous_13)
FN:84,(anonymous_14)
FN:96,(anonymous_15)
FN:105,getUserSegmentsFromStrava
FN:106,(anonymous_17)
FN:116,(anonymous_18)
FN:117,(anonymous_19)
FN:124,(anonymous_20)
FN:134,getUserFriendsFromStrava
FN:135,(anonymous_22)
FN:145,(anonymous_23)
FN:146,(anonymous_24)
FN:153,(anonymous_25)
FNF:26
FNH:0
FNDA:0,userLogin
FNDA:0,(anonymous_1)
FNDA:0,userLogout
FNDA:0,(anonymous_3)
FNDA:0,userDismiss
FNDA:0,(anonymous_5)
FNDA:0,reloadUser
FNDA:0,(anonymous_7)
FNDA:0,(anonymous_8)
FNDA:0,(anonymous_9)
FNDA:0,(anonymous_10)
FNDA:0,getUser
FNDA:0,(anonymous_12)
FNDA:0,(anonymous_13)
FNDA:0,(anonymous_14)
FNDA:0,(anonymous_15)
FNDA:0,getUserSegmentsFromStrava
FNDA:0,(anonymous_17)
FNDA:0,(anonymous_18)
FNDA:0,(anonymous_19)
FNDA:0,(anonymous_20)
FNDA:0,getUserFriendsFromStrava
FNDA:0,(anonymous_22)
FNDA:0,(anonymous_23)
FNDA:0,(anonymous_24)
FNDA:0,(anonymous_25)
DA:6,0
DA:7,0
DA:19,0
DA:20,0
DA:32,0
DA:33,0
DA:40,0
DA:41,0
DA:45,0
DA:50,0
DA:52,0
DA:56,0
DA:57,0
DA:58,0
DA:59,0
DA:60,0
DA:61,0
DA:64,0
DA:73,0
DA:74,0
DA:78,0
DA:83,0
DA:85,0
DA:89,0
DA:90,0
DA:91,0
DA:92,0
DA:93,0
DA:94,0
DA:97,0
DA:106,0
DA:107,0
DA:111,0
DA:116,0
DA:118,0
DA:122,0
DA:125,0
DA:129,0
DA:135,0
DA:136,0
DA:140,0
DA:145,0
DA:147,0
DA:151,0
DA:154,0
DA:158,0
LF:46
LH:0
BRDA:56,0,0,0
BRDA:56,0,1,0
BRDA:58,1,0,0
BRDA:58,1,1,0
BRDA:59,2,0,0
BRDA:59,2,1,0
BRDA:89,3,0,0
BRDA:89,3,1,0
BRDA:91,4,0,0
BRDA:91,4,1,0
BRDA:92,5,0,0
BRDA:92,5,1,0
BRF:12
BRH:0
end_of_record
TN:
SF:/Users/justin/github/bestrida-rn/src/components/ActiveChallengeDetail.js
FN:17,(anonymous_0)
FN:22,(anonymous_1)
FN:28,(anonymous_2)
FN:32,(anonymous_3)
FN:39,(anonymous_4)
FN:118,(anonymous_5)
FN:139,(anonymous_6)
FNF:7
FNH:3
FNDA:1,(anonymous_0)
FNDA:1,(anonymous_1)
FNDA:0,(anonymous_2)
FNDA:0,(anonymous_3)
FNDA:1,(anonymous_4)
FNDA:0,(anonymous_5)
FNDA:0,(anonymous_6)
DA:18,1
DA:19,1
DA:23,1
DA:24,1
DA:25,1
DA:29,0
DA:33,0
DA:34,0
DA:35,0
DA:36,0
DA:40,1
DA:41,1
DA:42,1
DA:44,1
DA:45,0
DA:55,1
DA:118,0
DA:129,1
DA:131,1
DA:139,1
LF:20
LH:13
BRDA:44,0,0,0
BRDA:44,0,1,1
BRDA:44,1,0,1
BRDA:44,1,1,0
BRDA:44,1,2,0
BRDA:85,2,0,0
BRDA:85,2,1,1
BRDA:105,3,0,1
BRDA:105,3,1,1
BRF:9
BRH:5
end_of_record
TN:
SF:/Users/justin/github/bestrida-rn/src/components/ActiveChallenges.js
FN:19,(anonymous_0)
FN:30,(anonymous_1)
FN:35,(anonymous_2)
FN:42,(anonymous_3)
FN:50,(anonymous_4)
FN:54,(anonymous_5)
FN:84,(anonymous_6)
FN:85,(anonymous_7)
FN:88,(anonymous_8)
FN:146,(anonymous_9)
FNF:10
FNH:3
FNDA:1,(anonymous_0)
FNDA:1,(anonymous_1)
FNDA:0,(anonymous_2)
FNDA:0,(anonymous_3)
FNDA:0,(anonymous_4)
FNDA:1,(anonymous_5)
FNDA:0,(anonymous_6)
FNDA:0,(anonymous_7)
FNDA:0,(anonymous_8)
FNDA:0,(anonymous_9)
DA:16,1
DA:20,1
DA:22,1
DA:25,1
DA:26,1
DA:27,1
DA:31,1
DA:32,1
DA:36,0
DA:43,0
DA:44,0
DA:45,0
DA:51,0
DA:56,1
DA:57,0
DA:71,1
DA:84,0
DA:86,0
DA:88,0
DA:132,1
DA:134,1
DA:146,1
LF:22
LH:13
BRDA:56,0,0,0
BRDA:56,0,1,1
BRDA:95,1,0,0
BRDA:95,1,1,0
BRF:4
BRH:1
end_of_record
TN:
SF:/Users/justin/github/bestrida-rn/src/components/ChallengeFeed.js
FN:20,(anonymous_0)
FN:33,(anonymous_1)
FN:37,(anonymous_2)
FN:44,(anonymous_3)
FN:48,(anonymous_4)
FN:57,(anonymous_5)
FN:65,(anonymous_6)
FN:73,(anonymous_7)
FN:88,(anonymous_8)
FN:96,(anonymous_9)
FN:99,(anonymous_10)
FN:137,(anonymous_11)
FN:146,(anonymous_12)
FN:179,(anonymous_13)
FNF:14
FNH:3
FNDA:1,(anonymous_0)
FNDA:1,(anonymous_1)
FNDA:0,(anonymous_2)
FNDA:0,(anonymous_3)
FNDA:0,(anonymous_4)
FNDA:0,(anonymous_5)
FNDA:0,(anonymous_6)
FNDA:1,(anonymous_7)
FNDA:0,(anonymous_8)
FNDA:0,(anonymous_9)
FNDA:0,(anonymous_10)
FNDA:0,(anonymous_11)
FNDA:0,(anonymous_12)
FNDA:0,(anonymous_13)
DA:17,1
DA:21,1
DA:23,1
DA:26,1
DA:27,1
DA:28,1
DA:29,1
DA:30,1
DA:34,1
DA:38,0
DA:45,0
DA:49,0
DA:50,0
DA:51,0
DA:52,0
DA:58,0
DA:59,0
DA:60,0
DA:66,0
DA:67,0
DA:68,0
DA:74,1
DA:88,0
DA:97,0
DA:99,0
DA:138,0
DA:147,0
DA:166,1
DA:168,1
DA:179,1
LF:30
LH:13
BRDA:106,0,0,0
BRDA:106,0,1,0
BRDA:134,1,0,0
BRDA:134,1,1,0
BRF:4
BRH:0
end_of_record
TN:
SF:/Users/justin/github/bestrida-rn/src/components/CompletedChallengeDetail.js
FN:11,secondsToTime
FN:36,(anonymous_1)
FN:42,(anonymous_2)
FN:46,(anonymous_3)
FN:195,(anonymous_4)
FNF:5
FNH:3
FNDA:2,secondsToTime
FNDA:1,(anonymous_1)
FNDA:0,(anonymous_2)
FNDA:1,(anonymous_3)
FNDA:0,(anonymous_4)
DA:12,2
DA:13,2
DA:15,2
DA:16,2
DA:18,2
DA:19,2
DA:21,2
DA:22,2
DA:23,2
DA:27,2
DA:28,0
DA:30,2
DA:32,2
DA:37,1
DA:38,1
DA:39,1
DA:43,0
DA:47,1
DA:48,1
DA:49,1
DA:51,1
DA:52,0
DA:64,1
DA:68,0
DA:80,1
DA:181,1
DA:185,1
DA:187,1
DA:195,1
LF:29
LH:25
BRDA:21,0,0,2
BRDA:21,0,1,0
BRDA:22,1,0,2
BRDA:22,1,1,0
BRDA:23,2,0,0
BRDA:23,2,1,2
BRDA:27,3,0,0
BRDA:27,3,1,2
BRDA:27,4,0,2
BRDA:27,4,1,2
BRDA:27,4,2,2
BRDA:51,5,0,0
BRDA:51,5,1,1
BRDA:51,6,0,1
BRDA:51,6,1,0
BRDA:51,6,2,0
BRDA:64,7,0,0
BRDA:64,7,1,1
BRDA:65,8,0,1
BRDA:65,8,1,1
BRDA:85,9,0,0
BRDA:85,9,1,1
BRDA:114,10,0,0
BRDA:114,10,1,1
BRDA:122,11,0,0
BRDA:122,11,1,1
BRDA:129,12,0,0
BRDA:129,12,1,1
BRDA:137,13,0,0
BRDA:137,13,1,1
BRDA:144,14,0,0
BRDA:144,14,1,1
BRDA:150,15,0,0
BRDA:150,15,1,1
BRDA:157,16,0,0
BRDA:157,16,1,1
BRDA:163,17,0,0
BRDA:163,17,1,1
BRF:38
BRH:21
end_of_record
TN:
SF:/Users/justin/github/bestrida-rn/src/components/CompletedChallenges.js
FN:19,(anonymous_0)
FN:29,(anonymous_1)
FN:35,(anonymous_2)
FN:43,(anonymous_3)
FN:52,(anonymous_4)
FN:58,(anonymous_5)
FN:66,(anonymous_6)
FN:69,(anonymous_7)
FN:126,(anonymous_8)
FNF:9
FNH:3
FNDA:1,(anonymous_0)
FNDA:1,(anonymous_1)
FNDA:0,(anonymous_2)
FNDA:0,(anonymous_3)
FNDA:1,(anonymous_4)
FNDA:0,(anonymous_5)
FNDA:0,(anonymous_6)
FNDA:0,(anonymous_7)
FNDA:0,(anonymous_8)
DA:16,1
DA:20,1
DA:22,1
DA:25,1
DA:26,1
DA:30,1
DA:36,0
DA:37,0
DA:44,0
DA:45,0
DA:46,0
DA:47,0
DA:53,1
DA:58,0
DA:67,0
DA:69,0
DA:113,1
DA:115,1
DA:126,1
LF:19
LH:10
BRDA:76,0,0,0
BRDA:76,0,1,0
BRF:2
BRH:0
end_of_record
TN:
SF:/Users/justin/github/bestrida-rn/src/components/PendingChallengeDetail.js
FN:18,(anonymous_0)
FN:24,(anonymous_1)
FN:30,(anonymous_2)
FN:34,(anonymous_3)
FN:41,(anonymous_4)
FN:48,(anonymous_5)
FN:70,(anonymous_6)
FN:78,(anonymous_7)
FN:88,(anonymous_8)
FN:173,(anonymous_9)
FNF:10
FNH:3
FNDA:1,(anonymous_0)
FNDA:1,(anonymous_1)
FNDA:0,(anonymous_2)
FNDA:0,(anonymous_3)
FNDA:0,(anonymous_4)
FNDA:1,(anonymous_5)
FNDA:0,(anonymous_6)
FNDA:0,(anonymous_7)
FNDA:0,(anonymous_8)
FNDA:0,(anonymous_9)
DA:19,1
DA:20,1
DA:21,1
DA:25,1
DA:26,1
DA:27,1
DA:31,0
DA:35,0
DA:36,0
DA:37,0
DA:38,0
DA:42,0
DA:43,0
DA:44,0
DA:45,0
DA:49,1
DA:50,1
DA:51,1
DA:53,1
DA:54,0
DA:66,1
DA:67,0
DA:70,0
DA:78,0
DA:85,1
DA:86,0
DA:88,0
DA:96,1
DA:163,1
DA:165,1
DA:173,1
LF:31
LH:16
BRDA:53,0,0,0
BRDA:53,0,1,1
BRDA:53,1,0,1
BRDA:53,1,1,0
BRDA:53,1,2,0
BRDA:66,2,0,0
BRDA:66,2,1,1
BRDA:66,3,0,1
BRDA:66,3,1,0
BRDA:85,4,0,0
BRDA:85,4,1,1
BRDA:85,5,0,1
BRDA:85,5,1,0
BRDA:120,6,0,1
BRDA:120,6,1,0
BRDA:127,7,0,0
BRDA:127,7,1,1
BRDA:135,8,0,1
BRDA:135,8,1,1
BRDA:146,9,0,1
BRDA:146,9,1,1
BRF:21
BRH:12
end_of_record
TN:
SF:/Users/justin/github/bestrida-rn/src/components/SegmentMap.js
FN:8,(anonymous_0)
FN:24,(anonymous_1)
FNF:2
FNH:0
FNDA:0,(anonymous_0)
FNDA:0,(anonymous_1)
DA:9,0
DA:11,0
DA:12,0
DA:13,0
DA:14,0
DA:15,0
DA:22,0
DA:23,0
DA:24,0
DA:28,0
DA:29,0
DA:30,0
DA:31,0
DA:32,0
DA:35,0
DA:36,0
DA:42,0
DA:51,0
DA:66,3
DA:68,3
LF:20
LH:2
BRDA:22,0,0,0
BRDA:22,0,1,0
BRDA:22,1,0,0
BRDA:22,1,1,0
BRF:4
BRH:0
end_of_record
TN:
SF:/Users/justin/github/bestrida-rn/src/components/Settings.js
FN:36,(anonymous_0)
FN:43,(anonymous_1)
FN:49,(anonymous_2)
FN:54,(anonymous_3)
FN:58,(anonymous_4)
FN:123,(anonymous_5)
FNF:6
FNH:2
FNDA:1,(anonymous_0)
FNDA:0,(anonymous_1)
FNDA:0,(anonymous_2)
FNDA:0,(anonymous_3)
FNDA:1,(anonymous_4)
FNDA:0,(anonymous_5)
DA:15,1
DA:16,1
DA:17,1
DA:18,1
DA:37,1
DA:38,1
DA:39,1
DA:40,1
DA:44,0
DA:45,0
DA:46,0
DA:50,0
DA:51,0
DA:55,0
DA:59,1
DA:61,1
DA:62,0
DA:76,1
DA:77,0
DA:91,1
DA:112,1
DA:114,1
DA:123,1
LF:23
LH:15
BRDA:15,0,0,1
BRDA:15,0,1,0
BRDA:61,1,0,0
BRDA:61,1,1,1
BRDA:76,2,0,0
BRDA:76,2,1,1
BRF:6
BRH:3
end_of_record
TN:
SF:/Users/justin/github/bestrida-rn/src/constants/app.js
FNF:0
FNH:0
DA:1,7
DA:2,7
LF:2
LH:2
BRF:0
BRH:0
end_of_record
TN:
SF:/Users/justin/github/bestrida-rn/src/constants/challenges.js
FNF:0
FNH:0
DA:1,5
DA:2,5
DA:3,5
DA:4,5
DA:5,5
DA:6,5
DA:7,5
DA:8,5
DA:9,5
DA:10,5
DA:11,5
DA:12,5
DA:13,5
DA:14,5
DA:15,5
DA:16,5
DA:17,5
DA:18,5
LF:18
LH:18
BRF:0
BRH:0
end_of_record
TN:
SF:/Users/justin/github/bestrida-rn/src/constants/segments.js
FNF:0
FNH:0
DA:1,3
DA:2,3
DA:3,3
DA:4,3
LF:4
LH:4
BRF:0
BRH:0
end_of_record
TN:
SF:/Users/justin/github/bestrida-rn/src/constants/user.js
FNF:0
FNH:0
DA:1,1
DA:2,1
DA:3,1
DA:4,1
DA:5,1
DA:6,1
DA:7,1
DA:8,1
DA:9,1
DA:10,1
DA:11,1
DA:12,1
DA:13,1
DA:14,1
LF:14
LH:14
BRF:0
BRH:0
end_of_record
TN:
SF:/Users/justin/github/bestrida-rn/src/styles/completedStyles.js
FNF:0
FNH:0
DA:4,1
DA:5,1
DA:47,0
DA:90,1
LF:4
LH:3
BRDA:4,0,0,1
BRDA:4,0,1,0
BRF:2
BRH:1
end_of_record
TN:
SF:/Users/justin/github/bestrida-rn/src/styles/feedStyles.js
FNF:0
FNH:0
DA:4,1
DA:5,1
DA:70,0
DA:136,1
LF:4
LH:3
BRDA:4,0,0,1
BRDA:4,0,1,0
BRF:2
BRH:1
end_of_record
TN:
SF:/Users/justin/github/bestrida-rn/src/styles/pendingStyles.js
FNF:0
FNH:0
DA:4,1
DA:5,1
DA:45,0
DA:88,1
LF:4
LH:3
BRDA:4,0,0,1
BRDA:4,0,1,0
BRF:2
BRH:1
end_of_record
TN:
SF:/Users/justin/github/bestrida-rn/src/styles/styles.js
FNF:0
FNH:0
DA:3,7
DA:5,7
DA:6,7
DA:167,0
DA:328,7
LF:5
LH:4
BRDA:5,0,0,7
BRDA:5,0,1,0
BRF:2
BRH:1
end_of_record
