TN:
SF:/Users/jzimmerman/github/bestrida-rn/src/actions/challenges.js
FN:6,determineOpponent
FN:7,(anonymous_1)
FN:39,completionStatus
FN:40,(anonymous_3)
FN:59,pendingChallenges
FN:60,(anonymous_5)
FN:70,(anonymous_6)
FN:71,(anonymous_7)
FN:72,(anonymous_8)
FN:81,(anonymous_9)
FN:93,activeChallenges
FN:94,(anonymous_11)
FN:104,(anonymous_12)
FN:105,(anonymous_13)
FN:106,(anonymous_14)
FN:115,(anonymous_15)
FN:127,completedChallenges
FN:128,(anonymous_17)
FN:138,(anonymous_18)
FN:139,(anonymous_19)
FN:140,(anonymous_20)
FN:141,(anonymous_21)
FN:150,(anonymous_22)
FN:162,acceptChallenge
FN:163,(anonymous_24)
FN:174,(anonymous_25)
FN:175,(anonymous_26)
FN:185,(anonymous_27)
FN:196,declineChallenge
FN:197,(anonymous_29)
FN:208,(anonymous_30)
FN:209,(anonymous_31)
FN:218,(anonymous_32)
FN:229,completeChallenge
FN:230,(anonymous_34)
FN:242,(anonymous_35)
FN:243,(anonymous_36)
FN:264,(anonymous_37)
FN:275,clearCompleteError
FN:276,(anonymous_39)
FN:281,createChallenge
FN:282,(anonymous_41)
FN:301,(anonymous_42)
FN:302,(anonymous_43)
FN:310,(anonymous_44)
FNF:45
FNH:3
FNDA:0,determineOpponent
FNDA:0,(anonymous_1)
FNDA:0,completionStatus
FNDA:0,(anonymous_3)
FNDA:1,pendingChallenges
FNDA:0,(anonymous_5)
FNDA:0,(anonymous_6)
FNDA:0,(anonymous_7)
FNDA:0,(anonymous_8)
FNDA:0,(anonymous_9)
FNDA:1,activeChallenges
FNDA:0,(anonymous_11)
FNDA:0,(anonymous_12)
FNDA:0,(anonymous_13)
FNDA:0,(anonymous_14)
FNDA:0,(anonymous_15)
FNDA:1,completedChallenges
FNDA:0,(anonymous_17)
FNDA:0,(anonymous_18)
FNDA:0,(anonymous_19)
FNDA:0,(anonymous_20)
FNDA:0,(anonymous_21)
FNDA:0,(anonymous_22)
FNDA:0,acceptChallenge
FNDA:0,(anonymous_24)
FNDA:0,(anonymous_25)
FNDA:0,(anonymous_26)
FNDA:0,(anonymous_27)
FNDA:0,declineChallenge
FNDA:0,(anonymous_29)
FNDA:0,(anonymous_30)
FNDA:0,(anonymous_31)
FNDA:0,(anonymous_32)
FNDA:0,completeChallenge
FNDA:0,(anonymous_34)
FNDA:0,(anonymous_35)
FNDA:0,(anonymous_36)
FNDA:0,(anonymous_37)
FNDA:0,clearCompleteError
FNDA:0,(anonymous_39)
FNDA:0,createChallenge
FNDA:0,(anonymous_41)
FNDA:0,(anonymous_42)
FNDA:0,(anonymous_43)
FNDA:0,(anonymous_44)
DA:4,5
DA:7,0
DA:11,0
DA:12,0
DA:13,0
DA:14,0
DA:17,0
DA:19,0
DA:20,0
DA:22,0
DA:24,0
DA:26,0
DA:27,0
DA:29,0
DA:33,0
DA:34,0
DA:36,0
DA:40,0
DA:42,0
DA:43,0
DA:44,0
DA:45,0
DA:46,0
DA:48,0
DA:51,0
DA:53,0
DA:54,0
DA:56,0
DA:60,1
DA:61,0
DA:65,0
DA:70,0
DA:71,0
DA:73,0
DA:82,0
DA:94,1
DA:95,0
DA:99,0
DA:104,0
DA:105,0
DA:107,0
DA:116,0
DA:128,1
DA:129,0
DA:133,0
DA:138,0
DA:139,0
DA:140,0
DA:142,0
DA:151,0
DA:163,0
DA:164,0
DA:174,0
DA:176,0
DA:186,0
DA:197,0
DA:198,0
DA:208,0
DA:210,0
DA:219,0
DA:230,0
DA:231,0
DA:242,0
DA:244,0
DA:245,0
DA:246,0
DA:248,0
DA:255,0
DA:265,0
DA:276,0
DA:277,0
DA:282,0
DA:283,0
DA:301,0
DA:303,0
DA:311,0
LF:76
LH:4
BRDA:11,0,0,0
BRDA:11,0,1,0
BRDA:13,1,0,0
BRDA:13,1,1,0
BRDA:17,2,0,0
BRDA:17,2,1,0
BRDA:19,3,0,0
BRDA:19,3,1,0
BRDA:19,4,0,0
BRDA:19,4,1,0
BRDA:24,5,0,0
BRDA:24,5,1,0
BRDA:26,6,0,0
BRDA:26,6,1,0
BRDA:26,7,0,0
BRDA:26,7,1,0
BRDA:42,8,0,0
BRDA:42,8,1,0
BRDA:42,9,0,0
BRDA:42,9,1,0
BRDA:43,10,0,0
BRDA:43,10,1,0
BRDA:45,11,0,0
BRDA:45,11,1,0
BRDA:245,12,0,0
BRDA:245,12,1,0
BRF:26
BRH:0
end_of_record
TN:
SF:/Users/jzimmerman/github/bestrida-rn/src/actions/navigation.js
FN:3,changeTab
FN:4,(anonymous_1)
FNF:2
FNH:0
FNDA:0,changeTab
FNDA:0,(anonymous_1)
DA:4,0
DA:5,0
LF:2
LH:0
BRF:0
BRH:0
end_of_record
TN:
SF:/Users/jzimmerman/github/bestrida-rn/src/actions/user.js
FN:5,userLogin
FN:6,(anonymous_1)
FN:18,userLogout
FN:19,(anonymous_3)
FN:31,getUser
FN:32,(anonymous_5)
FN:42,(anonymous_6)
FN:43,(anonymous_7)
FN:49,(anonymous_8)
FN:58,getUserSegments
FN:59,(anonymous_10)
FN:69,(anonymous_11)
FN:70,(anonymous_12)
FN:76,(anonymous_13)
FN:85,getUserFriends
FN:86,(anonymous_15)
FN:96,(anonymous_16)
FN:97,(anonymous_17)
FN:103,(anonymous_18)
FNF:19
FNH:0
FNDA:0,userLogin
FNDA:0,(anonymous_1)
FNDA:0,userLogout
FNDA:0,(anonymous_3)
FNDA:0,getUser
FNDA:0,(anonymous_5)
FNDA:0,(anonymous_6)
FNDA:0,(anonymous_7)
FNDA:0,(anonymous_8)
FNDA:0,getUserSegments
FNDA:0,(anonymous_10)
FNDA:0,(anonymous_11)
FNDA:0,(anonymous_12)
FNDA:0,(anonymous_13)
FNDA:0,getUserFriends
FNDA:0,(anonymous_15)
FNDA:0,(anonymous_16)
FNDA:0,(anonymous_17)
FNDA:0,(anonymous_18)
DA:3,1
DA:6,0
DA:7,0
DA:19,0
DA:20,0
DA:32,0
DA:33,0
DA:37,0
DA:42,0
DA:44,0
DA:50,0
DA:59,0
DA:60,0
DA:64,0
DA:69,0
DA:71,0
DA:77,0
DA:86,0
DA:87,0
DA:91,0
DA:96,0
DA:98,0
DA:104,0
LF:23
LH:1
BRF:0
BRH:0
end_of_record
TN:
SF:/Users/jzimmerman/github/bestrida-rn/src/components/ActiveChallengeDetail.js
FN:13,(anonymous_0)
FN:18,(anonymous_1)
FN:25,(anonymous_2)
FN:86,(anonymous_3)
FN:105,(anonymous_4)
FNF:5
FNH:2
FNDA:1,(anonymous_0)
FNDA:0,(anonymous_1)
FNDA:1,(anonymous_2)
FNDA:0,(anonymous_3)
FNDA:0,(anonymous_4)
DA:14,1
DA:15,1
DA:19,0
DA:20,0
DA:21,0
DA:22,0
DA:26,1
DA:27,1
DA:86,0
DA:96,2
DA:98,2
DA:105,2
LF:12
LH:7
BRDA:55,0,0,0
BRDA:55,0,1,1
BRDA:72,1,0,1
BRDA:72,1,1,1
BRF:4
BRH:3
end_of_record
TN:
SF:/Users/jzimmerman/github/bestrida-rn/src/components/ActiveChallenges.js
FN:16,(anonymous_0)
FN:20,(anonymous_1)
FN:32,(anonymous_2)
FN:39,(anonymous_3)
FN:45,(anonymous_4)
FN:52,(anonymous_5)
FN:61,(anonymous_6)
FN:65,(anonymous_7)
FN:99,(anonymous_8)
FN:100,(anonymous_9)
FN:141,(anonymous_10)
FNF:11
FNH:3
FNDA:0,(anonymous_0)
FNDA:1,(anonymous_1)
FNDA:1,(anonymous_2)
FNDA:0,(anonymous_3)
FNDA:0,(anonymous_4)
FNDA:0,(anonymous_5)
FNDA:0,(anonymous_6)
FNDA:1,(anonymous_7)
FNDA:0,(anonymous_8)
FNDA:0,(anonymous_9)
FNDA:0,(anonymous_10)
DA:16,1
DA:17,1
DA:21,1
DA:23,1
DA:27,1
DA:28,1
DA:29,1
DA:33,1
DA:34,1
DA:40,0
DA:46,0
DA:53,0
DA:54,0
DA:55,0
DA:62,0
DA:67,1
DA:68,0
DA:85,1
DA:100,0
DA:127,1
DA:129,1
DA:141,1
LF:22
LH:14
BRDA:67,0,0,0
BRDA:67,0,1,1
BRDA:104,1,0,0
BRDA:104,1,1,0
BRF:4
BRH:1
end_of_record
TN:
SF:/Users/jzimmerman/github/bestrida-rn/src/components/ChallengeFeed.js
FN:20,(anonymous_0)
FN:23,(anonymous_1)
FN:37,(anonymous_2)
FN:44,(anonymous_3)
FN:50,(anonymous_4)
FN:57,(anonymous_5)
FN:61,(anonymous_6)
FN:70,(anonymous_7)
FN:79,(anonymous_8)
FN:88,(anonymous_9)
FN:110,(anonymous_10)
FN:111,(anonymous_11)
FN:132,(anonymous_12)
FN:137,(anonymous_13)
FN:166,(anonymous_14)
FNF:15
FNH:3
FNDA:0,(anonymous_0)
FNDA:1,(anonymous_1)
FNDA:1,(anonymous_2)
FNDA:0,(anonymous_3)
FNDA:0,(anonymous_4)
FNDA:0,(anonymous_5)
FNDA:0,(anonymous_6)
FNDA:0,(anonymous_7)
FNDA:0,(anonymous_8)
FNDA:1,(anonymous_9)
FNDA:0,(anonymous_10)
FNDA:0,(anonymous_11)
FNDA:0,(anonymous_12)
FNDA:0,(anonymous_13)
FNDA:0,(anonymous_14)
DA:18,1
DA:20,1
DA:24,1
DA:26,1
DA:30,1
DA:31,1
DA:32,1
DA:33,1
DA:34,1
DA:38,1
DA:39,1
DA:45,0
DA:51,0
DA:58,0
DA:62,0
DA:63,0
DA:64,0
DA:71,0
DA:72,0
DA:73,0
DA:80,0
DA:81,0
DA:82,0
DA:89,1
DA:111,0
DA:132,0
DA:137,0
DA:153,1
DA:155,1
DA:166,1
LF:30
LH:15
BRDA:115,0,0,0
BRDA:115,0,1,0
BRDA:129,1,0,0
BRDA:129,1,1,0
BRF:4
BRH:0
end_of_record
TN:
SF:/Users/jzimmerman/github/bestrida-rn/src/components/CompletedChallengeDetail.js
FN:11,secondsToTime
FN:35,(anonymous_1)
FNF:2
FNH:2
FNDA:2,secondsToTime
FNDA:1,(anonymous_1)
DA:12,2
DA:13,2
DA:15,2
DA:16,2
DA:18,2
DA:19,2
DA:21,2
DA:22,2
DA:23,2
DA:27,2
DA:28,2
DA:30,0
DA:32,2
DA:35,2
DA:36,1
DA:39,1
DA:41,0
DA:51,1
DA:130,1
DA:134,2
DA:136,2
LF:21
LH:19
BRDA:21,0,0,0
BRDA:21,0,1,2
BRDA:22,1,0,0
BRDA:22,1,1,2
BRDA:23,2,0,0
BRDA:23,2,1,2
BRDA:27,3,0,2
BRDA:27,3,1,0
BRDA:27,4,0,2
BRDA:27,4,1,0
BRDA:27,4,2,0
BRDA:39,5,0,0
BRDA:39,5,1,1
BRDA:39,6,0,1
BRDA:39,6,1,1
BRDA:57,7,0,0
BRDA:57,7,1,1
BRDA:84,8,0,0
BRDA:84,8,1,1
BRDA:88,9,0,0
BRDA:88,9,1,1
BRDA:93,10,0,0
BRDA:93,10,1,1
BRDA:99,11,0,0
BRDA:99,11,1,1
BRDA:104,12,0,0
BRDA:104,12,1,1
BRDA:108,13,0,0
BRDA:108,13,1,1
BRDA:113,14,0,0
BRDA:113,14,1,1
BRDA:117,15,0,0
BRDA:117,15,1,1
BRF:33
BRH:17
end_of_record
TN:
SF:/Users/jzimmerman/github/bestrida-rn/src/components/CompletedChallenges.js
FN:16,(anonymous_0)
FN:20,(anonymous_1)
FN:31,(anonymous_2)
FN:38,(anonymous_3)
FN:44,(anonymous_4)
FN:52,(anonymous_5)
FN:62,(anonymous_6)
FN:76,(anonymous_7)
FN:77,(anonymous_8)
FN:119,(anonymous_9)
FNF:10
FNH:3
FNDA:0,(anonymous_0)
FNDA:1,(anonymous_1)
FNDA:1,(anonymous_2)
FNDA:0,(anonymous_3)
FNDA:0,(anonymous_4)
FNDA:0,(anonymous_5)
FNDA:1,(anonymous_6)
FNDA:0,(anonymous_7)
FNDA:0,(anonymous_8)
FNDA:0,(anonymous_9)
DA:16,1
DA:17,1
DA:21,1
DA:23,1
DA:27,1
DA:28,1
DA:32,1
DA:33,1
DA:39,0
DA:45,0
DA:46,0
DA:53,0
DA:54,0
DA:55,0
DA:56,0
DA:63,1
DA:77,0
DA:106,1
DA:108,1
DA:119,1
LF:20
LH:12
BRDA:82,0,0,0
BRDA:82,0,1,0
BRF:2
BRH:0
end_of_record
TN:
SF:/Users/jzimmerman/github/bestrida-rn/src/components/PendingChallengeDetail.js
FN:14,(anonymous_0)
FN:20,(anonymous_1)
FN:27,(anonymous_2)
FN:34,(anonymous_3)
FN:95,(anonymous_4)
FN:100,(anonymous_5)
FN:106,(anonymous_6)
FN:125,(anonymous_7)
FNF:8
FNH:2
FNDA:1,(anonymous_0)
FNDA:0,(anonymous_1)
FNDA:0,(anonymous_2)
FNDA:1,(anonymous_3)
FNDA:0,(anonymous_4)
FNDA:0,(anonymous_5)
FNDA:0,(anonymous_6)
FNDA:0,(anonymous_7)
DA:15,1
DA:16,1
DA:17,1
DA:21,0
DA:22,0
DA:23,0
DA:24,0
DA:28,0
DA:29,0
DA:30,0
DA:31,0
DA:35,1
DA:36,1
DA:95,0
DA:100,0
DA:106,0
DA:116,2
DA:118,2
DA:125,2
LF:19
LH:8
BRDA:64,0,0,0
BRDA:64,0,1,1
BRDA:71,1,0,1
BRDA:71,1,1,1
BRDA:81,2,0,1
BRDA:81,2,1,1
BRDA:92,3,0,1
BRDA:92,3,1,0
BRF:8
BRH:6
end_of_record
TN:
SF:/Users/jzimmerman/github/bestrida-rn/src/components/Settings.js
FN:34,(anonymous_0)
FN:39,(anonymous_1)
FN:44,(anonymous_2)
FN:63,(anonymous_3)
FNF:4
FNH:2
FNDA:1,(anonymous_0)
FNDA:0,(anonymous_1)
FNDA:1,(anonymous_2)
FNDA:0,(anonymous_3)
DA:15,1
DA:16,1
DA:35,1
DA:36,1
DA:40,0
DA:41,0
DA:45,1
DA:56,1
DA:58,1
DA:63,1
LF:10
LH:8
BRDA:15,0,0,1
BRDA:15,0,1,0
BRF:2
BRH:1
end_of_record
TN:
SF:/Users/jzimmerman/github/bestrida-rn/src/constants/challenges.js
FNF:0
FNH:0
DA:1,5
DA:2,5
DA:3,5
DA:4,5
DA:5,5
DA:6,5
DA:7,5
DA:8,5
DA:9,5
DA:10,5
DA:11,5
DA:12,5
DA:13,5
DA:14,5
DA:15,5
DA:16,5
DA:17,5
DA:18,5
LF:18
LH:18
BRF:0
BRH:0
end_of_record
TN:
SF:/Users/jzimmerman/github/bestrida-rn/src/constants/navigation.js
FNF:0
FNH:0
DA:1,6
LF:1
LH:1
BRF:0
BRH:0
end_of_record
TN:
SF:/Users/jzimmerman/github/bestrida-rn/src/constants/user.js
FNF:0
FNH:0
DA:1,1
DA:2,1
DA:3,1
DA:4,1
DA:5,1
DA:6,1
DA:7,1
DA:8,1
DA:9,1
DA:10,1
LF:10
LH:10
BRF:0
BRH:0
end_of_record
TN:
SF:/Users/jzimmerman/github/bestrida-rn/src/styles/completedStyles.js
FNF:0
FNH:0
DA:4,2
DA:5,2
DA:47,0
DA:90,2
LF:4
LH:3
BRDA:4,0,0,2
BRDA:4,0,1,0
BRF:2
BRH:1
end_of_record
TN:
SF:/Users/jzimmerman/github/bestrida-rn/src/styles/feedStyles.js
FNF:0
FNH:0
DA:4,1
DA:5,1
DA:70,0
DA:136,1
LF:4
LH:3
BRDA:4,0,0,1
BRDA:4,0,1,0
BRF:2
BRH:1
end_of_record
TN:
SF:/Users/jzimmerman/github/bestrida-rn/src/styles/pendingStyles.js
FNF:0
FNH:0
DA:4,2
DA:5,2
DA:45,0
DA:88,2
LF:4
LH:3
BRDA:4,0,0,2
BRDA:4,0,1,0
BRF:2
BRH:1
end_of_record
TN:
SF:/Users/jzimmerman/github/bestrida-rn/src/styles/styles.js
FNF:0
FNH:0
DA:3,7
DA:5,7
DA:6,7
DA:157,0
DA:309,7
LF:5
LH:4
BRDA:5,0,0,7
BRDA:5,0,1,0
BRF:2
BRH:1
end_of_record
